2020-12-21 20:30:07 |INFO  |restartedMain |DeferredLog.java:225 |org.springframework.boot.devtools.env.DevToolsPropertyDefaultsPostProcessor |Devtools property defaults active! Set 'spring.devtools.add-properties' to 'false' to disable
2020-12-21 20:30:07 |INFO  |restartedMain |PostProcessorRegistrationDelegate.java:335 |org.springframework.context.support.PostProcessorRegistrationDelegate$BeanPostProcessorChecker |Bean 'configurationPropertiesRebinderAutoConfiguration' of type [org.springframework.cloud.autoconfigure.ConfigurationPropertiesRebinderAutoConfiguration$$EnhancerBySpringCGLIB$$6ed7086] is not eligible for getting processed by all BeanPostProcessors (for example: not eligible for auto-proxying)
2020-12-21 20:30:08 |INFO  |restartedMain |SpringApplication.java:651 |com.zlimbo.bcweb.BcwebApplication |No active profile set, falling back to default profiles: default
2020-12-21 20:30:08 |DEBUG |restartedMain |MybatisAutoConfiguration.java:184 |org.mybatis.spring.boot.autoconfigure.MybatisAutoConfiguration |Searching for mappers annotated with @Mapper
2020-12-21 20:30:08 |DEBUG |restartedMain |MybatisAutoConfiguration.java:196 |org.mybatis.spring.boot.autoconfigure.MybatisAutoConfiguration |Using auto-configuration base package 'com.zlimbo.bcweb'
2020-12-21 20:30:08 |WARN  |restartedMain |ClassPathMapperScanner.java:166 |org.mybatis.spring.mapper.ClassPathMapperScanner |No MyBatis mapper was found in '[com.zlimbo.bcweb]' package. Please check your configuration.
2020-12-21 20:30:08 |INFO  |restartedMain |GenericScope.java:294 |org.springframework.cloud.context.scope.GenericScope |BeanFactory id=99535493-3616-3448-96a2-1a7a057a7552
2020-12-21 20:30:08 |INFO  |restartedMain |PostProcessorRegistrationDelegate.java:335 |org.springframework.context.support.PostProcessorRegistrationDelegate$BeanPostProcessorChecker |Bean 'org.springframework.cloud.autoconfigure.ConfigurationPropertiesRebinderAutoConfiguration' of type [org.springframework.cloud.autoconfigure.ConfigurationPropertiesRebinderAutoConfiguration$$EnhancerBySpringCGLIB$$6ed7086] is not eligible for getting processed by all BeanPostProcessors (for example: not eligible for auto-proxying)
2020-12-21 20:30:09 |INFO  |restartedMain |TomcatWebServer.java:108 |org.springframework.boot.web.embedded.tomcat.TomcatWebServer |Tomcat initialized with port(s): 8082 (http)
2020-12-21 20:30:09 |INFO  |restartedMain |DirectJDKLog.java:173 |org.apache.coyote.http11.Http11NioProtocol |Initializing ProtocolHandler ["http-nio-8082"]
2020-12-21 20:30:09 |INFO  |restartedMain |DirectJDKLog.java:173 |org.apache.catalina.core.StandardService |Starting service [Tomcat]
2020-12-21 20:30:09 |INFO  |restartedMain |DirectJDKLog.java:173 |org.apache.catalina.core.StandardEngine |Starting Servlet engine: [Apache Tomcat/9.0.38]
2020-12-21 20:30:09 |INFO  |restartedMain |DirectJDKLog.java:173 |org.apache.catalina.core.ContainerBase.[Tomcat].[localhost].[/] |Initializing Spring embedded WebApplicationContext
2020-12-21 20:30:09 |INFO  |restartedMain |ServletWebServerApplicationContext.java:285 |org.springframework.boot.web.servlet.context.ServletWebServerApplicationContext |Root WebApplicationContext: initialization completed in 1161 ms
2020-12-21 20:30:10 |WARN  |restartedMain |ArchaiusAutoConfiguration.java:151 |org.springframework.cloud.netflix.archaius.ArchaiusAutoConfiguration |No spring.application.name found, defaulting to 'application'
2020-12-21 20:30:10 |WARN  |restartedMain |URLConfigurationSource.java:120 |com.netflix.config.sources.URLConfigurationSource |No URLs will be polled as dynamic configuration sources.
2020-12-21 20:30:10 |INFO  |restartedMain |URLConfigurationSource.java:121 |com.netflix.config.sources.URLConfigurationSource |To enable URLs as dynamic configuration sources, define System property archaius.configurationSource.additionalUrls or make config.properties available on classpath.
2020-12-21 20:30:10 |WARN  |restartedMain |URLConfigurationSource.java:120 |com.netflix.config.sources.URLConfigurationSource |No URLs will be polled as dynamic configuration sources.
2020-12-21 20:30:10 |INFO  |restartedMain |URLConfigurationSource.java:121 |com.netflix.config.sources.URLConfigurationSource |To enable URLs as dynamic configuration sources, define System property archaius.configurationSource.additionalUrls or make config.properties available on classpath.
2020-12-21 20:30:10 |INFO  |restartedMain |ExecutorConfigurationSupport.java:181 |org.springframework.scheduling.concurrent.ThreadPoolTaskExecutor |Initializing ExecutorService 'applicationTaskExecutor'
2020-12-21 20:30:10 |INFO  |restartedMain |WelcomePageHandlerMapping.java:58 |org.springframework.boot.autoconfigure.web.servlet.WelcomePageHandlerMapping |Adding welcome page template: index
2020-12-21 20:30:10 |WARN  |restartedMain |TemplateMode.java:150 |org.thymeleaf.templatemode.TemplateMode |[THYMELEAF][restartedMain] Template Mode 'HTML5' is deprecated. Using Template Mode 'HTML' instead.
2020-12-21 20:30:10 |DEBUG |restartedMain |MybatisAutoConfiguration.java:234 |org.mybatis.spring.boot.autoconfigure.MybatisAutoConfiguration |No org.mybatis.spring.mapper.MapperFactoryBean found.
2020-12-21 20:30:10 |DEBUG |restartedMain |LogFactory.java:135 |org.apache.ibatis.logging.LogFactory |Logging initialized using 'class org.apache.ibatis.logging.slf4j.Slf4jImpl' adapter.
2020-12-21 20:30:10 |DEBUG |restartedMain |SqlSessionFactoryBean.java:534 |org.mybatis.spring.SqlSessionFactoryBean |Property 'mapperLocations' was not specified or no matching resources found
2020-12-21 20:30:10 |INFO  |restartedMain |OptionalLiveReloadServer.java:58 |org.springframework.boot.devtools.autoconfigure.OptionalLiveReloadServer |LiveReload server is running on port 35729
2020-12-21 20:30:11 |INFO  |restartedMain |DirectJDKLog.java:173 |org.apache.coyote.http11.Http11NioProtocol |Starting ProtocolHandler ["http-nio-8082"]
2020-12-21 20:30:11 |INFO  |restartedMain |TomcatWebServer.java:220 |org.springframework.boot.web.embedded.tomcat.TomcatWebServer |Tomcat started on port(s): 8082 (http) with context path ''
2020-12-21 20:30:11 |INFO  |restartedMain |StartupInfoLogger.java:61 |com.zlimbo.bcweb.BcwebApplication |Started BcwebApplication in 4.761 seconds (JVM running for 6.189)
2020-12-21 20:30:11 |INFO  |http-nio-8082-exec-2 |DirectJDKLog.java:173 |org.apache.catalina.core.ContainerBase.[Tomcat].[localhost].[/] |Initializing Spring DispatcherServlet 'dispatcherServlet'
2020-12-21 20:30:11 |INFO  |http-nio-8082-exec-2 |FrameworkServlet.java:525 |org.springframework.web.servlet.DispatcherServlet |Initializing Servlet 'dispatcherServlet'
2020-12-21 20:30:11 |INFO  |http-nio-8082-exec-2 |FrameworkServlet.java:547 |org.springframework.web.servlet.DispatcherServlet |Completed initialization in 7 ms
2020-12-21 20:30:11 |DEBUG |http-nio-8082-exec-2 |TemplateEngine.java:325 |org.thymeleaf.TemplateEngine |[THYMELEAF] INITIALIZING TEMPLATE ENGINE
2020-12-21 20:30:12 |DEBUG |http-nio-8082-exec-2 |ConfigurationPrinterHelper.java:158 |org.thymeleaf.TemplateEngine.CONFIG |Initializing Thymeleaf Template engine configuration...
[THYMELEAF] TEMPLATE ENGINE CONFIGURATION:
[THYMELEAF] * Thymeleaf version: 3.0.11.RELEASE (built 2018-10-28T22:35:28+0000)
[THYMELEAF] * Cache Manager implementation: org.thymeleaf.cache.StandardCacheManager
[THYMELEAF] * Template resolvers:
[THYMELEAF]     * org.thymeleaf.spring5.templateresolver.SpringResourceTemplateResolver
[THYMELEAF] * Message resolvers:
[THYMELEAF]     * org.thymeleaf.spring5.messageresolver.SpringMessageResolver
[THYMELEAF] * Link builders:
[THYMELEAF]     * org.thymeleaf.linkbuilder.StandardLinkBuilder
[THYMELEAF] * Dialect [1 of 3]: SpringStandard (org.thymeleaf.spring5.dialect.SpringStandardDialect)
[THYMELEAF]     * Prefix: "th"
[THYMELEAF]     * Processors for Template Mode: HTML
[THYMELEAF]         * Element Tag Processors by [matching element and attribute name] [precedence]:
[THYMELEAF]             * [* {th:include,data-th-include}] [100]: org.thymeleaf.standard.processor.StandardIncludeTagProcessor
[THYMELEAF]             * [* {th:insert,data-th-insert}] [100]: org.thymeleaf.standard.processor.StandardInsertTagProcessor
[THYMELEAF]             * [* {th:replace,data-th-replace}] [100]: org.thymeleaf.standard.processor.StandardReplaceTagProcessor
[THYMELEAF]             * [* {th:substituteby,data-th-substituteby}] [100]: org.thymeleaf.standard.processor.StandardSubstituteByTagProcessor
[THYMELEAF]             * [* {th:each,data-th-each}] [200]: org.thymeleaf.standard.processor.StandardEachTagProcessor
[THYMELEAF]             * [* {th:switch,data-th-switch}] [250]: org.thymeleaf.standard.processor.StandardSwitchTagProcessor
[THYMELEAF]             * [* {th:case,data-th-case}] [275]: org.thymeleaf.standard.processor.StandardCaseTagProcessor
[THYMELEAF]             * [* {th:if,data-th-if}] [300]: org.thymeleaf.standard.processor.StandardIfTagProcessor
[THYMELEAF]             * [* {th:unless,data-th-unless}] [400]: org.thymeleaf.standard.processor.StandardUnlessTagProcessor
[THYMELEAF]             * [* {th:object,data-th-object}] [500]: org.thymeleaf.spring5.processor.SpringObjectTagProcessor
[THYMELEAF]             * [* {th:with,data-th-with}] [600]: org.thymeleaf.standard.processor.StandardWithTagProcessor
[THYMELEAF]             * [* {th:attr,data-th-attr}] [700]: org.thymeleaf.standard.processor.StandardAttrTagProcessor
[THYMELEAF]             * [* {th:attrprepend,data-th-attrprepend}] [800]: org.thymeleaf.standard.processor.StandardAttrprependTagProcessor
[THYMELEAF]             * [* {th:attrappend,data-th-attrappend}] [900]: org.thymeleaf.standard.processor.StandardAttrappendTagProcessor
[THYMELEAF]             * [* {th:method,data-th-method}] [990]: org.thymeleaf.spring5.processor.SpringMethodTagProcessor
[THYMELEAF]             * [* {th:alt-title,data-th-alt-title}] [990]: org.thymeleaf.standard.processor.StandardAltTitleTagProcessor
[THYMELEAF]             * [* {th:lang-xmllang,data-th-lang-xmllang}] [990]: org.thymeleaf.standard.processor.StandardLangXmlLangTagProcessor
[THYMELEAF]             * [* {th:action,data-th-action}] [1000]: org.thymeleaf.spring5.processor.SpringActionTagProcessor
[THYMELEAF]             * [* {th:href,data-th-href}] [1000]: org.thymeleaf.spring5.processor.SpringHrefTagProcessor
[THYMELEAF]             * [* {th:src,data-th-src}] [1000]: org.thymeleaf.spring5.processor.SpringSrcTagProcessor
[THYMELEAF]             * [* {th:reversed,data-th-reversed}] [1000]: org.thymeleaf.standard.processor.StandardConditionalFixedValueTagProcessor
[THYMELEAF]             * [* {th:ismap,data-th-ismap}] [1000]: org.thymeleaf.standard.processor.StandardConditionalFixedValueTagProcessor
[THYMELEAF]             * [* {th:formnovalidate,data-th-formnovalidate}] [1000]: org.thymeleaf.standard.processor.StandardConditionalFixedValueTagProcessor
[THYMELEAF]             * [* {th:scoped,data-th-scoped}] [1000]: org.thymeleaf.standard.processor.StandardConditionalFixedValueTagProcessor
[THYMELEAF]             * [* {th:declare,data-th-declare}] [1000]: org.thymeleaf.standard.processor.StandardConditionalFixedValueTagProcessor
[THYMELEAF]             * [* {th:multiple,data-th-multiple}] [1000]: org.thymeleaf.standard.processor.StandardConditionalFixedValueTagProcessor
[THYMELEAF]             * [* {th:controls,data-th-controls}] [1000]: org.thymeleaf.standard.processor.StandardConditionalFixedValueTagProcessor
[THYMELEAF]             * [* {th:hidden,data-th-hidden}] [1000]: org.thymeleaf.standard.processor.StandardConditionalFixedValueTagProcessor
[THYMELEAF]             * [* {th:required,data-th-required}] [1000]: org.thymeleaf.standard.processor.StandardConditionalFixedValueTagProcessor
[THYMELEAF]             * [* {th:async,data-th-async}] [1000]: org.thymeleaf.standard.processor.StandardConditionalFixedValueTagProcessor
[THYMELEAF]             * [* {th:autofocus,data-th-autofocus}] [1000]: org.thymeleaf.standard.processor.StandardConditionalFixedValueTagProcessor
[THYMELEAF]             * [* {th:open,data-th-open}] [1000]: org.thymeleaf.standard.processor.StandardConditionalFixedValueTagProcessor
[THYMELEAF]             * [* {th:checked,data-th-checked}] [1000]: org.thymeleaf.standard.processor.StandardConditionalFixedValueTagProcessor
[THYMELEAF]             * [* {th:selected,data-th-selected}] [1000]: org.thymeleaf.standard.processor.StandardConditionalFixedValueTagProcessor
[THYMELEAF]             * [* {th:disabled,data-th-disabled}] [1000]: org.thymeleaf.standard.processor.StandardConditionalFixedValueTagProcessor
[THYMELEAF]             * [* {th:pubdate,data-th-pubdate}] [1000]: org.thymeleaf.standard.processor.StandardConditionalFixedValueTagProcessor
[THYMELEAF]             * [* {th:nowrap,data-th-nowrap}] [1000]: org.thymeleaf.standard.processor.StandardConditionalFixedValueTagProcessor
[THYMELEAF]             * [* {th:readonly,data-th-readonly}] [1000]: org.thymeleaf.standard.processor.StandardConditionalFixedValueTagProcessor
[THYMELEAF]             * [* {th:loop,data-th-loop}] [1000]: org.thymeleaf.standard.processor.StandardConditionalFixedValueTagProcessor
[THYMELEAF]             * [* {th:autoplay,data-th-autoplay}] [1000]: org.thymeleaf.standard.processor.StandardConditionalFixedValueTagProcessor
[THYMELEAF]             * [* {th:default,data-th-default}] [1000]: org.thymeleaf.standard.processor.StandardConditionalFixedValueTagProcessor
[THYMELEAF]             * [* {th:seamless,data-th-seamless}] [1000]: org.thymeleaf.standard.processor.StandardConditionalFixedValueTagProcessor
[THYMELEAF]             * [* {th:defer,data-th-defer}] [1000]: org.thymeleaf.standard.processor.StandardConditionalFixedValueTagProcessor
[THYMELEAF]             * [* {th:novalidate,data-th-novalidate}] [1000]: org.thymeleaf.standard.processor.StandardConditionalFixedValueTagProcessor
[THYMELEAF]             * [* {th:onbeforeunload,data-th-onbeforeunload}] [1000]: org.thymeleaf.standard.processor.StandardDOMEventAttributeTagProcessor
[THYMELEAF]             * [* {th:onstorage,data-th-onstorage}] [1000]: org.thymeleaf.standard.processor.StandardDOMEventAttributeTagProcessor
[THYMELEAF]             * [* {th:ononline,data-th-ononline}] [1000]: org.thymeleaf.standard.processor.StandardDOMEventAttributeTagProcessor
[THYMELEAF]             * [* {th:ondrop,data-th-ondrop}] [1000]: org.thymeleaf.standard.processor.StandardDOMEventAttributeTagProcessor
[THYMELEAF]             * [* {th:onplaying,data-th-onplaying}] [1000]: org.thymeleaf.standard.processor.StandardDOMEventAttributeTagProcessor
[THYMELEAF]             * [* {th:onstalled,data-th-onstalled}] [1000]: org.thymeleaf.standard.processor.StandardDOMEventAttributeTagProcessor
[THYMELEAF]             * [* {th:ondurationchange,data-th-ondurationchange}] [1000]: org.thymeleaf.standard.processor.StandardDOMEventAttributeTagProcessor
[THYMELEAF]             * [* {th:onmousemove,data-th-onmousemove}] [1000]: org.thymeleaf.standard.processor.StandardDOMEventAttributeTagProcessor
[THYMELEAF]             * [* {th:onclick,data-th-onclick}] [1000]: org.thymeleaf.standard.processor.StandardDOMEventAttributeTagProcessor
[THYMELEAF]             * [* {th:ondblclick,data-th-ondblclick}] [1000]: org.thymeleaf.standard.processor.StandardDOMEventAttributeTagProcessor
[THYMELEAF]             * [* {th:onchange,data-th-onchange}] [1000]: org.thymeleaf.standard.processor.StandardDOMEventAttributeTagProcessor
[THYMELEAF]             * [* {th:onunload,data-th-onunload}] [1000]: org.thymeleaf.standard.processor.StandardDOMEventAttributeTagProcessor
[THYMELEAF]             * [* {th:ondragover,data-th-ondragover}] [1000]: org.thymeleaf.standard.processor.StandardDOMEventAttributeTagProcessor
[THYMELEAF]             * [* {th:onloadstart,data-th-onloadstart}] [1000]: org.thymeleaf.standard.processor.StandardDOMEventAttributeTagProcessor
[THYMELEAF]             * [* {th:onkeyup,data-th-onkeyup}] [1000]: org.thymeleaf.standard.processor.StandardDOMEventAttributeTagProcessor
[THYMELEAF]             * [* {th:onoffline,data-th-onoffline}] [1000]: org.thymeleaf.standard.processor.StandardDOMEventAttributeTagProcessor
[THYMELEAF]             * [* {th:onformchange,data-th-onformchange}] [1000]: org.thymeleaf.standard.processor.StandardDOMEventAttributeTagProcessor
[THYMELEAF]             * [* {th:onseeked,data-th-onseeked}] [1000]: org.thymeleaf.standard.processor.StandardDOMEventAttributeTagProcessor
[THYMELEAF]             * [* {th:ondragstart,data-th-ondragstart}] [1000]: org.thymeleaf.standard.processor.StandardDOMEventAttributeTagProcessor
[THYMELEAF]             * [* {th:onsubmit,data-th-onsubmit}] [1000]: org.thymeleaf.standard.processor.StandardDOMEventAttributeTagProcessor
[THYMELEAF]             * [* {th:onmousewheel,data-th-onmousewheel}] [1000]: org.thymeleaf.standard.processor.StandardDOMEventAttributeTagProcessor
[THYMELEAF]             * [* {th:onvolumechange,data-th-onvolumechange}] [1000]: org.thymeleaf.standard.processor.StandardDOMEventAttributeTagProcessor
[THYMELEAF]             * [* {th:onpause,data-th-onpause}] [1000]: org.thymeleaf.standard.processor.StandardDOMEventAttributeTagProcessor
[THYMELEAF]             * [* {th:onredo,data-th-onredo}] [1000]: org.thymeleaf.standard.processor.StandardDOMEventAttributeTagProcessor
[THYMELEAF]             * [* {th:ondragend,data-th-ondragend}] [1000]: org.thymeleaf.standard.processor.StandardDOMEventAttributeTagProcessor
[THYMELEAF]             * [* {th:onabort,data-th-onabort}] [1000]: org.thymeleaf.standard.processor.StandardDOMEventAttributeTagProcessor
[THYMELEAF]             * [* {th:onselect,data-th-onselect}] [1000]: org.thymeleaf.standard.processor.StandardDOMEventAttributeTagProcessor
[THYMELEAF]             * [* {th:onemptied,data-th-onemptied}] [1000]: org.thymeleaf.standard.processor.StandardDOMEventAttributeTagProcessor
[THYMELEAF]             * [* {th:onshow,data-th-onshow}] [1000]: org.thymeleaf.standard.processor.StandardDOMEventAttributeTagProcessor
[THYMELEAF]             * [* {th:onmessage,data-th-onmessage}] [1000]: org.thymeleaf.standard.processor.StandardDOMEventAttributeTagProcessor
[THYMELEAF]             * [* {th:oninput,data-th-oninput}] [1000]: org.thymeleaf.standard.processor.StandardDOMEventAttributeTagProcessor
[THYMELEAF]             * [* {th:onmouseover,data-th-onmouseover}] [1000]: org.thymeleaf.standard.processor.StandardDOMEventAttributeTagProcessor
[THYMELEAF]             * [* {th:ondrag,data-th-ondrag}] [1000]: org.thymeleaf.standard.processor.StandardDOMEventAttributeTagProcessor
[THYMELEAF]             * [* {th:ondragleave,data-th-ondragleave}] [1000]: org.thymeleaf.standard.processor.StandardDOMEventAttributeTagProcessor
[THYMELEAF]             * [* {th:onforminput,data-th-onforminput}] [1000]: org.thymeleaf.standard.processor.StandardDOMEventAttributeTagProcessor
[THYMELEAF]             * [* {th:onratechange,data-th-onratechange}] [1000]: org.thymeleaf.standard.processor.StandardDOMEventAttributeTagProcessor
[THYMELEAF]             * [* {th:onplay,data-th-onplay}] [1000]: org.thymeleaf.standard.processor.StandardDOMEventAttributeTagProcessor
[THYMELEAF]             * [* {th:onerror,data-th-onerror}] [1000]: org.thymeleaf.standard.processor.StandardDOMEventAttributeTagProcessor
[THYMELEAF]             * [* {th:onresize,data-th-onresize}] [1000]: org.thymeleaf.standard.processor.StandardDOMEventAttributeTagProcessor
[THYMELEAF]             * [* {th:onreadystatechange,data-th-onreadystatechange}] [1000]: org.thymeleaf.standard.processor.StandardDOMEventAttributeTagProcessor
[THYMELEAF]             * [* {th:onblur,data-th-onblur}] [1000]: org.thymeleaf.standard.processor.StandardDOMEventAttributeTagProcessor
[THYMELEAF]             * [* {th:onload,data-th-onload}] [1000]: org.thymeleaf.standard.processor.StandardDOMEventAttributeTagProcessor
[THYMELEAF]             * [* {th:onwaiting,data-th-onwaiting}] [1000]: org.thymeleaf.standard.processor.StandardDOMEventAttributeTagProcessor
[THYMELEAF]             * [* {th:onloadeddata,data-th-onloadeddata}] [1000]: org.thymeleaf.standard.processor.StandardDOMEventAttributeTagProcessor
[THYMELEAF]             * [* {th:onsuspend,data-th-onsuspend}] [1000]: org.thymeleaf.standard.processor.StandardDOMEventAttributeTagProcessor
[THYMELEAF]             * [* {th:oncontextmenu,data-th-oncontextmenu}] [1000]: org.thymeleaf.standard.processor.StandardDOMEventAttributeTagProcessor
[THYMELEAF]             * [* {th:onfocus,data-th-onfocus}] [1000]: org.thymeleaf.standard.processor.StandardDOMEventAttributeTagProcessor
[THYMELEAF]             * [* {th:onmousedown,data-th-onmousedown}] [1000]: org.thymeleaf.standard.processor.StandardDOMEventAttributeTagProcessor
[THYMELEAF]             * [* {th:oncanplay,data-th-oncanplay}] [1000]: org.thymeleaf.standard.processor.StandardDOMEventAttributeTagProcessor
[THYMELEAF]             * [* {th:onmouseout,data-th-onmouseout}] [1000]: org.thymeleaf.standard.processor.StandardDOMEventAttributeTagProcessor
[THYMELEAF]             * [* {th:onreset,data-th-onreset}] [1000]: org.thymeleaf.standard.processor.StandardDOMEventAttributeTagProcessor
[THYMELEAF]             * [* {th:onended,data-th-onended}] [1000]: org.thymeleaf.standard.processor.StandardDOMEventAttributeTagProcessor
[THYMELEAF]             * [* {th:oninvalid,data-th-oninvalid}] [1000]: org.thymeleaf.standard.processor.StandardDOMEventAttributeTagProcessor
[THYMELEAF]             * [* {th:onbeforeprint,data-th-onbeforeprint}] [1000]: org.thymeleaf.standard.processor.StandardDOMEventAttributeTagProcessor
[THYMELEAF]             * [* {th:onkeypress,data-th-onkeypress}] [1000]: org.thymeleaf.standard.processor.StandardDOMEventAttributeTagProcessor
[THYMELEAF]             * [* {th:onkeydown,data-th-onkeydown}] [1000]: org.thymeleaf.standard.processor.StandardDOMEventAttributeTagProcessor
[THYMELEAF]             * [* {th:onscroll,data-th-onscroll}] [1000]: org.thymeleaf.standard.processor.StandardDOMEventAttributeTagProcessor
[THYMELEAF]             * [* {th:onprogress,data-th-onprogress}] [1000]: org.thymeleaf.standard.processor.StandardDOMEventAttributeTagProcessor
[THYMELEAF]             * [* {th:onundo,data-th-onundo}] [1000]: org.thymeleaf.standard.processor.StandardDOMEventAttributeTagProcessor
[THYMELEAF]             * [* {th:onhashchange,data-th-onhashchange}] [1000]: org.thymeleaf.standard.processor.StandardDOMEventAttributeTagProcessor
[THYMELEAF]             * [* {th:oncanplaythrough,data-th-oncanplaythrough}] [1000]: org.thymeleaf.standard.processor.StandardDOMEventAttributeTagProcessor
[THYMELEAF]             * [* {th:ondragenter,data-th-ondragenter}] [1000]: org.thymeleaf.standard.processor.StandardDOMEventAttributeTagProcessor
[THYMELEAF]             * [* {th:onloadedmetadata,data-th-onloadedmetadata}] [1000]: org.thymeleaf.standard.processor.StandardDOMEventAttributeTagProcessor
[THYMELEAF]             * [* {th:onpopstate,data-th-onpopstate}] [1000]: org.thymeleaf.standard.processor.StandardDOMEventAttributeTagProcessor
[THYMELEAF]             * [* {th:onafterprint,data-th-onafterprint}] [1000]: org.thymeleaf.standard.processor.StandardDOMEventAttributeTagProcessor
[THYMELEAF]             * [* {th:onmouseup,data-th-onmouseup}] [1000]: org.thymeleaf.standard.processor.StandardDOMEventAttributeTagProcessor
[THYMELEAF]             * [* {th:onseeking,data-th-onseeking}] [1000]: org.thymeleaf.standard.processor.StandardDOMEventAttributeTagProcessor
[THYMELEAF]             * [* {th:ontimeupdate,data-th-ontimeupdate}] [1000]: org.thymeleaf.standard.processor.StandardDOMEventAttributeTagProcessor
[THYMELEAF]             * [* {th:inline,data-th-inline}] [1000]: org.thymeleaf.standard.processor.StandardInlineHTMLTagProcessor
[THYMELEAF]             * [* {th:type,data-th-type}] [1000]: org.thymeleaf.standard.processor.StandardNonRemovableAttributeTagProcessor
[THYMELEAF]             * [* {th:name,data-th-name}] [1000]: org.thymeleaf.standard.processor.StandardNonRemovableAttributeTagProcessor
[THYMELEAF]             * [* {th:maxlength,data-th-maxlength}] [1000]: org.thymeleaf.standard.processor.StandardRemovableAttributeTagProcessor
[THYMELEAF]             * [* {th:codebase,data-th-codebase}] [1000]: org.thymeleaf.standard.processor.StandardRemovableAttributeTagProcessor
[THYMELEAF]             * [* {th:border,data-th-border}] [1000]: org.thymeleaf.standard.processor.StandardRemovableAttributeTagProcessor
[THYMELEAF]             * [* {th:hreflang,data-th-hreflang}] [1000]: org.thymeleaf.standard.processor.StandardRemovableAttributeTagProcessor
[THYMELEAF]             * [* {th:cols,data-th-cols}] [1000]: org.thymeleaf.standard.processor.StandardRemovableAttributeTagProcessor
[THYMELEAF]             * [* {th:vspace,data-th-vspace}] [1000]: org.thymeleaf.standard.processor.StandardRemovableAttributeTagProcessor
[THYMELEAF]             * [* {th:longdesc,data-th-longdesc}] [1000]: org.thymeleaf.standard.processor.StandardRemovableAttributeTagProcessor
[THYMELEAF]             * [* {th:step,data-th-step}] [1000]: org.thymeleaf.standard.processor.StandardRemovableAttributeTagProcessor
[THYMELEAF]             * [* {th:headers,data-th-headers}] [1000]: org.thymeleaf.standard.processor.StandardRemovableAttributeTagProcessor
[THYMELEAF]             * [* {th:hspace,data-th-hspace}] [1000]: org.thymeleaf.standard.processor.StandardRemovableAttributeTagProcessor
[THYMELEAF]             * [* {th:valuetype,data-th-valuetype}] [1000]: org.thymeleaf.standard.processor.StandardRemovableAttributeTagProcessor
[THYMELEAF]             * [* {th:rel,data-th-rel}] [1000]: org.thymeleaf.standard.processor.StandardRemovableAttributeTagProcessor
[THYMELEAF]             * [* {th:standby,data-th-standby}] [1000]: org.thymeleaf.standard.processor.StandardRemovableAttributeTagProcessor
[THYMELEAF]             * [* {th:background,data-th-background}] [1000]: org.thymeleaf.standard.processor.StandardRemovableAttributeTagProcessor
[THYMELEAF]             * [* {th:list,data-th-list}] [1000]: org.thymeleaf.standard.processor.StandardRemovableAttributeTagProcessor
[THYMELEAF]             * [* {th:height,data-th-height}] [1000]: org.thymeleaf.standard.processor.StandardRemovableAttributeTagProcessor
[THYMELEAF]             * [* {th:marginheight,data-th-marginheight}] [1000]: org.thymeleaf.standard.processor.StandardRemovableAttributeTagProcessor
[THYMELEAF]             * [* {th:usemap,data-th-usemap}] [1000]: org.thymeleaf.standard.processor.StandardRemovableAttributeTagProcessor
[THYMELEAF]             * [* {th:charset,data-th-charset}] [1000]: org.thymeleaf.standard.processor.StandardRemovableAttributeTagProcessor
[THYMELEAF]             * [* {th:archive,data-th-archive}] [1000]: org.thymeleaf.standard.processor.StandardRemovableAttributeTagProcessor
[THYMELEAF]             * [* {th:challenge,data-th-challenge}] [1000]: org.thymeleaf.standard.processor.StandardRemovableAttributeTagProcessor
[THYMELEAF]             * [* {th:classid,data-th-classid}] [1000]: org.thymeleaf.standard.processor.StandardRemovableAttributeTagProcessor
[THYMELEAF]             * [* {th:rev,data-th-rev}] [1000]: org.thymeleaf.standard.processor.StandardRemovableAttributeTagProcessor
[THYMELEAF]             * [* {th:spellcheck,data-th-spellcheck}] [1000]: org.thymeleaf.standard.processor.StandardRemovableAttributeTagProcessor
[THYMELEAF]             * [* {th:autocomplete,data-th-autocomplete}] [1000]: org.thymeleaf.standard.processor.StandardRemovableAttributeTagProcessor
[THYMELEAF]             * [* {th:lang,data-th-lang}] [1000]: org.thymeleaf.standard.processor.StandardRemovableAttributeTagProcessor
[THYMELEAF]             * [* {th:sandbox,data-th-sandbox}] [1000]: org.thymeleaf.standard.processor.StandardRemovableAttributeTagProcessor
[THYMELEAF]             * [* {th:max,data-th-max}] [1000]: org.thymeleaf.standard.processor.StandardRemovableAttributeTagProcessor
[THYMELEAF]             * [* {th:summary,data-th-summary}] [1000]: org.thymeleaf.standard.processor.StandardRemovableAttributeTagProcessor
[THYMELEAF]             * [* {th:cellspacing,data-th-cellspacing}] [1000]: org.thymeleaf.standard.processor.StandardRemovableAttributeTagProcessor
[THYMELEAF]             * [* {th:cite,data-th-cite}] [1000]: org.thymeleaf.standard.processor.StandardRemovableAttributeTagProcessor
[THYMELEAF]             * [* {th:radiogroup,data-th-radiogroup}] [1000]: org.thymeleaf.standard.processor.StandardRemovableAttributeTagProcessor
[THYMELEAF]             * [* {th:dropzone,data-th-dropzone}] [1000]: org.thymeleaf.standard.processor.StandardRemovableAttributeTagProcessor
[THYMELEAF]             * [* {th:frameborder,data-th-frameborder}] [1000]: org.thymeleaf.standard.processor.StandardRemovableAttributeTagProcessor
[THYMELEAF]             * [* {th:accept-charset,data-th-accept-charset}] [1000]: org.thymeleaf.standard.processor.StandardRemovableAttributeTagProcessor
[THYMELEAF]             * [* {th:id,data-th-id}] [1000]: org.thymeleaf.standard.processor.StandardRemovableAttributeTagProcessor
[THYMELEAF]             * [* {th:compact,data-th-compact}] [1000]: org.thymeleaf.standard.processor.StandardRemovableAttributeTagProcessor
[THYMELEAF]             * [* {th:optimum,data-th-optimum}] [1000]: org.thymeleaf.standard.processor.StandardRemovableAttributeTagProcessor
[THYMELEAF]             * [* {th:manifest,data-th-manifest}] [1000]: org.thymeleaf.standard.processor.StandardRemovableAttributeTagProcessor
[THYMELEAF]             * [* {th:keytype,data-th-keytype}] [1000]: org.thymeleaf.standard.processor.StandardRemovableAttributeTagProcessor
[THYMELEAF]             * [* {th:target,data-th-target}] [1000]: org.thymeleaf.standard.processor.StandardRemovableAttributeTagProcessor
[THYMELEAF]             * [* {th:bgcolor,data-th-bgcolor}] [1000]: org.thymeleaf.standard.processor.StandardRemovableAttributeTagProcessor
[THYMELEAF]             * [* {th:label,data-th-label}] [1000]: org.thymeleaf.standard.processor.StandardRemovableAttributeTagProcessor
[THYMELEAF]             * [* {th:align,data-th-align}] [1000]: org.thymeleaf.standard.processor.StandardRemovableAttributeTagProcessor
[THYMELEAF]             * [* {th:srclang,data-th-srclang}] [1000]: org.thymeleaf.standard.processor.StandardRemovableAttributeTagProcessor
[THYMELEAF]             * [* {th:formaction,data-th-formaction}] [1000]: org.thymeleaf.standard.processor.StandardRemovableAttributeTagProcessor
[THYMELEAF]             * [* {th:start,data-th-start}] [1000]: org.thymeleaf.standard.processor.StandardRemovableAttributeTagProcessor
[THYMELEAF]             * [* {th:icon,data-th-icon}] [1000]: org.thymeleaf.standard.processor.StandardRemovableAttributeTagProcessor
[THYMELEAF]             * [* {th:dir,data-th-dir}] [1000]: org.thymeleaf.standard.processor.StandardRemovableAttributeTagProcessor
[THYMELEAF]             * [* {th:colspan,data-th-colspan}] [1000]: org.thymeleaf.standard.processor.StandardRemovableAttributeTagProcessor
[THYMELEAF]             * [* {th:data,data-th-data}] [1000]: org.thymeleaf.standard.processor.StandardRemovableAttributeTagProcessor
[THYMELEAF]             * [* {th:class,data-th-class}] [1000]: org.thymeleaf.standard.processor.StandardRemovableAttributeTagProcessor
[THYMELEAF]             * [* {th:content,data-th-content}] [1000]: org.thymeleaf.standard.processor.StandardRemovableAttributeTagProcessor
[THYMELEAF]             * [* {th:size,data-th-size}] [1000]: org.thymeleaf.standard.processor.StandardRemovableAttributeTagProcessor
[THYMELEAF]             * [* {th:draggable,data-th-draggable}] [1000]: org.thymeleaf.standard.processor.StandardRemovableAttributeTagProcessor
[THYMELEAF]             * [* {th:span,data-th-span}] [1000]: org.thymeleaf.standard.processor.StandardRemovableAttributeTagProcessor
[THYMELEAF]             * [* {th:accept,data-th-accept}] [1000]: org.thymeleaf.standard.processor.StandardRemovableAttributeTagProcessor
[THYMELEAF]             * [* {th:axis,data-th-axis}] [1000]: org.thymeleaf.standard.processor.StandardRemovableAttributeTagProcessor
[THYMELEAF]             * [* {th:formtarget,data-th-formtarget}] [1000]: org.thymeleaf.standard.processor.StandardRemovableAttributeTagProcessor
[THYMELEAF]             * [* {th:accesskey,data-th-accesskey}] [1000]: org.thymeleaf.standard.processor.StandardRemovableAttributeTagProcessor
[THYMELEAF]             * [* {th:codetype,data-th-codetype}] [1000]: org.thymeleaf.standard.processor.StandardRemovableAttributeTagProcessor
[THYMELEAF]             * [* {th:style,data-th-style}] [1000]: org.thymeleaf.standard.processor.StandardRemovableAttributeTagProcessor
[THYMELEAF]             * [* {th:cellpadding,data-th-cellpadding}] [1000]: org.thymeleaf.standard.processor.StandardRemovableAttributeTagProcessor
[THYMELEAF]             * [* {th:poster,data-th-poster}] [1000]: org.thymeleaf.standard.processor.StandardRemovableAttributeTagProcessor
[THYMELEAF]             * [* {th:width,data-th-width}] [1000]: org.thymeleaf.standard.processor.StandardRemovableAttributeTagProcessor
[THYMELEAF]             * [* {th:kind,data-th-kind}] [1000]: org.thymeleaf.standard.processor.StandardRemovableAttributeTagProcessor
[THYMELEAF]             * [* {th:datetime,data-th-datetime}] [1000]: org.thymeleaf.standard.processor.StandardRemovableAttributeTagProcessor
[THYMELEAF]             * [* {th:marginwidth,data-th-marginwidth}] [1000]: org.thymeleaf.standard.processor.StandardRemovableAttributeTagProcessor
[THYMELEAF]             * [* {th:contenteditable,data-th-contenteditable}] [1000]: org.thymeleaf.standard.processor.StandardRemovableAttributeTagProcessor
[THYMELEAF]             * [* {th:scrolling,data-th-scrolling}] [1000]: org.thymeleaf.standard.processor.StandardRemovableAttributeTagProcessor
[THYMELEAF]             * [* {th:formmethod,data-th-formmethod}] [1000]: org.thymeleaf.standard.processor.StandardRemovableAttributeTagProcessor
[THYMELEAF]             * [* {th:frame,data-th-frame}] [1000]: org.thymeleaf.standard.processor.StandardRemovableAttributeTagProcessor
[THYMELEAF]             * [* {th:min,data-th-min}] [1000]: org.thymeleaf.standard.processor.StandardRemovableAttributeTagProcessor
[THYMELEAF]             * [* {th:rowspan,data-th-rowspan}] [1000]: org.thymeleaf.standard.processor.StandardRemovableAttributeTagProcessor
[THYMELEAF]             * [* {th:media,data-th-media}] [1000]: org.thymeleaf.standard.processor.StandardRemovableAttributeTagProcessor
[THYMELEAF]             * [* {th:rules,data-th-rules}] [1000]: org.thymeleaf.standard.processor.StandardRemovableAttributeTagProcessor
[THYMELEAF]             * [* {th:title,data-th-title}] [1000]: org.thymeleaf.standard.processor.StandardRemovableAttributeTagProcessor
[THYMELEAF]             * [* {th:low,data-th-low}] [1000]: org.thymeleaf.standard.processor.StandardRemovableAttributeTagProcessor
[THYMELEAF]             * [* {th:wrap,data-th-wrap}] [1000]: org.thymeleaf.standard.processor.StandardRemovableAttributeTagProcessor
[THYMELEAF]             * [* {th:scheme,data-th-scheme}] [1000]: org.thymeleaf.standard.processor.StandardRemovableAttributeTagProcessor
[THYMELEAF]             * [* {th:http-equiv,data-th-http-equiv}] [1000]: org.thymeleaf.standard.processor.StandardRemovableAttributeTagProcessor
[THYMELEAF]             * [* {th:abbr,data-th-abbr}] [1000]: org.thymeleaf.standard.processor.StandardRemovableAttributeTagProcessor
[THYMELEAF]             * [* {th:scope,data-th-scope}] [1000]: org.thymeleaf.standard.processor.StandardRemovableAttributeTagProcessor
[THYMELEAF]             * [* {th:tabindex,data-th-tabindex}] [1000]: org.thymeleaf.standard.processor.StandardRemovableAttributeTagProcessor
[THYMELEAF]             * [* {th:alt,data-th-alt}] [1000]: org.thymeleaf.standard.processor.StandardRemovableAttributeTagProcessor
[THYMELEAF]             * [* {th:formenctype,data-th-formenctype}] [1000]: org.thymeleaf.standard.processor.StandardRemovableAttributeTagProcessor
[THYMELEAF]             * [* {th:for,data-th-for}] [1000]: org.thymeleaf.standard.processor.StandardRemovableAttributeTagProcessor
[THYMELEAF]             * [* {th:audio,data-th-audio}] [1000]: org.thymeleaf.standard.processor.StandardRemovableAttributeTagProcessor
[THYMELEAF]             * [* {th:preload,data-th-preload}] [1000]: org.thymeleaf.standard.processor.StandardRemovableAttributeTagProcessor
[THYMELEAF]             * [* {th:sizes,data-th-sizes}] [1000]: org.thymeleaf.standard.processor.StandardRemovableAttributeTagProcessor
[THYMELEAF]             * [* {th:form,data-th-form}] [1000]: org.thymeleaf.standard.processor.StandardRemovableAttributeTagProcessor
[THYMELEAF]             * [* {th:pattern,data-th-pattern}] [1000]: org.thymeleaf.standard.processor.StandardRemovableAttributeTagProcessor
[THYMELEAF]             * [* {th:rows,data-th-rows}] [1000]: org.thymeleaf.standard.processor.StandardRemovableAttributeTagProcessor
[THYMELEAF]             * [* {th:enctype,data-th-enctype}] [1000]: org.thymeleaf.standard.processor.StandardRemovableAttributeTagProcessor
[THYMELEAF]             * [* {th:placeholder,data-th-placeholder}] [1000]: org.thymeleaf.standard.processor.StandardRemovableAttributeTagProcessor
[THYMELEAF]             * [* {th:contextmenu,data-th-contextmenu}] [1000]: org.thymeleaf.standard.processor.StandardRemovableAttributeTagProcessor
[THYMELEAF]             * [* {th:high,data-th-high}] [1000]: org.thymeleaf.standard.processor.StandardRemovableAttributeTagProcessor
[THYMELEAF]             * [* {th:xmlbase,data-th-xmlbase}] [1000]: org.thymeleaf.standard.processor.StandardXmlBaseTagProcessor
[THYMELEAF]             * [* {th:xmllang,data-th-xmllang}] [1000]: org.thymeleaf.standard.processor.StandardXmlLangTagProcessor
[THYMELEAF]             * [* {xmlns:th}] [1000]: org.thymeleaf.standard.processor.StandardXmlNsTagProcessor
[THYMELEAF]             * [* {th:xmlspace,data-th-xmlspace}] [1000]: org.thymeleaf.standard.processor.StandardXmlSpaceTagProcessor
[THYMELEAF]             * [{option} *] [1005]: org.thymeleaf.spring5.processor.SpringOptionInSelectFieldTagProcessor
[THYMELEAF]             * [* {th:value,data-th-value}] [1010]: org.thymeleaf.spring5.processor.SpringValueTagProcessor
[THYMELEAF]             * [* {th:classappend,data-th-classappend}] [1100]: org.thymeleaf.standard.processor.StandardClassappendTagProcessor
[THYMELEAF]             * [* {th:styleappend,data-th-styleappend}] [1100]: org.thymeleaf.standard.processor.StandardStyleappendTagProcessor
[THYMELEAF]             * [* {th:text,data-th-text}] [1300]: org.thymeleaf.standard.processor.StandardTextTagProcessor
[THYMELEAF]             * [* {th:utext,data-th-utext}] [1400]: org.thymeleaf.standard.processor.StandardUtextTagProcessor
[THYMELEAF]             * [* {th:fragment,data-th-fragment}] [1500]: org.thymeleaf.standard.processor.StandardFragmentTagProcessor
[THYMELEAF]             * [* {th:assert,data-th-assert}] [1550]: org.thymeleaf.standard.processor.StandardAssertTagProcessor
[THYMELEAF]             * [* {th:remove,data-th-remove}] [1600]: org.thymeleaf.standard.processor.StandardRemoveTagProcessor
[THYMELEAF]             * [* {th:errors,data-th-errors}] [1700]: org.thymeleaf.spring5.processor.SpringErrorsTagProcessor
[THYMELEAF]             * [{input} {th:field,data-th-field}] [1700]: org.thymeleaf.spring5.processor.SpringInputCheckboxFieldTagProcessor
[THYMELEAF]             * [{input} {th:field,data-th-field}] [1700]: org.thymeleaf.spring5.processor.SpringInputFileFieldTagProcessor
[THYMELEAF]             * [{input} {th:field,data-th-field}] [1700]: org.thymeleaf.spring5.processor.SpringInputGeneralFieldTagProcessor
[THYMELEAF]             * [{input} {th:field,data-th-field}] [1700]: org.thymeleaf.spring5.processor.SpringInputPasswordFieldTagProcessor
[THYMELEAF]             * [{input} {th:field,data-th-field}] [1700]: org.thymeleaf.spring5.processor.SpringInputRadioFieldTagProcessor
[THYMELEAF]             * [{option} {th:field,data-th-field}] [1700]: org.thymeleaf.spring5.processor.SpringOptionFieldTagProcessor
[THYMELEAF]             * [{select} {th:field,data-th-field}] [1700]: org.thymeleaf.spring5.processor.SpringSelectFieldTagProcessor
[THYMELEAF]             * [{textarea} {th:field,data-th-field}] [1700]: org.thymeleaf.spring5.processor.SpringTextareaFieldTagProcessor
[THYMELEAF]             * [* {th:uerrors,data-th-uerrors}] [1700]: org.thymeleaf.spring5.processor.SpringUErrorsTagProcessor
[THYMELEAF]             * [* {th:errorclass,data-th-errorclass}] [1800]: org.thymeleaf.spring5.processor.SpringErrorClassTagProcessor
[THYMELEAF]             * [* {th:ref,data-th-ref}] [10000]: org.thymeleaf.standard.processor.StandardRefAttributeTagProcessor
[THYMELEAF]             * [{th:block,th-block} *] [100000]: org.thymeleaf.standard.processor.StandardBlockTagProcessor
[THYMELEAF]             * [* th:*] [2147483647]: org.thymeleaf.standard.processor.StandardDefaultAttributesTagProcessor
[THYMELEAF]         * Text Processors by [precedence]:
[THYMELEAF]             * [1000]: org.thymeleaf.standard.processor.StandardInliningTextProcessor
[THYMELEAF]         * DOCTYPE Processors by [precedence]:
[THYMELEAF]             * [1000]: org.thymeleaf.standard.processor.StandardTranslationDocTypeProcessor
[THYMELEAF]         * CDATA Section Processors by [precedence]:
[THYMELEAF]             * [1000]: org.thymeleaf.standard.processor.StandardInliningCDATASectionProcessor
[THYMELEAF]         * Comment Processors by [precedence]:
[THYMELEAF]             * [1000]: org.thymeleaf.standard.processor.StandardInliningCommentProcessor
[THYMELEAF]             * [1100]: org.thymeleaf.standard.processor.StandardConditionalCommentProcessor
[THYMELEAF]     * Processors for Template Mode: XML
[THYMELEAF]         * Element Tag Processors by [matching element and attribute name] [precedence]:
[THYMELEAF]             * [* {th:include}] [100]: org.thymeleaf.standard.processor.StandardIncludeTagProcessor
[THYMELEAF]             * [* {th:insert}] [100]: org.thymeleaf.standard.processor.StandardInsertTagProcessor
[THYMELEAF]             * [* {th:replace}] [100]: org.thymeleaf.standard.processor.StandardReplaceTagProcessor
[THYMELEAF]             * [* {th:substituteby}] [100]: org.thymeleaf.standard.processor.StandardSubstituteByTagProcessor
[THYMELEAF]             * [* {th:each}] [200]: org.thymeleaf.standard.processor.StandardEachTagProcessor
[THYMELEAF]             * [* {th:switch}] [250]: org.thymeleaf.standard.processor.StandardSwitchTagProcessor
[THYMELEAF]             * [* {th:case}] [275]: org.thymeleaf.standard.processor.StandardCaseTagProcessor
[THYMELEAF]             * [* {th:if}] [300]: org.thymeleaf.standard.processor.StandardIfTagProcessor
[THYMELEAF]             * [* {th:unless}] [400]: org.thymeleaf.standard.processor.StandardUnlessTagProcessor
[THYMELEAF]             * [* {th:object}] [500]: org.thymeleaf.standard.processor.StandardObjectTagProcessor
[THYMELEAF]             * [* {th:with}] [600]: org.thymeleaf.standard.processor.StandardWithTagProcessor
[THYMELEAF]             * [* {th:attr}] [700]: org.thymeleaf.standard.processor.StandardAttrTagProcessor
[THYMELEAF]             * [* {th:attrprepend}] [800]: org.thymeleaf.standard.processor.StandardAttrprependTagProcessor
[THYMELEAF]             * [* {th:attrappend}] [900]: org.thymeleaf.standard.processor.StandardAttrappendTagProcessor
[THYMELEAF]             * [* {th:inline}] [1000]: org.thymeleaf.standard.processor.StandardInlineXMLTagProcessor
[THYMELEAF]             * [* {xmlns:th}] [1000]: org.thymeleaf.standard.processor.StandardXmlNsTagProcessor
[THYMELEAF]             * [* {th:text}] [1300]: org.thymeleaf.standard.processor.StandardTextTagProcessor
[THYMELEAF]             * [* {th:utext}] [1400]: org.thymeleaf.standard.processor.StandardUtextTagProcessor
[THYMELEAF]             * [* {th:fragment}] [1500]: org.thymeleaf.standard.processor.StandardFragmentTagProcessor
[THYMELEAF]             * [* {th:assert}] [1550]: org.thymeleaf.standard.processor.StandardAssertTagProcessor
[THYMELEAF]             * [* {th:remove}] [1600]: org.thymeleaf.standard.processor.StandardRemoveTagProcessor
[THYMELEAF]             * [* {th:ref}] [10000]: org.thymeleaf.standard.processor.StandardRefAttributeTagProcessor
[THYMELEAF]             * [{th:block} *] [100000]: org.thymeleaf.standard.processor.StandardBlockTagProcessor
[THYMELEAF]             * [* th:*] [2147483647]: org.thymeleaf.standard.processor.StandardDefaultAttributesTagProcessor
[THYMELEAF]         * Text Processors by [precedence]:
[THYMELEAF]             * [1000]: org.thymeleaf.standard.processor.StandardInliningTextProcessor
[THYMELEAF]         * CDATA Section Processors by [precedence]:
[THYMELEAF]             * [1000]: org.thymeleaf.standard.processor.StandardInliningCDATASectionProcessor
[THYMELEAF]         * Comment Processors by [precedence]:
[THYMELEAF]             * [1000]: org.thymeleaf.standard.processor.StandardInliningCommentProcessor
[THYMELEAF]     * Processors for Template Mode: TEXT
[THYMELEAF]         * Element Tag Processors by [matching element and attribute name] [precedence]:
[THYMELEAF]             * [* {th:insert}] [100]: org.thymeleaf.standard.processor.StandardInsertTagProcessor
[THYMELEAF]             * [* {th:replace}] [100]: org.thymeleaf.standard.processor.StandardReplaceTagProcessor
[THYMELEAF]             * [* {th:each}] [200]: org.thymeleaf.standard.processor.StandardEachTagProcessor
[THYMELEAF]             * [* {th:switch}] [250]: org.thymeleaf.standard.processor.StandardSwitchTagProcessor
[THYMELEAF]             * [* {th:case}] [275]: org.thymeleaf.standard.processor.StandardCaseTagProcessor
[THYMELEAF]             * [* {th:if}] [300]: org.thymeleaf.standard.processor.StandardIfTagProcessor
[THYMELEAF]             * [* {th:unless}] [400]: org.thymeleaf.standard.processor.StandardUnlessTagProcessor
[THYMELEAF]             * [* {th:object}] [500]: org.thymeleaf.standard.processor.StandardObjectTagProcessor
[THYMELEAF]             * [* {th:with}] [600]: org.thymeleaf.standard.processor.StandardWithTagProcessor
[THYMELEAF]             * [* {th:inline}] [1000]: org.thymeleaf.standard.processor.StandardInlineTextualTagProcessor
[THYMELEAF]             * [* {th:text}] [1300]: org.thymeleaf.standard.processor.StandardTextTagProcessor
[THYMELEAF]             * [* {th:utext}] [1400]: org.thymeleaf.standard.processor.StandardUtextTagProcessor
[THYMELEAF]             * [* {th:assert}] [1550]: org.thymeleaf.standard.processor.StandardAssertTagProcessor
[THYMELEAF]             * [* {th:remove}] [1600]: org.thymeleaf.standard.processor.StandardRemoveTagProcessor
[THYMELEAF]             * [{th:block} *] [100000]: org.thymeleaf.standard.processor.StandardBlockTagProcessor
[THYMELEAF]             * [* 100000] [org.thymeleaf.standard.processor.StandardBlockTagProcessor]: {}
[THYMELEAF]         * Text Processors by [precedence]:
[THYMELEAF]             * [1000]: org.thymeleaf.standard.processor.StandardInliningTextProcessor
[THYMELEAF]     * Processors for Template Mode: JAVASCRIPT
[THYMELEAF]         * Element Tag Processors by [matching element and attribute name] [precedence]:
[THYMELEAF]             * [* {th:insert}] [100]: org.thymeleaf.standard.processor.StandardInsertTagProcessor
[THYMELEAF]             * [* {th:replace}] [100]: org.thymeleaf.standard.processor.StandardReplaceTagProcessor
[THYMELEAF]             * [* {th:each}] [200]: org.thymeleaf.standard.processor.StandardEachTagProcessor
[THYMELEAF]             * [* {th:switch}] [250]: org.thymeleaf.standard.processor.StandardSwitchTagProcessor
[THYMELEAF]             * [* {th:case}] [275]: org.thymeleaf.standard.processor.StandardCaseTagProcessor
[THYMELEAF]             * [* {th:if}] [300]: org.thymeleaf.standard.processor.StandardIfTagProcessor
[THYMELEAF]             * [* {th:unless}] [400]: org.thymeleaf.standard.processor.StandardUnlessTagProcessor
[THYMELEAF]             * [* {th:object}] [500]: org.thymeleaf.standard.processor.StandardObjectTagProcessor
[THYMELEAF]             * [* {th:with}] [600]: org.thymeleaf.standard.processor.StandardWithTagProcessor
[THYMELEAF]             * [* {th:inline}] [1000]: org.thymeleaf.standard.processor.StandardInlineTextualTagProcessor
[THYMELEAF]             * [* {th:text}] [1300]: org.thymeleaf.standard.processor.StandardTextTagProcessor
[THYMELEAF]             * [* {th:utext}] [1400]: org.thymeleaf.standard.processor.StandardUtextTagProcessor
[THYMELEAF]             * [* {th:assert}] [1550]: org.thymeleaf.standard.processor.StandardAssertTagProcessor
[THYMELEAF]             * [* {th:remove}] [1600]: org.thymeleaf.standard.processor.StandardRemoveTagProcessor
[THYMELEAF]             * [{th:block} *] [100000]: org.thymeleaf.standard.processor.StandardBlockTagProcessor
[THYMELEAF]             * [* 100000] [org.thymeleaf.standard.processor.StandardBlockTagProcessor]: {}
[THYMELEAF]         * Text Processors by [precedence]:
[THYMELEAF]             * [1000]: org.thymeleaf.standard.processor.StandardInliningTextProcessor
[THYMELEAF]     * Processors for Template Mode: CSS
[THYMELEAF]         * Element Tag Processors by [matching element and attribute name] [precedence]:
[THYMELEAF]             * [* {th:insert}] [100]: org.thymeleaf.standard.processor.StandardInsertTagProcessor
[THYMELEAF]             * [* {th:replace}] [100]: org.thymeleaf.standard.processor.StandardReplaceTagProcessor
[THYMELEAF]             * [* {th:each}] [200]: org.thymeleaf.standard.processor.StandardEachTagProcessor
[THYMELEAF]             * [* {th:switch}] [250]: org.thymeleaf.standard.processor.StandardSwitchTagProcessor
[THYMELEAF]             * [* {th:case}] [275]: org.thymeleaf.standard.processor.StandardCaseTagProcessor
[THYMELEAF]             * [* {th:if}] [300]: org.thymeleaf.standard.processor.StandardIfTagProcessor
[THYMELEAF]             * [* {th:unless}] [400]: org.thymeleaf.standard.processor.StandardUnlessTagProcessor
[THYMELEAF]             * [* {th:object}] [500]: org.thymeleaf.standard.processor.StandardObjectTagProcessor
[THYMELEAF]             * [* {th:with}] [600]: org.thymeleaf.standard.processor.StandardWithTagProcessor
[THYMELEAF]             * [* {th:inline}] [1000]: org.thymeleaf.standard.processor.StandardInlineTextualTagProcessor
[THYMELEAF]             * [* {th:text}] [1300]: org.thymeleaf.standard.processor.StandardTextTagProcessor
[THYMELEAF]             * [* {th:utext}] [1400]: org.thymeleaf.standard.processor.StandardUtextTagProcessor
[THYMELEAF]             * [* {th:assert}] [1550]: org.thymeleaf.standard.processor.StandardAssertTagProcessor
[THYMELEAF]             * [* {th:remove}] [1600]: org.thymeleaf.standard.processor.StandardRemoveTagProcessor
[THYMELEAF]             * [{th:block} *] [100000]: org.thymeleaf.standard.processor.StandardBlockTagProcessor
[THYMELEAF]             * [* 100000] [org.thymeleaf.standard.processor.StandardBlockTagProcessor]: {}
[THYMELEAF]         * Text Processors by [precedence]:
[THYMELEAF]             * [1000]: org.thymeleaf.standard.processor.StandardInliningTextProcessor
[THYMELEAF]     * Expression Objects:
[THYMELEAF]         * #ctx
[THYMELEAF]         * #root
[THYMELEAF]         * #vars
[THYMELEAF]         * #object
[THYMELEAF]         * #locale
[THYMELEAF]         * #request
[THYMELEAF]         * #response
[THYMELEAF]         * #session
[THYMELEAF]         * #servletContext
[THYMELEAF]         * #conversions
[THYMELEAF]         * #uris
[THYMELEAF]         * #calendars
[THYMELEAF]         * #dates
[THYMELEAF]         * #bools
[THYMELEAF]         * #numbers
[THYMELEAF]         * #objects
[THYMELEAF]         * #strings
[THYMELEAF]         * #arrays
[THYMELEAF]         * #lists
[THYMELEAF]         * #sets
[THYMELEAF]         * #maps
[THYMELEAF]         * #aggregates
[THYMELEAF]         * #messages
[THYMELEAF]         * #ids
[THYMELEAF]         * #execInfo
[THYMELEAF]         * #httpServletRequest
[THYMELEAF]         * #httpSession
[THYMELEAF]         * #fields
[THYMELEAF]         * #themes
[THYMELEAF]         * #mvc
[THYMELEAF]         * #requestdatavalues
[THYMELEAF]     * Execution Attributes:
[THYMELEAF]         * "StandardExpressionParser": Standard Expression Parser
[THYMELEAF]         * "StandardJavaScriptSerializer": org.thymeleaf.standard.serializer.StandardJavaScriptSerializer@4a873755
[THYMELEAF]         * "StandardCSSSerializer": org.thymeleaf.standard.serializer.StandardCSSSerializer@18f901e4
[THYMELEAF]         * "EnableSpringELCompiler": false
[THYMELEAF]         * "StandardVariableExpressionEvaluator": SpringEL
[THYMELEAF]         * "StandardConversionService": org.thymeleaf.spring5.expression.SpringStandardConversionService@2915945a
[THYMELEAF] * Dialect [2 of 3]: java8time (org.thymeleaf.extras.java8time.dialect.Java8TimeDialect)
[THYMELEAF]     * Expression Objects:
[THYMELEAF]         * #temporals
[THYMELEAF] * Dialect [3 of 3]: Layout (nz.net.ultraq.thymeleaf.LayoutDialect)
[THYMELEAF]     * Prefix: "layout"
[THYMELEAF]     * Processors for Template Mode: HTML
[THYMELEAF]         * Element Tag Processors by [matching element and attribute name] [precedence]:
[THYMELEAF]             * [* {layout:title-pattern,data-layout-title-pattern}] [1]: nz.net.ultraq.thymeleaf.decorators.TitlePatternProcessor
[THYMELEAF]             * [* {layout:fragment,data-layout-fragment}] [1]: nz.net.ultraq.thymeleaf.fragments.FragmentProcessor
[THYMELEAF]             * [* {xmlns:layout}] [1000]: org.thymeleaf.standard.processor.StandardXmlNsTagProcessor
[THYMELEAF]         * Element Model Processors by [matching element and attribute name] [precedence]:
[THYMELEAF]             * [* {layout:decorate,data-layout-decorate}] [0]: nz.net.ultraq.thymeleaf.decorators.DecorateProcessor
[THYMELEAF]             * [* {layout:decorator,data-layout-decorator}] [0]: nz.net.ultraq.thymeleaf.decorators.DecoratorProcessor
[THYMELEAF]             * [* {layout:include,data-layout-include}] [0]: nz.net.ultraq.thymeleaf.includes.IncludeProcessor
[THYMELEAF]             * [* {layout:insert,data-layout-insert}] [0]: nz.net.ultraq.thymeleaf.includes.InsertProcessor
[THYMELEAF]             * [* {layout:replace,data-layout-replace}] [0]: nz.net.ultraq.thymeleaf.includes.ReplaceProcessor
[THYMELEAF]     * Processors for Template Mode: XML
[THYMELEAF]         * Element Tag Processors by [matching element and attribute name] [precedence]:
[THYMELEAF]             * [* {layout:fragment}] [1]: nz.net.ultraq.thymeleaf.fragments.FragmentProcessor
[THYMELEAF]             * [* {xmlns:layout}] [1000]: org.thymeleaf.standard.processor.StandardXmlNsTagProcessor
[THYMELEAF]         * Element Model Processors by [matching element and attribute name] [precedence]:
[THYMELEAF]             * [* {layout:decorate}] [0]: nz.net.ultraq.thymeleaf.decorators.DecorateProcessor
[THYMELEAF]             * [* {layout:decorator}] [0]: nz.net.ultraq.thymeleaf.decorators.DecoratorProcessor
[THYMELEAF]             * [* {layout:include}] [0]: nz.net.ultraq.thymeleaf.includes.IncludeProcessor
[THYMELEAF]             * [* {layout:insert}] [0]: nz.net.ultraq.thymeleaf.includes.InsertProcessor
[THYMELEAF]             * [* {layout:replace}] [0]: nz.net.ultraq.thymeleaf.includes.ReplaceProcessor
[THYMELEAF] TEMPLATE ENGINE CONFIGURED OK
2020-12-21 20:30:12 |DEBUG |http-nio-8082-exec-2 |TemplateEngine.java:348 |org.thymeleaf.TemplateEngine |[THYMELEAF] TEMPLATE ENGINE INITIALIZED
2020-12-21 20:30:12 |WARN  |http-nio-8082-exec-2 |DecoratorProcessor.groovy:72 |nz.net.ultraq.thymeleaf.decorators.DecoratorProcessor |The layout:decorator/data-layout-decorator processor has been deprecated and will be removed in the next major version of the layout dialect.  Please use layout:decorate/data-layout-decorate instead to future-proof your code.  See https://github.com/ultraq/thymeleaf-layout-dialect/issues/95 for more information.
2020-12-21 20:30:12 |WARN  |http-nio-8082-exec-2 |ExpressionProcessor.groovy:75 |nz.net.ultraq.thymeleaf.expressions.ExpressionProcessor |Fragment expression "base" is being wrapped as a Thymeleaf 3 fragment expression (~{...}) for backwards compatibility purposes.  This wrapping will be dropped in the next major version of the expression processor, so please rewrite as a Thymeleaf 3 fragment expression to future-proof your code.  See https://github.com/thymeleaf/thymeleaf/issues/451 for more information.
2020-12-21 20:30:14 |DEBUG |http-nio-8082-exec-8 |PostController.java:252 |com.zlimbo.bcweb.controller.PostController |============> [upChain post] start
2020-12-21 20:30:14 |DEBUG |http-nio-8082-exec-8 |PostController.java:272 |com.zlimbo.bcweb.controller.PostController |dataInfo: 
null
2020-12-21 20:30:14 |DEBUG |http-nio-8082-exec-8 |PostController.java:277 |com.zlimbo.bcweb.controller.PostController |postJsonStr: {"accountId":"002","systemId":"00007834","dataInfo":{"timestamps":"1601712721","taxesPoint":"17%","sellerName":"华东师大","taxes":"150","invoiceDate":"2020-10-03","consumerTaxesNo":"12100000425006133D","sellerTaxesNo":"913100003245878130","price":"1000","statementSheet":"1","pricePlusTaxes":"1000","invoiceNumber":"1","invoiceType":"增值税","statementWeight":"1kg","invoiceNo":"3100982170","consumerName":"数据学院"},"requestSn":"a56f3c43-98f9-4c33-8359-f0208e5983fd","invokeTime":"2019-03-05 11:11:11.12","businessId":"businessId","keyId":"001","callbackUrl":"http://127.0.0.1:8082/callback","tableName":"invoice"}
2020-12-21 20:30:14 |DEBUG |http-nio-8082-exec-8 |PostController.java:435 |com.zlimbo.bcweb.controller.PostController |====================> [send] start
2020-12-21 20:30:14 |DEBUG |http-nio-8082-exec-8 |PostController.java:444 |com.zlimbo.bcweb.controller.PostController |== request url: http://127.0.0.1:8080/obst/service/S_ST_01
2020-12-21 20:30:14 |DEBUG |http-nio-8082-exec-8 |RequestAddCookies.java:122 |org.apache.http.client.protocol.RequestAddCookies |CookieSpec selected: default
2020-12-21 20:30:14 |DEBUG |http-nio-8082-exec-8 |RequestAuthCache.java:76 |org.apache.http.client.protocol.RequestAuthCache |Auth cache not set in the context
2020-12-21 20:30:14 |DEBUG |http-nio-8082-exec-8 |PoolingHttpClientConnectionManager.java:249 |org.apache.http.impl.conn.PoolingHttpClientConnectionManager |Connection request: [route: {}->http://127.0.0.1:8080][total kept alive: 0; route allocated: 0 of 2; total allocated: 0 of 20]
2020-12-21 20:30:14 |DEBUG |http-nio-8082-exec-8 |PoolingHttpClientConnectionManager.java:282 |org.apache.http.impl.conn.PoolingHttpClientConnectionManager |Connection leased: [id: 0][route: {}->http://127.0.0.1:8080][total kept alive: 0; route allocated: 1 of 2; total allocated: 1 of 20]
2020-12-21 20:30:14 |DEBUG |http-nio-8082-exec-8 |MainClientExec.java:234 |org.apache.http.impl.execchain.MainClientExec |Opening connection {}->http://127.0.0.1:8080
2020-12-21 20:30:14 |DEBUG |http-nio-8082-exec-8 |DefaultHttpClientConnectionOperator.java:138 |org.apache.http.impl.conn.DefaultHttpClientConnectionOperator |Connecting to /127.0.0.1:8080
2020-12-21 20:30:14 |DEBUG |http-nio-8082-exec-8 |DefaultHttpClientConnectionOperator.java:145 |org.apache.http.impl.conn.DefaultHttpClientConnectionOperator |Connection established 127.0.0.1:6158<->127.0.0.1:8080
2020-12-21 20:30:14 |DEBUG |http-nio-8082-exec-8 |MainClientExec.java:255 |org.apache.http.impl.execchain.MainClientExec |Executing request POST /obst/service/S_ST_01 HTTP/1.1
2020-12-21 20:30:14 |DEBUG |http-nio-8082-exec-8 |MainClientExec.java:260 |org.apache.http.impl.execchain.MainClientExec |Target auth state: UNCHALLENGED
2020-12-21 20:30:14 |DEBUG |http-nio-8082-exec-8 |MainClientExec.java:266 |org.apache.http.impl.execchain.MainClientExec |Proxy auth state: UNCHALLENGED
2020-12-21 20:30:14 |DEBUG |http-nio-8082-exec-8 |LoggingManagedHttpClientConnection.java:135 |org.apache.http.headers |http-outgoing-0 >> POST /obst/service/S_ST_01 HTTP/1.1
2020-12-21 20:30:14 |DEBUG |http-nio-8082-exec-8 |LoggingManagedHttpClientConnection.java:138 |org.apache.http.headers |http-outgoing-0 >> Content-type: application/json
2020-12-21 20:30:14 |DEBUG |http-nio-8082-exec-8 |LoggingManagedHttpClientConnection.java:138 |org.apache.http.headers |http-outgoing-0 >> User-Agent: Mozilla/4.0 (compatible; MSIE 5.0; Windows NT; DigExt)
2020-12-21 20:30:14 |DEBUG |http-nio-8082-exec-8 |LoggingManagedHttpClientConnection.java:138 |org.apache.http.headers |http-outgoing-0 >> Content-Length: 627
2020-12-21 20:30:14 |DEBUG |http-nio-8082-exec-8 |LoggingManagedHttpClientConnection.java:138 |org.apache.http.headers |http-outgoing-0 >> Content-Type: application/json
2020-12-21 20:30:14 |DEBUG |http-nio-8082-exec-8 |LoggingManagedHttpClientConnection.java:138 |org.apache.http.headers |http-outgoing-0 >> Host: 127.0.0.1:8080
2020-12-21 20:30:14 |DEBUG |http-nio-8082-exec-8 |LoggingManagedHttpClientConnection.java:138 |org.apache.http.headers |http-outgoing-0 >> Connection: Keep-Alive
2020-12-21 20:30:14 |DEBUG |http-nio-8082-exec-8 |LoggingManagedHttpClientConnection.java:138 |org.apache.http.headers |http-outgoing-0 >> Accept-Encoding: gzip,deflate
2020-12-21 20:30:14 |DEBUG |http-nio-8082-exec-8 |Wire.java:72 |org.apache.http.wire |http-outgoing-0 >> "POST /obst/service/S_ST_01 HTTP/1.1[\r][\n]"
2020-12-21 20:30:14 |DEBUG |http-nio-8082-exec-8 |Wire.java:72 |org.apache.http.wire |http-outgoing-0 >> "Content-type: application/json[\r][\n]"
2020-12-21 20:30:14 |DEBUG |http-nio-8082-exec-8 |Wire.java:72 |org.apache.http.wire |http-outgoing-0 >> "User-Agent: Mozilla/4.0 (compatible; MSIE 5.0; Windows NT; DigExt)[\r][\n]"
2020-12-21 20:30:14 |DEBUG |http-nio-8082-exec-8 |Wire.java:72 |org.apache.http.wire |http-outgoing-0 >> "Content-Length: 627[\r][\n]"
2020-12-21 20:30:14 |DEBUG |http-nio-8082-exec-8 |Wire.java:72 |org.apache.http.wire |http-outgoing-0 >> "Content-Type: application/json[\r][\n]"
2020-12-21 20:30:14 |DEBUG |http-nio-8082-exec-8 |Wire.java:72 |org.apache.http.wire |http-outgoing-0 >> "Host: 127.0.0.1:8080[\r][\n]"
2020-12-21 20:30:14 |DEBUG |http-nio-8082-exec-8 |Wire.java:72 |org.apache.http.wire |http-outgoing-0 >> "Connection: Keep-Alive[\r][\n]"
2020-12-21 20:30:14 |DEBUG |http-nio-8082-exec-8 |Wire.java:72 |org.apache.http.wire |http-outgoing-0 >> "Accept-Encoding: gzip,deflate[\r][\n]"
2020-12-21 20:30:14 |DEBUG |http-nio-8082-exec-8 |Wire.java:72 |org.apache.http.wire |http-outgoing-0 >> "[\r][\n]"
2020-12-21 20:30:14 |DEBUG |http-nio-8082-exec-8 |Wire.java:86 |org.apache.http.wire |http-outgoing-0 >> "{"accountId":"002","systemId":"00007834","dataInfo":{"timestamps":"1601712721","taxesPoint":"17%","sellerName":"[0xe5][0x8d][0x8e][0xe4][0xb8][0x9c][0xe5][0xb8][0x88][0xe5][0xa4][0xa7]","taxes":"150","invoiceDate":"2020-10-03","consumerTaxesNo":"12100000425006133D","sellerTaxesNo":"913100003245878130","price":"1000","statementSheet":"1","pricePlusTaxes":"1000","invoiceNumber":"1","invoiceType":"[0xe5][0xa2][0x9e][0xe5][0x80][0xbc][0xe7][0xa8][0x8e]","statementWeight":"1kg","invoiceNo":"3100982170","consumerName":"[0xe6][0x95][0xb0][0xe6][0x8d][0xae][0xe5][0xad][0xa6][0xe9][0x99][0xa2]"},"requestSn":"a56f3c43-98f9-4c33-8359-f0208e5983fd","invokeTime":"2019-03-05 11:11:11.12","businessId":"businessId","keyId":"001","callbackUrl":"http://127.0.0.1:8082/callback","tableName":"invoice"}"
2020-12-21 20:30:14 |DEBUG |http-nio-8082-exec-8 |Wire.java:72 |org.apache.http.wire |http-outgoing-0 << "HTTP/1.1 200 [\r][\n]"
2020-12-21 20:30:14 |DEBUG |http-nio-8082-exec-8 |Wire.java:72 |org.apache.http.wire |http-outgoing-0 << "Content-Type: application/json;charset=UTF-8[\r][\n]"
2020-12-21 20:30:14 |DEBUG |http-nio-8082-exec-8 |Wire.java:72 |org.apache.http.wire |http-outgoing-0 << "Content-Length: 216[\r][\n]"
2020-12-21 20:30:14 |DEBUG |http-nio-8082-exec-8 |Wire.java:72 |org.apache.http.wire |http-outgoing-0 << "Date: Mon, 21 Dec 2020 12:30:14 GMT[\r][\n]"
2020-12-21 20:30:14 |DEBUG |http-nio-8082-exec-8 |Wire.java:72 |org.apache.http.wire |http-outgoing-0 << "[\r][\n]"
2020-12-21 20:30:14 |DEBUG |http-nio-8082-exec-8 |Wire.java:86 |org.apache.http.wire |http-outgoing-0 << "{"msg":"[0xe4][0xb8][0x8a][0xe4][0xbc][0xa0][0xe4][0xba][0xa4][0xe6][0x98][0x93][0xe6][0x88][0x90][0xe5][0x8a][0x9f]","systemId":"00007834","code":101,"requestSn":"a56f3c43-98f9-4c33-8359-f0208e5983fd","businessId":"businessId","txHash":"0x1b0117fc25b384f369203b4b92af56cb654fdd6792539d808187f9fe39d96d05"}"
2020-12-21 20:30:14 |DEBUG |http-nio-8082-exec-8 |LoggingManagedHttpClientConnection.java:124 |org.apache.http.headers |http-outgoing-0 << HTTP/1.1 200 
2020-12-21 20:30:14 |DEBUG |http-nio-8082-exec-8 |LoggingManagedHttpClientConnection.java:127 |org.apache.http.headers |http-outgoing-0 << Content-Type: application/json;charset=UTF-8
2020-12-21 20:30:14 |DEBUG |http-nio-8082-exec-8 |LoggingManagedHttpClientConnection.java:127 |org.apache.http.headers |http-outgoing-0 << Content-Length: 216
2020-12-21 20:30:14 |DEBUG |http-nio-8082-exec-8 |LoggingManagedHttpClientConnection.java:127 |org.apache.http.headers |http-outgoing-0 << Date: Mon, 21 Dec 2020 12:30:14 GMT
2020-12-21 20:30:14 |DEBUG |http-nio-8082-exec-8 |MainClientExec.java:284 |org.apache.http.impl.execchain.MainClientExec |Connection can be kept alive indefinitely
2020-12-21 20:30:14 |DEBUG |http-nio-8082-exec-8 |PoolingHttpClientConnectionManager.java:314 |org.apache.http.impl.conn.PoolingHttpClientConnectionManager |Connection [id: 0][route: {}->http://127.0.0.1:8080] can be kept alive indefinitely
2020-12-21 20:30:14 |DEBUG |http-nio-8082-exec-8 |PoolingHttpClientConnectionManager.java:320 |org.apache.http.impl.conn.PoolingHttpClientConnectionManager |Connection released: [id: 0][route: {}->http://127.0.0.1:8080][total kept alive: 1; route allocated: 1 of 2; total allocated: 1 of 20]
2020-12-21 20:30:14 |DEBUG |http-nio-8082-exec-8 |PostController.java:457 |com.zlimbo.bcweb.controller.PostController |== body: {"msg":"上传交易成功","systemId":"00007834","code":101,"requestSn":"a56f3c43-98f9-4c33-8359-f0208e5983fd","businessId":"businessId","txHash":"0x1b0117fc25b384f369203b4b92af56cb654fdd6792539d808187f9fe39d96d05"}
2020-12-21 20:30:14 |DEBUG |http-nio-8082-exec-8 |PostController.java:459 |com.zlimbo.bcweb.controller.PostController |====================> [send] end

2020-12-21 20:30:14 |DEBUG |http-nio-8082-exec-8 |PostController.java:289 |com.zlimbo.bcweb.controller.PostController |============> [upChain post] end
2020-12-21 20:30:23 |DEBUG |http-nio-8082-exec-8 |PostController.java:164 |com.zlimbo.bcweb.controller.PostController |============> [callback] start
2020-12-21 20:30:23 |DEBUG |http-nio-8082-exec-8 |PostController.java:165 |com.zlimbo.bcweb.controller.PostController |callback data: {"blockHeight":"30078","blockTime":"1608553820145","txHash":"0x1b0117fc25b384f369203b4b92af56cb654fdd6792539d808187f9fe39d96d05"}
2020-12-21 20:30:23 |DEBUG |http-nio-8082-exec-8 |PostController.java:177 |com.zlimbo.bcweb.controller.PostController |============> [callback] end
2020-12-21 20:30:51 |DEBUG |http-nio-8082-exec-6 |PostController.java:164 |com.zlimbo.bcweb.controller.PostController |============> [callback] start
2020-12-21 20:30:51 |DEBUG |http-nio-8082-exec-6 |PostController.java:165 |com.zlimbo.bcweb.controller.PostController |callback data: {"blockHeight":"30078","blockTime":"1608553820145","txHash":"0x1b0117fc25b384f369203b4b92af56cb654fdd6792539d808187f9fe39d96d05"}
2020-12-21 20:30:51 |DEBUG |http-nio-8082-exec-6 |PostController.java:177 |com.zlimbo.bcweb.controller.PostController |============> [callback] end
2020-12-21 20:31:14 |DEBUG |Finalizer |PoolingHttpClientConnectionManager.java:388 |org.apache.http.impl.conn.PoolingHttpClientConnectionManager |Connection manager is shutting down
2020-12-21 20:31:14 |DEBUG |Finalizer |LoggingManagedHttpClientConnection.java:81 |org.apache.http.impl.conn.DefaultManagedHttpClientConnection |http-outgoing-0: Close connection
2020-12-21 20:31:14 |DEBUG |Finalizer |PoolingHttpClientConnectionManager.java:394 |org.apache.http.impl.conn.PoolingHttpClientConnectionManager |Connection manager shut down
2020-12-21 20:31:52 |DEBUG |http-nio-8082-exec-8 |PostController.java:164 |com.zlimbo.bcweb.controller.PostController |============> [callback] start
2020-12-21 20:31:52 |DEBUG |http-nio-8082-exec-8 |PostController.java:165 |com.zlimbo.bcweb.controller.PostController |callback data: {"blockHeight":"30078","blockTime":"1608553820145","txHash":"0x1b0117fc25b384f369203b4b92af56cb654fdd6792539d808187f9fe39d96d05"}
2020-12-21 20:31:52 |DEBUG |http-nio-8082-exec-8 |PostController.java:177 |com.zlimbo.bcweb.controller.PostController |============> [callback] end
2020-12-21 20:32:08 |DEBUG |http-nio-8082-exec-6 |PostController.java:164 |com.zlimbo.bcweb.controller.PostController |============> [callback] start
2020-12-21 20:32:08 |DEBUG |http-nio-8082-exec-6 |PostController.java:165 |com.zlimbo.bcweb.controller.PostController |callback data: {"blockHeight":"30078","blockTime":"1608553820145","txHash":"0x1b0117fc25b384f369203b4b92af56cb654fdd6792539d808187f9fe39d96d05"}
2020-12-21 20:32:08 |DEBUG |http-nio-8082-exec-6 |PostController.java:177 |com.zlimbo.bcweb.controller.PostController |============> [callback] end
2020-12-21 20:36:56 |DEBUG |http-nio-8082-exec-4 |PostController.java:252 |com.zlimbo.bcweb.controller.PostController |============> [upChain post] start
2020-12-21 20:36:56 |DEBUG |http-nio-8082-exec-4 |PostController.java:272 |com.zlimbo.bcweb.controller.PostController |dataInfo: 
null
2020-12-21 20:36:56 |DEBUG |http-nio-8082-exec-4 |PostController.java:277 |com.zlimbo.bcweb.controller.PostController |postJsonStr: {"accountId":"002","systemId":"00008890","dataInfo":{"timestamps":"1601712721","taxesPoint":"17%","sellerName":"华东师大","taxes":"150","invoiceDate":"2020-10-03","consumerTaxesNo":"12100000425006133D","sellerTaxesNo":"913100003245878130","price":"1000","statementSheet":"1","pricePlusTaxes":"1000","invoiceNumber":"1","invoiceType":"增值税","statementWeight":"1kg","invoiceNo":"3100982170","consumerName":"数据学院"},"requestSn":"18421d0a-5d7c-4517-a33c-9595eb50700d","invokeTime":"2019-03-05 11:11:11.12","businessId":"businessId","keyId":"001","callbackUrl":"http://127.0.0.1:8082/callback","tableName":"invoice"}
2020-12-21 20:36:56 |DEBUG |http-nio-8082-exec-4 |PostController.java:435 |com.zlimbo.bcweb.controller.PostController |====================> [send] start
2020-12-21 20:36:56 |DEBUG |http-nio-8082-exec-4 |PostController.java:444 |com.zlimbo.bcweb.controller.PostController |== request url: http://127.0.0.1:8080/obst/service/S_ST_01
2020-12-21 20:36:56 |DEBUG |http-nio-8082-exec-4 |RequestAddCookies.java:122 |org.apache.http.client.protocol.RequestAddCookies |CookieSpec selected: default
2020-12-21 20:36:56 |DEBUG |http-nio-8082-exec-4 |RequestAuthCache.java:76 |org.apache.http.client.protocol.RequestAuthCache |Auth cache not set in the context
2020-12-21 20:36:56 |DEBUG |http-nio-8082-exec-4 |PoolingHttpClientConnectionManager.java:249 |org.apache.http.impl.conn.PoolingHttpClientConnectionManager |Connection request: [route: {}->http://127.0.0.1:8080][total kept alive: 0; route allocated: 0 of 2; total allocated: 0 of 20]
2020-12-21 20:36:56 |DEBUG |http-nio-8082-exec-4 |PoolingHttpClientConnectionManager.java:282 |org.apache.http.impl.conn.PoolingHttpClientConnectionManager |Connection leased: [id: 1][route: {}->http://127.0.0.1:8080][total kept alive: 0; route allocated: 1 of 2; total allocated: 1 of 20]
2020-12-21 20:36:56 |DEBUG |http-nio-8082-exec-4 |MainClientExec.java:234 |org.apache.http.impl.execchain.MainClientExec |Opening connection {}->http://127.0.0.1:8080
2020-12-21 20:36:56 |DEBUG |http-nio-8082-exec-4 |DefaultHttpClientConnectionOperator.java:138 |org.apache.http.impl.conn.DefaultHttpClientConnectionOperator |Connecting to /127.0.0.1:8080
2020-12-21 20:36:56 |DEBUG |http-nio-8082-exec-4 |DefaultHttpClientConnectionOperator.java:145 |org.apache.http.impl.conn.DefaultHttpClientConnectionOperator |Connection established 127.0.0.1:6242<->127.0.0.1:8080
2020-12-21 20:36:56 |DEBUG |http-nio-8082-exec-4 |MainClientExec.java:255 |org.apache.http.impl.execchain.MainClientExec |Executing request POST /obst/service/S_ST_01 HTTP/1.1
2020-12-21 20:36:56 |DEBUG |http-nio-8082-exec-4 |MainClientExec.java:260 |org.apache.http.impl.execchain.MainClientExec |Target auth state: UNCHALLENGED
2020-12-21 20:36:56 |DEBUG |http-nio-8082-exec-4 |MainClientExec.java:266 |org.apache.http.impl.execchain.MainClientExec |Proxy auth state: UNCHALLENGED
2020-12-21 20:36:56 |DEBUG |http-nio-8082-exec-4 |LoggingManagedHttpClientConnection.java:135 |org.apache.http.headers |http-outgoing-1 >> POST /obst/service/S_ST_01 HTTP/1.1
2020-12-21 20:36:56 |DEBUG |http-nio-8082-exec-4 |LoggingManagedHttpClientConnection.java:138 |org.apache.http.headers |http-outgoing-1 >> Content-type: application/json
2020-12-21 20:36:56 |DEBUG |http-nio-8082-exec-4 |LoggingManagedHttpClientConnection.java:138 |org.apache.http.headers |http-outgoing-1 >> User-Agent: Mozilla/4.0 (compatible; MSIE 5.0; Windows NT; DigExt)
2020-12-21 20:36:56 |DEBUG |http-nio-8082-exec-4 |LoggingManagedHttpClientConnection.java:138 |org.apache.http.headers |http-outgoing-1 >> Content-Length: 627
2020-12-21 20:36:56 |DEBUG |http-nio-8082-exec-4 |LoggingManagedHttpClientConnection.java:138 |org.apache.http.headers |http-outgoing-1 >> Content-Type: application/json
2020-12-21 20:36:56 |DEBUG |http-nio-8082-exec-4 |LoggingManagedHttpClientConnection.java:138 |org.apache.http.headers |http-outgoing-1 >> Host: 127.0.0.1:8080
2020-12-21 20:36:56 |DEBUG |http-nio-8082-exec-4 |LoggingManagedHttpClientConnection.java:138 |org.apache.http.headers |http-outgoing-1 >> Connection: Keep-Alive
2020-12-21 20:36:56 |DEBUG |http-nio-8082-exec-4 |LoggingManagedHttpClientConnection.java:138 |org.apache.http.headers |http-outgoing-1 >> Accept-Encoding: gzip,deflate
2020-12-21 20:36:56 |DEBUG |http-nio-8082-exec-4 |Wire.java:72 |org.apache.http.wire |http-outgoing-1 >> "POST /obst/service/S_ST_01 HTTP/1.1[\r][\n]"
2020-12-21 20:36:56 |DEBUG |http-nio-8082-exec-4 |Wire.java:72 |org.apache.http.wire |http-outgoing-1 >> "Content-type: application/json[\r][\n]"
2020-12-21 20:36:56 |DEBUG |http-nio-8082-exec-4 |Wire.java:72 |org.apache.http.wire |http-outgoing-1 >> "User-Agent: Mozilla/4.0 (compatible; MSIE 5.0; Windows NT; DigExt)[\r][\n]"
2020-12-21 20:36:56 |DEBUG |http-nio-8082-exec-4 |Wire.java:72 |org.apache.http.wire |http-outgoing-1 >> "Content-Length: 627[\r][\n]"
2020-12-21 20:36:56 |DEBUG |http-nio-8082-exec-4 |Wire.java:72 |org.apache.http.wire |http-outgoing-1 >> "Content-Type: application/json[\r][\n]"
2020-12-21 20:36:56 |DEBUG |http-nio-8082-exec-4 |Wire.java:72 |org.apache.http.wire |http-outgoing-1 >> "Host: 127.0.0.1:8080[\r][\n]"
2020-12-21 20:36:56 |DEBUG |http-nio-8082-exec-4 |Wire.java:72 |org.apache.http.wire |http-outgoing-1 >> "Connection: Keep-Alive[\r][\n]"
2020-12-21 20:36:56 |DEBUG |http-nio-8082-exec-4 |Wire.java:72 |org.apache.http.wire |http-outgoing-1 >> "Accept-Encoding: gzip,deflate[\r][\n]"
2020-12-21 20:36:56 |DEBUG |http-nio-8082-exec-4 |Wire.java:72 |org.apache.http.wire |http-outgoing-1 >> "[\r][\n]"
2020-12-21 20:36:56 |DEBUG |http-nio-8082-exec-4 |Wire.java:86 |org.apache.http.wire |http-outgoing-1 >> "{"accountId":"002","systemId":"00008890","dataInfo":{"timestamps":"1601712721","taxesPoint":"17%","sellerName":"[0xe5][0x8d][0x8e][0xe4][0xb8][0x9c][0xe5][0xb8][0x88][0xe5][0xa4][0xa7]","taxes":"150","invoiceDate":"2020-10-03","consumerTaxesNo":"12100000425006133D","sellerTaxesNo":"913100003245878130","price":"1000","statementSheet":"1","pricePlusTaxes":"1000","invoiceNumber":"1","invoiceType":"[0xe5][0xa2][0x9e][0xe5][0x80][0xbc][0xe7][0xa8][0x8e]","statementWeight":"1kg","invoiceNo":"3100982170","consumerName":"[0xe6][0x95][0xb0][0xe6][0x8d][0xae][0xe5][0xad][0xa6][0xe9][0x99][0xa2]"},"requestSn":"18421d0a-5d7c-4517-a33c-9595eb50700d","invokeTime":"2019-03-05 11:11:11.12","businessId":"businessId","keyId":"001","callbackUrl":"http://127.0.0.1:8082/callback","tableName":"invoice"}"
2020-12-21 20:36:57 |DEBUG |http-nio-8082-exec-4 |Wire.java:72 |org.apache.http.wire |http-outgoing-1 << "HTTP/1.1 200 [\r][\n]"
2020-12-21 20:36:57 |DEBUG |http-nio-8082-exec-4 |Wire.java:72 |org.apache.http.wire |http-outgoing-1 << "Content-Type: application/json;charset=UTF-8[\r][\n]"
2020-12-21 20:36:57 |DEBUG |http-nio-8082-exec-4 |Wire.java:72 |org.apache.http.wire |http-outgoing-1 << "Content-Length: 216[\r][\n]"
2020-12-21 20:36:57 |DEBUG |http-nio-8082-exec-4 |Wire.java:72 |org.apache.http.wire |http-outgoing-1 << "Date: Mon, 21 Dec 2020 12:36:57 GMT[\r][\n]"
2020-12-21 20:36:57 |DEBUG |http-nio-8082-exec-4 |Wire.java:72 |org.apache.http.wire |http-outgoing-1 << "[\r][\n]"
2020-12-21 20:36:57 |DEBUG |http-nio-8082-exec-4 |Wire.java:86 |org.apache.http.wire |http-outgoing-1 << "{"msg":"[0xe4][0xb8][0x8a][0xe4][0xbc][0xa0][0xe4][0xba][0xa4][0xe6][0x98][0x93][0xe6][0x88][0x90][0xe5][0x8a][0x9f]","systemId":"00008890","code":101,"requestSn":"18421d0a-5d7c-4517-a33c-9595eb50700d","businessId":"businessId","txHash":"0xce5db0c3e23dcd6300573becf87a826cc2ec4c11f43e2754b3a2c478f3025554"}"
2020-12-21 20:36:57 |DEBUG |http-nio-8082-exec-4 |LoggingManagedHttpClientConnection.java:124 |org.apache.http.headers |http-outgoing-1 << HTTP/1.1 200 
2020-12-21 20:36:57 |DEBUG |http-nio-8082-exec-4 |LoggingManagedHttpClientConnection.java:127 |org.apache.http.headers |http-outgoing-1 << Content-Type: application/json;charset=UTF-8
2020-12-21 20:36:57 |DEBUG |http-nio-8082-exec-4 |LoggingManagedHttpClientConnection.java:127 |org.apache.http.headers |http-outgoing-1 << Content-Length: 216
2020-12-21 20:36:57 |DEBUG |http-nio-8082-exec-4 |LoggingManagedHttpClientConnection.java:127 |org.apache.http.headers |http-outgoing-1 << Date: Mon, 21 Dec 2020 12:36:57 GMT
2020-12-21 20:36:57 |DEBUG |http-nio-8082-exec-4 |MainClientExec.java:284 |org.apache.http.impl.execchain.MainClientExec |Connection can be kept alive indefinitely
2020-12-21 20:36:57 |DEBUG |http-nio-8082-exec-4 |PoolingHttpClientConnectionManager.java:314 |org.apache.http.impl.conn.PoolingHttpClientConnectionManager |Connection [id: 1][route: {}->http://127.0.0.1:8080] can be kept alive indefinitely
2020-12-21 20:36:57 |DEBUG |http-nio-8082-exec-4 |PoolingHttpClientConnectionManager.java:320 |org.apache.http.impl.conn.PoolingHttpClientConnectionManager |Connection released: [id: 1][route: {}->http://127.0.0.1:8080][total kept alive: 1; route allocated: 1 of 2; total allocated: 1 of 20]
2020-12-21 20:36:57 |DEBUG |http-nio-8082-exec-4 |PostController.java:457 |com.zlimbo.bcweb.controller.PostController |== body: {"msg":"上传交易成功","systemId":"00008890","code":101,"requestSn":"18421d0a-5d7c-4517-a33c-9595eb50700d","businessId":"businessId","txHash":"0xce5db0c3e23dcd6300573becf87a826cc2ec4c11f43e2754b3a2c478f3025554"}
2020-12-21 20:36:57 |DEBUG |http-nio-8082-exec-4 |PostController.java:459 |com.zlimbo.bcweb.controller.PostController |====================> [send] end

2020-12-21 20:36:57 |DEBUG |http-nio-8082-exec-4 |PostController.java:289 |com.zlimbo.bcweb.controller.PostController |============> [upChain post] end
2020-12-21 20:37:05 |DEBUG |http-nio-8082-exec-7 |PostController.java:164 |com.zlimbo.bcweb.controller.PostController |============> [callback] start
2020-12-21 20:37:05 |DEBUG |http-nio-8082-exec-7 |PostController.java:165 |com.zlimbo.bcweb.controller.PostController |callback data: {"blockHeight":"30211","blockTime":"1608554222945","txHash":"0xce5db0c3e23dcd6300573becf87a826cc2ec4c11f43e2754b3a2c478f3025554"}
2020-12-21 20:37:05 |DEBUG |http-nio-8082-exec-7 |PostController.java:177 |com.zlimbo.bcweb.controller.PostController |============> [callback] end
2020-12-21 20:37:31 |DEBUG |http-nio-8082-exec-1 |PostController.java:164 |com.zlimbo.bcweb.controller.PostController |============> [callback] start
2020-12-21 20:37:31 |DEBUG |http-nio-8082-exec-1 |PostController.java:165 |com.zlimbo.bcweb.controller.PostController |callback data: {"blockHeight":"30219","blockTime":"1608554247156","txHash":"0x0e2b34870d4ba2fa098d58b8baf5c1cf83b4e9d06c8adcc13ca7a49ada4586f5"}
2020-12-21 20:37:31 |DEBUG |http-nio-8082-exec-1 |PostController.java:177 |com.zlimbo.bcweb.controller.PostController |============> [callback] end
2020-12-21 20:37:45 |DEBUG |http-nio-8082-exec-6 |PostController.java:164 |com.zlimbo.bcweb.controller.PostController |============> [callback] start
2020-12-21 20:37:45 |DEBUG |http-nio-8082-exec-6 |PostController.java:165 |com.zlimbo.bcweb.controller.PostController |callback data: {"blockHeight":"30219","blockTime":"1608554247156","txHash":"0x0e2b34870d4ba2fa098d58b8baf5c1cf83b4e9d06c8adcc13ca7a49ada4586f5"}
2020-12-21 20:37:45 |DEBUG |http-nio-8082-exec-6 |PostController.java:177 |com.zlimbo.bcweb.controller.PostController |============> [callback] end
2020-12-21 20:38:10 |DEBUG |http-nio-8082-exec-7 |PostController.java:164 |com.zlimbo.bcweb.controller.PostController |============> [callback] start
2020-12-21 20:38:10 |DEBUG |http-nio-8082-exec-7 |PostController.java:165 |com.zlimbo.bcweb.controller.PostController |callback data: {"blockHeight":"30219","blockTime":"1608554247156","txHash":"0x0e2b34870d4ba2fa098d58b8baf5c1cf83b4e9d06c8adcc13ca7a49ada4586f5"}
2020-12-21 20:38:10 |DEBUG |http-nio-8082-exec-7 |PostController.java:177 |com.zlimbo.bcweb.controller.PostController |============> [callback] end
2020-12-21 20:38:54 |DEBUG |http-nio-8082-exec-10 |PostController.java:164 |com.zlimbo.bcweb.controller.PostController |============> [callback] start
2020-12-21 20:38:54 |DEBUG |http-nio-8082-exec-10 |PostController.java:165 |com.zlimbo.bcweb.controller.PostController |callback data: {"blockHeight":"30219","blockTime":"1608554247156","txHash":"0x0e2b34870d4ba2fa098d58b8baf5c1cf83b4e9d06c8adcc13ca7a49ada4586f5"}
2020-12-21 20:38:54 |DEBUG |http-nio-8082-exec-10 |PostController.java:177 |com.zlimbo.bcweb.controller.PostController |============> [callback] end
2020-12-21 20:39:21 |DEBUG |Finalizer |PoolingHttpClientConnectionManager.java:388 |org.apache.http.impl.conn.PoolingHttpClientConnectionManager |Connection manager is shutting down
2020-12-21 20:39:21 |DEBUG |Finalizer |LoggingManagedHttpClientConnection.java:81 |org.apache.http.impl.conn.DefaultManagedHttpClientConnection |http-outgoing-1: Close connection
2020-12-21 20:39:21 |DEBUG |Finalizer |PoolingHttpClientConnectionManager.java:394 |org.apache.http.impl.conn.PoolingHttpClientConnectionManager |Connection manager shut down
2020-12-21 22:21:59 |INFO  |Thread-18 |ExecutorConfigurationSupport.java:218 |org.springframework.scheduling.concurrent.ThreadPoolTaskExecutor |Shutting down ExecutorService 'applicationTaskExecutor'
