2020-12-28 09:38:27 |INFO  |restartedMain |DeferredLog.java:225 |org.springframework.boot.devtools.env.DevToolsPropertyDefaultsPostProcessor |Devtools property defaults active! Set 'spring.devtools.add-properties' to 'false' to disable
2020-12-28 09:38:27 |INFO  |restartedMain |PostProcessorRegistrationDelegate.java:335 |org.springframework.context.support.PostProcessorRegistrationDelegate$BeanPostProcessorChecker |Bean 'configurationPropertiesRebinderAutoConfiguration' of type [org.springframework.cloud.autoconfigure.ConfigurationPropertiesRebinderAutoConfiguration$$EnhancerBySpringCGLIB$$b8ff62a6] is not eligible for getting processed by all BeanPostProcessors (for example: not eligible for auto-proxying)
2020-12-28 09:38:28 |INFO  |restartedMain |GenericScope.java:294 |org.springframework.cloud.context.scope.GenericScope |BeanFactory id=99535493-3616-3448-96a2-1a7a057a7552
2020-12-28 09:38:29 |INFO  |restartedMain |PostProcessorRegistrationDelegate.java:335 |org.springframework.context.support.PostProcessorRegistrationDelegate$BeanPostProcessorChecker |Bean 'org.springframework.cloud.autoconfigure.ConfigurationPropertiesRebinderAutoConfiguration' of type [org.springframework.cloud.autoconfigure.ConfigurationPropertiesRebinderAutoConfiguration$$EnhancerBySpringCGLIB$$b8ff62a6] is not eligible for getting processed by all BeanPostProcessors (for example: not eligible for auto-proxying)
2020-12-28 09:38:29 |INFO  |restartedMain |TomcatWebServer.java:108 |org.springframework.boot.web.embedded.tomcat.TomcatWebServer |Tomcat initialized with port(s): 8082 (http)
2020-12-28 09:38:29 |INFO  |restartedMain |ServletWebServerApplicationContext.java:285 |org.springframework.boot.web.servlet.context.ServletWebServerApplicationContext |Root WebApplicationContext: initialization completed in 1045 ms
2020-12-28 09:38:30 |WARN  |restartedMain |ArchaiusAutoConfiguration.java:151 |org.springframework.cloud.netflix.archaius.ArchaiusAutoConfiguration |No spring.application.name found, defaulting to 'application'
2020-12-28 09:38:30 |INFO  |restartedMain |ExecutorConfigurationSupport.java:181 |org.springframework.scheduling.concurrent.ThreadPoolTaskExecutor |Initializing ExecutorService 'applicationTaskExecutor'
2020-12-28 09:38:30 |INFO  |restartedMain |WelcomePageHandlerMapping.java:58 |org.springframework.boot.autoconfigure.web.servlet.WelcomePageHandlerMapping |Adding welcome page template: index
2020-12-28 09:38:30 |INFO  |restartedMain |OptionalLiveReloadServer.java:58 |org.springframework.boot.devtools.autoconfigure.OptionalLiveReloadServer |LiveReload server is running on port 35729
2020-12-28 09:38:31 |WARN  |restartedMain |AbstractApplicationContext.java:559 |org.springframework.boot.web.servlet.context.AnnotationConfigServletWebServerApplicationContext |Exception encountered during context initialization - cancelling refresh attempt: org.springframework.context.ApplicationContextException: Failed to start bean 'webServerStartStop'; nested exception is org.springframework.boot.web.server.PortInUseException: Port 8082 is already in use
2020-12-28 09:38:31 |INFO  |restartedMain |ExecutorConfigurationSupport.java:218 |org.springframework.scheduling.concurrent.ThreadPoolTaskExecutor |Shutting down ExecutorService 'applicationTaskExecutor'
2020-12-28 09:38:31 |INFO  |restartedMain |ConditionEvaluationReportLoggingListener.java:136 |org.springframework.boot.autoconfigure.logging.ConditionEvaluationReportLoggingListener |

Error starting ApplicationContext. To display the conditions report re-run your application with 'debug' enabled.
2020-12-28 09:38:31 |ERROR |restartedMain |LoggingFailureAnalysisReporter.java:40 |org.springframework.boot.diagnostics.LoggingFailureAnalysisReporter |

***************************
APPLICATION FAILED TO START
***************************

Description:

Web server failed to start. Port 8082 was already in use.

Action:

Identify and stop the process that's listening on port 8082 or configure this application to listen on another port.

2020-12-28 09:54:58 |INFO  |restartedMain |DeferredLog.java:225 |org.springframework.boot.devtools.env.DevToolsPropertyDefaultsPostProcessor |Devtools property defaults active! Set 'spring.devtools.add-properties' to 'false' to disable
2020-12-28 09:54:58 |INFO  |restartedMain |PostProcessorRegistrationDelegate.java:335 |org.springframework.context.support.PostProcessorRegistrationDelegate$BeanPostProcessorChecker |Bean 'configurationPropertiesRebinderAutoConfiguration' of type [org.springframework.cloud.autoconfigure.ConfigurationPropertiesRebinderAutoConfiguration$$EnhancerBySpringCGLIB$$3bdb294f] is not eligible for getting processed by all BeanPostProcessors (for example: not eligible for auto-proxying)
2020-12-28 09:54:59 |INFO  |restartedMain |GenericScope.java:294 |org.springframework.cloud.context.scope.GenericScope |BeanFactory id=99535493-3616-3448-96a2-1a7a057a7552
2020-12-28 09:55:00 |INFO  |restartedMain |PostProcessorRegistrationDelegate.java:335 |org.springframework.context.support.PostProcessorRegistrationDelegate$BeanPostProcessorChecker |Bean 'org.springframework.cloud.autoconfigure.ConfigurationPropertiesRebinderAutoConfiguration' of type [org.springframework.cloud.autoconfigure.ConfigurationPropertiesRebinderAutoConfiguration$$EnhancerBySpringCGLIB$$3bdb294f] is not eligible for getting processed by all BeanPostProcessors (for example: not eligible for auto-proxying)
2020-12-28 09:55:00 |INFO  |restartedMain |TomcatWebServer.java:108 |org.springframework.boot.web.embedded.tomcat.TomcatWebServer |Tomcat initialized with port(s): 8082 (http)
2020-12-28 09:55:00 |INFO  |restartedMain |ServletWebServerApplicationContext.java:285 |org.springframework.boot.web.servlet.context.ServletWebServerApplicationContext |Root WebApplicationContext: initialization completed in 936 ms
2020-12-28 09:55:01 |WARN  |restartedMain |ArchaiusAutoConfiguration.java:151 |org.springframework.cloud.netflix.archaius.ArchaiusAutoConfiguration |No spring.application.name found, defaulting to 'application'
2020-12-28 09:55:01 |INFO  |restartedMain |ExecutorConfigurationSupport.java:181 |org.springframework.scheduling.concurrent.ThreadPoolTaskExecutor |Initializing ExecutorService 'applicationTaskExecutor'
2020-12-28 09:55:01 |INFO  |restartedMain |WelcomePageHandlerMapping.java:58 |org.springframework.boot.autoconfigure.web.servlet.WelcomePageHandlerMapping |Adding welcome page template: index
2020-12-28 09:55:01 |INFO  |restartedMain |OptionalLiveReloadServer.java:58 |org.springframework.boot.devtools.autoconfigure.OptionalLiveReloadServer |LiveReload server is running on port 35729
2020-12-28 09:55:02 |INFO  |restartedMain |TomcatWebServer.java:220 |org.springframework.boot.web.embedded.tomcat.TomcatWebServer |Tomcat started on port(s): 8082 (http) with context path ''
2020-12-28 09:55:55 |INFO  |http-nio-8082-exec-2 |FrameworkServlet.java:525 |org.springframework.web.servlet.DispatcherServlet |Initializing Servlet 'dispatcherServlet'
2020-12-28 09:55:55 |INFO  |http-nio-8082-exec-2 |FrameworkServlet.java:547 |org.springframework.web.servlet.DispatcherServlet |Completed initialization in 3 ms
