2020-12-24 00:00:01 |ERROR |pool-1-thread-3 |ChainDao.java:151 |com.ouyeel.obfm.fm.dao.ChainDao |Communications link failure

The last packet sent successfully to the server was 0 milliseconds ago. The driver has not received any packets from the server.
2020-12-24 00:00:04 |ERROR |http-nio-8080-exec-19 |ChainDao.java:64 |com.ouyeel.obfm.fm.dao.ChainDao |  
--- The error occurred in mapper/ChainMapper.xml.  
--- The error occurred while executing mapped statement.  
--- Check the insertTx.  
--- Check the statement or the result map.  
--- Cause: com.mysql.jdbc.exceptions.jdbc4.CommunicationsException: Communications link failure

The last packet sent successfully to the server was 0 milliseconds ago. The driver has not received any packets from the server.
2020-12-24 00:00:04 |ERROR |http-nio-8080-exec-19 |ChainDao.java:65 |com.ouyeel.obfm.fm.dao.ChainDao |Communications link failure

The last packet sent successfully to the server was 0 milliseconds ago. The driver has not received any packets from the server.
2020-12-24 00:00:06 |ERROR |http-nio-8080-exec-76 |ChainDao.java:64 |com.ouyeel.obfm.fm.dao.ChainDao |  
--- The error occurred in mapper/ChainMapper.xml.  
--- The error occurred while executing mapped statement.  
--- Check the insertTx.  
--- Check the statement or the result map.  
--- Cause: com.mysql.jdbc.exceptions.jdbc4.CommunicationsException: Communications link failure

The last packet sent successfully to the server was 0 milliseconds ago. The driver has not received any packets from the server.
2020-12-24 00:00:06 |ERROR |http-nio-8080-exec-76 |ChainDao.java:65 |com.ouyeel.obfm.fm.dao.ChainDao |Communications link failure

The last packet sent successfully to the server was 0 milliseconds ago. The driver has not received any packets from the server.
2020-12-24 00:00:09 |ERROR |http-nio-8080-exec-85 |ChainDao.java:64 |com.ouyeel.obfm.fm.dao.ChainDao |  
--- The error occurred in mapper/ChainMapper.xml.  
--- The error occurred while executing mapped statement.  
--- Check the insertTx.  
--- Check the statement or the result map.  
--- Cause: com.mysql.jdbc.exceptions.jdbc4.CommunicationsException: Communications link failure

The last packet sent successfully to the server was 0 milliseconds ago. The driver has not received any packets from the server.
2020-12-24 00:00:09 |ERROR |http-nio-8080-exec-85 |ChainDao.java:65 |com.ouyeel.obfm.fm.dao.ChainDao |Communications link failure

The last packet sent successfully to the server was 0 milliseconds ago. The driver has not received any packets from the server.
2020-12-24 00:00:12 |ERROR |http-nio-8080-exec-30 |ChainDao.java:64 |com.ouyeel.obfm.fm.dao.ChainDao |  
--- The error occurred in mapper/ChainMapper.xml.  
--- The error occurred while executing mapped statement.  
--- Check the insertTx.  
--- Check the statement or the result map.  
--- Cause: com.mysql.jdbc.exceptions.jdbc4.CommunicationsException: Communications link failure

The last packet sent successfully to the server was 0 milliseconds ago. The driver has not received any packets from the server.
2020-12-24 00:00:12 |ERROR |http-nio-8080-exec-30 |ChainDao.java:65 |com.ouyeel.obfm.fm.dao.ChainDao |Communications link failure

The last packet sent successfully to the server was 0 milliseconds ago. The driver has not received any packets from the server.
2020-12-24 00:00:14 |ERROR |http-nio-8080-exec-82 |ChainDao.java:64 |com.ouyeel.obfm.fm.dao.ChainDao |  
--- The error occurred in mapper/ChainMapper.xml.  
--- The error occurred while executing mapped statement.  
--- Check the insertTx.  
--- Check the statement or the result map.  
--- Cause: com.mysql.jdbc.exceptions.jdbc4.CommunicationsException: Communications link failure

The last packet sent successfully to the server was 0 milliseconds ago. The driver has not received any packets from the server.
2020-12-24 00:00:14 |ERROR |http-nio-8080-exec-82 |ChainDao.java:65 |com.ouyeel.obfm.fm.dao.ChainDao |Communications link failure

The last packet sent successfully to the server was 0 milliseconds ago. The driver has not received any packets from the server.
2020-12-24 00:00:17 |ERROR |http-nio-8080-exec-80 |ChainDao.java:64 |com.ouyeel.obfm.fm.dao.ChainDao |  
--- The error occurred in mapper/ChainMapper.xml.  
--- The error occurred while executing mapped statement.  
--- Check the insertTx.  
--- Check the statement or the result map.  
--- Cause: com.mysql.jdbc.exceptions.jdbc4.CommunicationsException: Communications link failure

The last packet sent successfully to the server was 0 milliseconds ago. The driver has not received any packets from the server.
2020-12-24 00:00:17 |ERROR |http-nio-8080-exec-80 |ChainDao.java:65 |com.ouyeel.obfm.fm.dao.ChainDao |Communications link failure

The last packet sent successfully to the server was 0 milliseconds ago. The driver has not received any packets from the server.
2020-12-24 00:00:20 |ERROR |http-nio-8080-exec-83 |ChainDao.java:64 |com.ouyeel.obfm.fm.dao.ChainDao |  
--- The error occurred in mapper/ChainMapper.xml.  
--- The error occurred while executing mapped statement.  
--- Check the insertTx.  
--- Check the statement or the result map.  
--- Cause: com.mysql.jdbc.exceptions.jdbc4.CommunicationsException: Communications link failure

The last packet sent successfully to the server was 0 milliseconds ago. The driver has not received any packets from the server.
2020-12-24 00:00:20 |ERROR |http-nio-8080-exec-83 |ChainDao.java:65 |com.ouyeel.obfm.fm.dao.ChainDao |Communications link failure

The last packet sent successfully to the server was 0 milliseconds ago. The driver has not received any packets from the server.
2020-12-24 00:00:22 |ERROR |http-nio-8080-exec-59 |ChainDao.java:64 |com.ouyeel.obfm.fm.dao.ChainDao |  
--- The error occurred in mapper/ChainMapper.xml.  
--- The error occurred while executing mapped statement.  
--- Check the insertTx.  
--- Check the statement or the result map.  
--- Cause: com.mysql.jdbc.exceptions.jdbc4.CommunicationsException: Communications link failure

The last packet sent successfully to the server was 0 milliseconds ago. The driver has not received any packets from the server.
2020-12-24 00:00:22 |ERROR |http-nio-8080-exec-59 |ChainDao.java:65 |com.ouyeel.obfm.fm.dao.ChainDao |Communications link failure

The last packet sent successfully to the server was 0 milliseconds ago. The driver has not received any packets from the server.
2020-12-24 00:00:25 |ERROR |http-nio-8080-exec-77 |ChainDao.java:64 |com.ouyeel.obfm.fm.dao.ChainDao |  
--- The error occurred in mapper/ChainMapper.xml.  
--- The error occurred while executing mapped statement.  
--- Check the insertTx.  
--- Check the statement or the result map.  
--- Cause: com.mysql.jdbc.exceptions.jdbc4.CommunicationsException: Communications link failure

The last packet sent successfully to the server was 0 milliseconds ago. The driver has not received any packets from the server.
2020-12-24 00:00:25 |ERROR |http-nio-8080-exec-77 |ChainDao.java:65 |com.ouyeel.obfm.fm.dao.ChainDao |Communications link failure

The last packet sent successfully to the server was 0 milliseconds ago. The driver has not received any packets from the server.
2020-12-24 00:00:28 |ERROR |http-nio-8080-exec-58 |ChainDao.java:64 |com.ouyeel.obfm.fm.dao.ChainDao |  
--- The error occurred in mapper/ChainMapper.xml.  
--- The error occurred while executing mapped statement.  
--- Check the insertTx.  
--- Check the statement or the result map.  
--- Cause: com.mysql.jdbc.exceptions.jdbc4.CommunicationsException: Communications link failure

The last packet sent successfully to the server was 0 milliseconds ago. The driver has not received any packets from the server.
2020-12-24 00:00:28 |ERROR |http-nio-8080-exec-58 |ChainDao.java:65 |com.ouyeel.obfm.fm.dao.ChainDao |Communications link failure

The last packet sent successfully to the server was 0 milliseconds ago. The driver has not received any packets from the server.
2020-12-24 00:00:31 |ERROR |http-nio-8080-exec-63 |ChainDao.java:64 |com.ouyeel.obfm.fm.dao.ChainDao |  
--- The error occurred in mapper/ChainMapper.xml.  
--- The error occurred while executing mapped statement.  
--- Check the insertTx.  
--- Check the statement or the result map.  
--- Cause: com.mysql.jdbc.exceptions.jdbc4.CommunicationsException: Communications link failure

The last packet sent successfully to the server was 0 milliseconds ago. The driver has not received any packets from the server.
2020-12-24 00:00:31 |ERROR |http-nio-8080-exec-63 |ChainDao.java:65 |com.ouyeel.obfm.fm.dao.ChainDao |Communications link failure

The last packet sent successfully to the server was 0 milliseconds ago. The driver has not received any packets from the server.
2020-12-24 00:00:33 |ERROR |pool-1-thread-4 |ChainDao.java:151 |com.ouyeel.obfm.fm.dao.ChainDao |Communications link failure

The last packet sent successfully to the server was 0 milliseconds ago. The driver has not received any packets from the server.
2020-12-24 00:00:36 |ERROR |http-nio-8080-exec-44 |ChainDao.java:64 |com.ouyeel.obfm.fm.dao.ChainDao |  
--- The error occurred in mapper/ChainMapper.xml.  
--- The error occurred while executing mapped statement.  
--- Check the insertTx.  
--- Check the statement or the result map.  
--- Cause: com.mysql.jdbc.exceptions.jdbc4.CommunicationsException: Communications link failure

The last packet sent successfully to the server was 0 milliseconds ago. The driver has not received any packets from the server.
2020-12-24 00:00:36 |ERROR |http-nio-8080-exec-44 |ChainDao.java:65 |com.ouyeel.obfm.fm.dao.ChainDao |Communications link failure

The last packet sent successfully to the server was 0 milliseconds ago. The driver has not received any packets from the server.
2020-12-24 00:00:38 |ERROR |pool-1-thread-4 |ChainDao.java:151 |com.ouyeel.obfm.fm.dao.ChainDao |Communications link failure

The last packet sent successfully to the server was 0 milliseconds ago. The driver has not received any packets from the server.
2020-12-24 00:00:41 |ERROR |pool-1-thread-2 |ChainDao.java:151 |com.ouyeel.obfm.fm.dao.ChainDao |Communications link failure

The last packet sent successfully to the server was 0 milliseconds ago. The driver has not received any packets from the server.
2020-12-24 00:00:50 |ERROR |http-nio-8080-exec-19 |ChainDao.java:64 |com.ouyeel.obfm.fm.dao.ChainDao |  
--- The error occurred in mapper/ChainMapper.xml.  
--- The error occurred while executing mapped statement.  
--- Check the insertTx.  
--- Check the statement or the result map.  
--- Cause: com.mysql.jdbc.exceptions.jdbc4.CommunicationsException: Communications link failure

The last packet sent successfully to the server was 0 milliseconds ago. The driver has not received any packets from the server.
2020-12-24 00:00:50 |ERROR |http-nio-8080-exec-19 |ChainDao.java:65 |com.ouyeel.obfm.fm.dao.ChainDao |Communications link failure

The last packet sent successfully to the server was 0 milliseconds ago. The driver has not received any packets from the server.
2020-12-24 00:00:52 |ERROR |pool-1-thread-5 |ChainDao.java:151 |com.ouyeel.obfm.fm.dao.ChainDao |Communications link failure

The last packet sent successfully to the server was 0 milliseconds ago. The driver has not received any packets from the server.
2020-12-24 00:00:54 |ERROR |pool-1-thread-2 |ChainDao.java:151 |com.ouyeel.obfm.fm.dao.ChainDao |Communications link failure

The last packet sent successfully to the server was 0 milliseconds ago. The driver has not received any packets from the server.
2020-12-24 00:00:56 |ERROR |pool-1-thread-5 |ChainDao.java:151 |com.ouyeel.obfm.fm.dao.ChainDao |Communications link failure

The last packet sent successfully to the server was 0 milliseconds ago. The driver has not received any packets from the server.
2020-12-24 00:00:58 |ERROR |pool-1-thread-1 |ChainDao.java:151 |com.ouyeel.obfm.fm.dao.ChainDao |Communications link failure

The last packet sent successfully to the server was 0 milliseconds ago. The driver has not received any packets from the server.
2020-12-24 00:01:00 |ERROR |http-nio-8080-exec-85 |ChainDao.java:64 |com.ouyeel.obfm.fm.dao.ChainDao |  
--- The error occurred in mapper/ChainMapper.xml.  
--- The error occurred while executing mapped statement.  
--- Check the insertTx.  
--- Check the statement or the result map.  
--- Cause: com.mysql.jdbc.exceptions.jdbc4.CommunicationsException: Communications link failure

The last packet sent successfully to the server was 0 milliseconds ago. The driver has not received any packets from the server.
2020-12-24 00:01:00 |ERROR |http-nio-8080-exec-85 |ChainDao.java:65 |com.ouyeel.obfm.fm.dao.ChainDao |Communications link failure

The last packet sent successfully to the server was 0 milliseconds ago. The driver has not received any packets from the server.
2020-12-24 00:01:02 |ERROR |pool-1-thread-1 |ChainDao.java:151 |com.ouyeel.obfm.fm.dao.ChainDao |Communications link failure

The last packet sent successfully to the server was 0 milliseconds ago. The driver has not received any packets from the server.
2020-12-24 00:01:04 |ERROR |pool-1-thread-4 |ChainDao.java:151 |com.ouyeel.obfm.fm.dao.ChainDao |Communications link failure

The last packet sent successfully to the server was 0 milliseconds ago. The driver has not received any packets from the server.
2020-12-24 00:01:06 |ERROR |pool-1-thread-3 |ChainDao.java:151 |com.ouyeel.obfm.fm.dao.ChainDao |Communications link failure

The last packet sent successfully to the server was 0 milliseconds ago. The driver has not received any packets from the server.
2020-12-24 00:01:08 |ERROR |http-nio-8080-exec-86 |ChainDao.java:64 |com.ouyeel.obfm.fm.dao.ChainDao |  
--- The error occurred in mapper/ChainMapper.xml.  
--- The error occurred while executing mapped statement.  
--- Check the insertTx.  
--- Check the statement or the result map.  
--- Cause: com.mysql.jdbc.exceptions.jdbc4.CommunicationsException: Communications link failure

The last packet sent successfully to the server was 0 milliseconds ago. The driver has not received any packets from the server.
2020-12-24 00:01:08 |ERROR |http-nio-8080-exec-86 |ChainDao.java:65 |com.ouyeel.obfm.fm.dao.ChainDao |Communications link failure

The last packet sent successfully to the server was 0 milliseconds ago. The driver has not received any packets from the server.
2020-12-24 00:01:10 |ERROR |pool-1-thread-3 |ChainDao.java:151 |com.ouyeel.obfm.fm.dao.ChainDao |Communications link failure

The last packet sent successfully to the server was 0 milliseconds ago. The driver has not received any packets from the server.
2020-12-24 00:01:12 |ERROR |pool-1-thread-2 |ChainDao.java:151 |com.ouyeel.obfm.fm.dao.ChainDao |Communications link failure

The last packet sent successfully to the server was 0 milliseconds ago. The driver has not received any packets from the server.
2020-12-24 00:01:14 |ERROR |http-nio-8080-exec-83 |ChainDao.java:64 |com.ouyeel.obfm.fm.dao.ChainDao |  
--- The error occurred in mapper/ChainMapper.xml.  
--- The error occurred while executing mapped statement.  
--- Check the insertTx.  
--- Check the statement or the result map.  
--- Cause: com.mysql.jdbc.exceptions.jdbc4.CommunicationsException: Communications link failure

The last packet sent successfully to the server was 0 milliseconds ago. The driver has not received any packets from the server.
2020-12-24 00:01:14 |ERROR |http-nio-8080-exec-83 |ChainDao.java:65 |com.ouyeel.obfm.fm.dao.ChainDao |Communications link failure

The last packet sent successfully to the server was 0 milliseconds ago. The driver has not received any packets from the server.
2020-12-24 00:01:16 |ERROR |pool-1-thread-5 |ChainDao.java:151 |com.ouyeel.obfm.fm.dao.ChainDao |Communications link failure

The last packet sent successfully to the server was 0 milliseconds ago. The driver has not received any packets from the server.
2020-12-24 00:01:18 |ERROR |http-nio-8080-exec-82 |ChainDao.java:64 |com.ouyeel.obfm.fm.dao.ChainDao |  
--- The error occurred in mapper/ChainMapper.xml.  
--- The error occurred while executing mapped statement.  
--- Check the insertTx.  
--- Check the statement or the result map.  
--- Cause: com.mysql.jdbc.exceptions.jdbc4.CommunicationsException: Communications link failure

The last packet sent successfully to the server was 0 milliseconds ago. The driver has not received any packets from the server.
2020-12-24 00:01:18 |ERROR |http-nio-8080-exec-82 |ChainDao.java:65 |com.ouyeel.obfm.fm.dao.ChainDao |Communications link failure

The last packet sent successfully to the server was 0 milliseconds ago. The driver has not received any packets from the server.
2020-12-24 00:01:20 |ERROR |pool-1-thread-1 |ChainDao.java:151 |com.ouyeel.obfm.fm.dao.ChainDao |Communications link failure

The last packet sent successfully to the server was 0 milliseconds ago. The driver has not received any packets from the server.
2020-12-24 00:01:22 |ERROR |http-nio-8080-exec-59 |ChainDao.java:64 |com.ouyeel.obfm.fm.dao.ChainDao |  
--- The error occurred in mapper/ChainMapper.xml.  
--- The error occurred while executing mapped statement.  
--- Check the insertTx.  
--- Check the statement or the result map.  
--- Cause: com.mysql.jdbc.exceptions.jdbc4.CommunicationsException: Communications link failure

The last packet sent successfully to the server was 0 milliseconds ago. The driver has not received any packets from the server.
2020-12-24 00:01:22 |ERROR |http-nio-8080-exec-59 |ChainDao.java:65 |com.ouyeel.obfm.fm.dao.ChainDao |Communications link failure

The last packet sent successfully to the server was 0 milliseconds ago. The driver has not received any packets from the server.
2020-12-24 00:01:24 |ERROR |http-nio-8080-exec-77 |ChainDao.java:64 |com.ouyeel.obfm.fm.dao.ChainDao |  
--- The error occurred in mapper/ChainMapper.xml.  
--- The error occurred while executing mapped statement.  
--- Check the insertTx.  
--- Check the statement or the result map.  
--- Cause: com.mysql.jdbc.exceptions.jdbc4.CommunicationsException: Communications link failure

The last packet sent successfully to the server was 0 milliseconds ago. The driver has not received any packets from the server.
2020-12-24 00:01:24 |ERROR |http-nio-8080-exec-77 |ChainDao.java:65 |com.ouyeel.obfm.fm.dao.ChainDao |Communications link failure

The last packet sent successfully to the server was 0 milliseconds ago. The driver has not received any packets from the server.
2020-12-24 00:01:26 |ERROR |http-nio-8080-exec-58 |ChainDao.java:64 |com.ouyeel.obfm.fm.dao.ChainDao |  
--- The error occurred in mapper/ChainMapper.xml.  
--- The error occurred while executing mapped statement.  
--- Check the insertTx.  
--- Check the statement or the result map.  
--- Cause: com.mysql.jdbc.exceptions.jdbc4.CommunicationsException: Communications link failure

The last packet sent successfully to the server was 0 milliseconds ago. The driver has not received any packets from the server.
2020-12-24 00:01:26 |ERROR |http-nio-8080-exec-58 |ChainDao.java:65 |com.ouyeel.obfm.fm.dao.ChainDao |Communications link failure

The last packet sent successfully to the server was 0 milliseconds ago. The driver has not received any packets from the server.
2020-12-24 00:01:29 |ERROR |pool-1-thread-3 |ChainDao.java:151 |com.ouyeel.obfm.fm.dao.ChainDao |Communications link failure

The last packet sent successfully to the server was 0 milliseconds ago. The driver has not received any packets from the server.
2020-12-24 00:01:31 |ERROR |http-nio-8080-exec-63 |ChainDao.java:64 |com.ouyeel.obfm.fm.dao.ChainDao |  
--- The error occurred in mapper/ChainMapper.xml.  
--- The error occurred while executing mapped statement.  
--- Check the insertTx.  
--- Check the statement or the result map.  
--- Cause: com.mysql.jdbc.exceptions.jdbc4.CommunicationsException: Communications link failure

The last packet sent successfully to the server was 0 milliseconds ago. The driver has not received any packets from the server.
2020-12-24 00:01:31 |ERROR |http-nio-8080-exec-63 |ChainDao.java:65 |com.ouyeel.obfm.fm.dao.ChainDao |Communications link failure

The last packet sent successfully to the server was 0 milliseconds ago. The driver has not received any packets from the server.
2020-12-24 00:01:33 |ERROR |http-nio-8080-exec-79 |ChainDao.java:64 |com.ouyeel.obfm.fm.dao.ChainDao |  
--- The error occurred in mapper/ChainMapper.xml.  
--- The error occurred while executing mapped statement.  
--- Check the insertTx.  
--- Check the statement or the result map.  
--- Cause: com.mysql.jdbc.exceptions.jdbc4.CommunicationsException: Communications link failure

The last packet sent successfully to the server was 0 milliseconds ago. The driver has not received any packets from the server.
2020-12-24 00:01:33 |ERROR |http-nio-8080-exec-79 |ChainDao.java:65 |com.ouyeel.obfm.fm.dao.ChainDao |Communications link failure

The last packet sent successfully to the server was 0 milliseconds ago. The driver has not received any packets from the server.
2020-12-24 00:01:35 |ERROR |http-nio-8080-exec-44 |ChainDao.java:64 |com.ouyeel.obfm.fm.dao.ChainDao |  
--- The error occurred in mapper/ChainMapper.xml.  
--- The error occurred while executing mapped statement.  
--- Check the insertTx.  
--- Check the statement or the result map.  
--- Cause: com.mysql.jdbc.exceptions.jdbc4.CommunicationsException: Communications link failure

The last packet sent successfully to the server was 0 milliseconds ago. The driver has not received any packets from the server.
2020-12-24 00:01:35 |ERROR |http-nio-8080-exec-44 |ChainDao.java:65 |com.ouyeel.obfm.fm.dao.ChainDao |Communications link failure

The last packet sent successfully to the server was 0 milliseconds ago. The driver has not received any packets from the server.
2020-12-24 00:01:37 |ERROR |http-nio-8080-exec-76 |ChainDao.java:64 |com.ouyeel.obfm.fm.dao.ChainDao |  
--- The error occurred in mapper/ChainMapper.xml.  
--- The error occurred while executing mapped statement.  
--- Check the insertTx.  
--- Check the statement or the result map.  
--- Cause: com.mysql.jdbc.exceptions.jdbc4.CommunicationsException: Communications link failure

The last packet sent successfully to the server was 0 milliseconds ago. The driver has not received any packets from the server.
2020-12-24 00:01:37 |ERROR |http-nio-8080-exec-76 |ChainDao.java:65 |com.ouyeel.obfm.fm.dao.ChainDao |Communications link failure

The last packet sent successfully to the server was 0 milliseconds ago. The driver has not received any packets from the server.
2020-12-24 00:01:39 |ERROR |http-nio-8080-exec-93 |ChainDao.java:64 |com.ouyeel.obfm.fm.dao.ChainDao |  
--- The error occurred in mapper/ChainMapper.xml.  
--- The error occurred while executing mapped statement.  
--- Check the insertTx.  
--- Check the statement or the result map.  
--- Cause: com.mysql.jdbc.exceptions.jdbc4.CommunicationsException: Communications link failure

The last packet sent successfully to the server was 0 milliseconds ago. The driver has not received any packets from the server.
2020-12-24 00:01:39 |ERROR |http-nio-8080-exec-93 |ChainDao.java:65 |com.ouyeel.obfm.fm.dao.ChainDao |Communications link failure

The last packet sent successfully to the server was 0 milliseconds ago. The driver has not received any packets from the server.
2020-12-24 00:01:41 |ERROR |http-nio-8080-exec-19 |ChainDao.java:64 |com.ouyeel.obfm.fm.dao.ChainDao |  
--- The error occurred in mapper/ChainMapper.xml.  
--- The error occurred while executing mapped statement.  
--- Check the insertTx.  
--- Check the statement or the result map.  
--- Cause: com.mysql.jdbc.exceptions.jdbc4.CommunicationsException: Communications link failure

The last packet sent successfully to the server was 0 milliseconds ago. The driver has not received any packets from the server.
2020-12-24 00:01:41 |ERROR |http-nio-8080-exec-19 |ChainDao.java:65 |com.ouyeel.obfm.fm.dao.ChainDao |Communications link failure

The last packet sent successfully to the server was 0 milliseconds ago. The driver has not received any packets from the server.
2020-12-24 00:01:43 |ERROR |http-nio-8080-exec-30 |ChainDao.java:64 |com.ouyeel.obfm.fm.dao.ChainDao |  
--- The error occurred in mapper/ChainMapper.xml.  
--- The error occurred while executing mapped statement.  
--- Check the insertTx.  
--- Check the statement or the result map.  
--- Cause: com.mysql.jdbc.exceptions.jdbc4.CommunicationsException: Communications link failure

The last packet sent successfully to the server was 0 milliseconds ago. The driver has not received any packets from the server.
2020-12-24 00:01:43 |ERROR |http-nio-8080-exec-30 |ChainDao.java:65 |com.ouyeel.obfm.fm.dao.ChainDao |Communications link failure

The last packet sent successfully to the server was 0 milliseconds ago. The driver has not received any packets from the server.
2020-12-24 00:01:45 |ERROR |http-nio-8080-exec-80 |ChainDao.java:64 |com.ouyeel.obfm.fm.dao.ChainDao |  
--- The error occurred in mapper/ChainMapper.xml.  
--- The error occurred while executing mapped statement.  
--- Check the insertTx.  
--- Check the statement or the result map.  
--- Cause: com.mysql.jdbc.exceptions.jdbc4.CommunicationsException: Communications link failure

The last packet sent successfully to the server was 0 milliseconds ago. The driver has not received any packets from the server.
2020-12-24 00:01:45 |ERROR |http-nio-8080-exec-80 |ChainDao.java:65 |com.ouyeel.obfm.fm.dao.ChainDao |Communications link failure

The last packet sent successfully to the server was 0 milliseconds ago. The driver has not received any packets from the server.
2020-12-24 00:01:47 |ERROR |http-nio-8080-exec-85 |ChainDao.java:64 |com.ouyeel.obfm.fm.dao.ChainDao |  
--- The error occurred in mapper/ChainMapper.xml.  
--- The error occurred while executing mapped statement.  
--- Check the insertTx.  
--- Check the statement or the result map.  
--- Cause: com.mysql.jdbc.exceptions.jdbc4.CommunicationsException: Communications link failure

The last packet sent successfully to the server was 0 milliseconds ago. The driver has not received any packets from the server.
2020-12-24 00:01:47 |ERROR |http-nio-8080-exec-85 |ChainDao.java:65 |com.ouyeel.obfm.fm.dao.ChainDao |Communications link failure

The last packet sent successfully to the server was 0 milliseconds ago. The driver has not received any packets from the server.
2020-12-24 00:01:49 |ERROR |http-nio-8080-exec-86 |ChainDao.java:64 |com.ouyeel.obfm.fm.dao.ChainDao |  
--- The error occurred in mapper/ChainMapper.xml.  
--- The error occurred while executing mapped statement.  
--- Check the insertTx.  
--- Check the statement or the result map.  
--- Cause: com.mysql.jdbc.exceptions.jdbc4.CommunicationsException: Communications link failure

The last packet sent successfully to the server was 0 milliseconds ago. The driver has not received any packets from the server.
2020-12-24 00:01:49 |ERROR |http-nio-8080-exec-86 |ChainDao.java:65 |com.ouyeel.obfm.fm.dao.ChainDao |Communications link failure

The last packet sent successfully to the server was 0 milliseconds ago. The driver has not received any packets from the server.
2020-12-24 00:01:51 |ERROR |http-nio-8080-exec-83 |ChainDao.java:64 |com.ouyeel.obfm.fm.dao.ChainDao |  
--- The error occurred in mapper/ChainMapper.xml.  
--- The error occurred while executing mapped statement.  
--- Check the insertTx.  
--- Check the statement or the result map.  
--- Cause: com.mysql.jdbc.exceptions.jdbc4.CommunicationsException: Communications link failure

The last packet sent successfully to the server was 0 milliseconds ago. The driver has not received any packets from the server.
2020-12-24 00:01:51 |ERROR |http-nio-8080-exec-83 |ChainDao.java:65 |com.ouyeel.obfm.fm.dao.ChainDao |Communications link failure

The last packet sent successfully to the server was 0 milliseconds ago. The driver has not received any packets from the server.
2020-12-24 00:01:53 |ERROR |http-nio-8080-exec-82 |ChainDao.java:64 |com.ouyeel.obfm.fm.dao.ChainDao |  
--- The error occurred in mapper/ChainMapper.xml.  
--- The error occurred while executing mapped statement.  
--- Check the insertTx.  
--- Check the statement or the result map.  
--- Cause: com.mysql.jdbc.exceptions.jdbc4.CommunicationsException: Communications link failure

The last packet sent successfully to the server was 0 milliseconds ago. The driver has not received any packets from the server.
2020-12-24 00:01:53 |ERROR |http-nio-8080-exec-82 |ChainDao.java:65 |com.ouyeel.obfm.fm.dao.ChainDao |Communications link failure

The last packet sent successfully to the server was 0 milliseconds ago. The driver has not received any packets from the server.
2020-12-24 00:01:56 |ERROR |http-nio-8080-exec-59 |ChainDao.java:64 |com.ouyeel.obfm.fm.dao.ChainDao |  
--- The error occurred in mapper/ChainMapper.xml.  
--- The error occurred while executing mapped statement.  
--- Check the insertTx.  
--- Check the statement or the result map.  
--- Cause: com.mysql.jdbc.exceptions.jdbc4.CommunicationsException: Communications link failure

The last packet sent successfully to the server was 0 milliseconds ago. The driver has not received any packets from the server.
2020-12-24 00:01:56 |ERROR |http-nio-8080-exec-59 |ChainDao.java:65 |com.ouyeel.obfm.fm.dao.ChainDao |Communications link failure

The last packet sent successfully to the server was 0 milliseconds ago. The driver has not received any packets from the server.
2020-12-24 00:01:59 |ERROR |http-nio-8080-exec-77 |ChainDao.java:64 |com.ouyeel.obfm.fm.dao.ChainDao |  
--- The error occurred in mapper/ChainMapper.xml.  
--- The error occurred while executing mapped statement.  
--- Check the insertTx.  
--- Check the statement or the result map.  
--- Cause: com.mysql.jdbc.exceptions.jdbc4.CommunicationsException: Communications link failure

The last packet sent successfully to the server was 0 milliseconds ago. The driver has not received any packets from the server.
2020-12-24 00:01:59 |ERROR |http-nio-8080-exec-77 |ChainDao.java:65 |com.ouyeel.obfm.fm.dao.ChainDao |Communications link failure

The last packet sent successfully to the server was 0 milliseconds ago. The driver has not received any packets from the server.
2020-12-24 00:02:01 |ERROR |http-nio-8080-exec-58 |ChainDao.java:64 |com.ouyeel.obfm.fm.dao.ChainDao |  
--- The error occurred in mapper/ChainMapper.xml.  
--- The error occurred while executing mapped statement.  
--- Check the insertTx.  
--- Check the statement or the result map.  
--- Cause: com.mysql.jdbc.exceptions.jdbc4.CommunicationsException: Communications link failure

The last packet sent successfully to the server was 0 milliseconds ago. The driver has not received any packets from the server.
2020-12-24 00:02:01 |ERROR |http-nio-8080-exec-58 |ChainDao.java:65 |com.ouyeel.obfm.fm.dao.ChainDao |Communications link failure

The last packet sent successfully to the server was 0 milliseconds ago. The driver has not received any packets from the server.
2020-12-24 00:02:04 |ERROR |http-nio-8080-exec-79 |ChainDao.java:64 |com.ouyeel.obfm.fm.dao.ChainDao |  
--- The error occurred in mapper/ChainMapper.xml.  
--- The error occurred while executing mapped statement.  
--- Check the insertTx.  
--- Check the statement or the result map.  
--- Cause: com.mysql.jdbc.exceptions.jdbc4.CommunicationsException: Communications link failure

The last packet sent successfully to the server was 0 milliseconds ago. The driver has not received any packets from the server.
2020-12-24 00:02:04 |ERROR |http-nio-8080-exec-79 |ChainDao.java:65 |com.ouyeel.obfm.fm.dao.ChainDao |Communications link failure

The last packet sent successfully to the server was 0 milliseconds ago. The driver has not received any packets from the server.
2020-12-24 00:02:07 |ERROR |http-nio-8080-exec-44 |ChainDao.java:64 |com.ouyeel.obfm.fm.dao.ChainDao |  
--- The error occurred in mapper/ChainMapper.xml.  
--- The error occurred while executing mapped statement.  
--- Check the insertTx.  
--- Check the statement or the result map.  
--- Cause: com.mysql.jdbc.exceptions.jdbc4.CommunicationsException: Communications link failure

The last packet sent successfully to the server was 0 milliseconds ago. The driver has not received any packets from the server.
2020-12-24 00:02:07 |ERROR |http-nio-8080-exec-44 |ChainDao.java:65 |com.ouyeel.obfm.fm.dao.ChainDao |Communications link failure

The last packet sent successfully to the server was 0 milliseconds ago. The driver has not received any packets from the server.
2020-12-24 00:02:09 |ERROR |pool-1-thread-4 |ChainDao.java:151 |com.ouyeel.obfm.fm.dao.ChainDao |Communications link failure

The last packet sent successfully to the server was 0 milliseconds ago. The driver has not received any packets from the server.
2020-12-24 00:02:12 |ERROR |http-nio-8080-exec-76 |ChainDao.java:64 |com.ouyeel.obfm.fm.dao.ChainDao |  
--- The error occurred in mapper/ChainMapper.xml.  
--- The error occurred while executing mapped statement.  
--- Check the insertTx.  
--- Check the statement or the result map.  
--- Cause: com.mysql.jdbc.exceptions.jdbc4.CommunicationsException: Communications link failure

The last packet sent successfully to the server was 0 milliseconds ago. The driver has not received any packets from the server.
2020-12-24 00:02:12 |ERROR |http-nio-8080-exec-76 |ChainDao.java:65 |com.ouyeel.obfm.fm.dao.ChainDao |Communications link failure

The last packet sent successfully to the server was 0 milliseconds ago. The driver has not received any packets from the server.
2020-12-24 00:02:15 |ERROR |pool-1-thread-4 |ChainDao.java:151 |com.ouyeel.obfm.fm.dao.ChainDao |Communications link failure

The last packet sent successfully to the server was 0 milliseconds ago. The driver has not received any packets from the server.
2020-12-24 00:02:18 |ERROR |pool-1-thread-2 |ChainDao.java:151 |com.ouyeel.obfm.fm.dao.ChainDao |Communications link failure

The last packet sent successfully to the server was 0 milliseconds ago. The driver has not received any packets from the server.
2020-12-24 00:02:21 |ERROR |http-nio-8080-exec-19 |ChainDao.java:64 |com.ouyeel.obfm.fm.dao.ChainDao |  
--- The error occurred in mapper/ChainMapper.xml.  
--- The error occurred while executing mapped statement.  
--- Check the insertTx.  
--- Check the statement or the result map.  
--- Cause: com.mysql.jdbc.exceptions.jdbc4.CommunicationsException: Communications link failure

The last packet sent successfully to the server was 0 milliseconds ago. The driver has not received any packets from the server.
2020-12-24 00:02:21 |ERROR |http-nio-8080-exec-19 |ChainDao.java:65 |com.ouyeel.obfm.fm.dao.ChainDao |Communications link failure

The last packet sent successfully to the server was 0 milliseconds ago. The driver has not received any packets from the server.
2020-12-24 00:02:23 |ERROR |pool-1-thread-1 |ChainDao.java:151 |com.ouyeel.obfm.fm.dao.ChainDao |Communications link failure

The last packet sent successfully to the server was 0 milliseconds ago. The driver has not received any packets from the server.
2020-12-24 00:02:26 |ERROR |pool-1-thread-2 |ChainDao.java:151 |com.ouyeel.obfm.fm.dao.ChainDao |Communications link failure

The last packet sent successfully to the server was 0 milliseconds ago. The driver has not received any packets from the server.
2020-12-24 00:02:29 |ERROR |pool-1-thread-5 |ChainDao.java:151 |com.ouyeel.obfm.fm.dao.ChainDao |Communications link failure

The last packet sent successfully to the server was 0 milliseconds ago. The driver has not received any packets from the server.
2020-12-24 00:02:32 |ERROR |pool-1-thread-3 |ChainDao.java:151 |com.ouyeel.obfm.fm.dao.ChainDao |Communications link failure

The last packet sent successfully to the server was 0 milliseconds ago. The driver has not received any packets from the server.
2020-12-24 00:02:34 |ERROR |pool-1-thread-1 |ChainDao.java:151 |com.ouyeel.obfm.fm.dao.ChainDao |Communications link failure

The last packet sent successfully to the server was 0 milliseconds ago. The driver has not received any packets from the server.
2020-12-24 00:02:37 |ERROR |http-nio-8080-exec-85 |ChainDao.java:64 |com.ouyeel.obfm.fm.dao.ChainDao |  
--- The error occurred in mapper/ChainMapper.xml.  
--- The error occurred while executing mapped statement.  
--- Check the insertTx.  
--- Check the statement or the result map.  
--- Cause: com.mysql.jdbc.exceptions.jdbc4.CommunicationsException: Communications link failure

The last packet sent successfully to the server was 0 milliseconds ago. The driver has not received any packets from the server.
2020-12-24 00:02:37 |ERROR |http-nio-8080-exec-85 |ChainDao.java:65 |com.ouyeel.obfm.fm.dao.ChainDao |Communications link failure

The last packet sent successfully to the server was 0 milliseconds ago. The driver has not received any packets from the server.
2020-12-24 00:02:39 |ERROR |pool-1-thread-3 |ChainDao.java:151 |com.ouyeel.obfm.fm.dao.ChainDao |Communications link failure

The last packet sent successfully to the server was 0 milliseconds ago. The driver has not received any packets from the server.
2020-12-24 00:02:42 |ERROR |pool-1-thread-4 |ChainDao.java:151 |com.ouyeel.obfm.fm.dao.ChainDao |Communications link failure

The last packet sent successfully to the server was 0 milliseconds ago. The driver has not received any packets from the server.
2020-12-24 00:02:44 |ERROR |pool-1-thread-5 |ChainDao.java:151 |com.ouyeel.obfm.fm.dao.ChainDao |Communications link failure

The last packet sent successfully to the server was 0 milliseconds ago. The driver has not received any packets from the server.
2020-12-24 00:02:47 |ERROR |pool-1-thread-2 |ChainDao.java:151 |com.ouyeel.obfm.fm.dao.ChainDao |Communications link failure

The last packet sent successfully to the server was 0 milliseconds ago. The driver has not received any packets from the server.
2020-12-24 00:02:49 |ERROR |http-nio-8080-exec-58 |ChainDao.java:64 |com.ouyeel.obfm.fm.dao.ChainDao |  
--- The error occurred in mapper/ChainMapper.xml.  
--- The error occurred while executing mapped statement.  
--- Check the insertTx.  
--- Check the statement or the result map.  
--- Cause: com.mysql.jdbc.exceptions.jdbc4.CommunicationsException: Communications link failure

The last packet sent successfully to the server was 0 milliseconds ago. The driver has not received any packets from the server.
2020-12-24 00:02:49 |ERROR |http-nio-8080-exec-58 |ChainDao.java:65 |com.ouyeel.obfm.fm.dao.ChainDao |Communications link failure

The last packet sent successfully to the server was 0 milliseconds ago. The driver has not received any packets from the server.
2020-12-24 00:02:52 |ERROR |http-nio-8080-exec-19 |ChainDao.java:64 |com.ouyeel.obfm.fm.dao.ChainDao |  
--- The error occurred in mapper/ChainMapper.xml.  
--- The error occurred while executing mapped statement.  
--- Check the insertTx.  
--- Check the statement or the result map.  
--- Cause: com.mysql.jdbc.exceptions.jdbc4.CommunicationsException: Communications link failure

The last packet sent successfully to the server was 0 milliseconds ago. The driver has not received any packets from the server.
2020-12-24 00:02:52 |ERROR |http-nio-8080-exec-19 |ChainDao.java:65 |com.ouyeel.obfm.fm.dao.ChainDao |Communications link failure

The last packet sent successfully to the server was 0 milliseconds ago. The driver has not received any packets from the server.
2020-12-24 00:02:55 |ERROR |pool-1-thread-1 |ChainDao.java:151 |com.ouyeel.obfm.fm.dao.ChainDao |Communications link failure

The last packet sent successfully to the server was 0 milliseconds ago. The driver has not received any packets from the server.
2020-12-24 00:02:56 |ERROR |http-nio-8080-exec-82 |ChainDao.java:64 |com.ouyeel.obfm.fm.dao.ChainDao |  
--- The error occurred in mapper/ChainMapper.xml.  
--- The error occurred while applying a parameter map.  
--- Check the insertTx-InlineParameterMap.  
--- Check the statement (update failed).  
--- Cause: java.sql.SQLException: Transaction doesn't accepted by blockchain!
2020-12-24 00:02:56 |ERROR |http-nio-8080-exec-82 |ChainDao.java:65 |com.ouyeel.obfm.fm.dao.ChainDao |Transaction doesn't accepted by blockchain!
2020-12-24 00:02:56 |ERROR |http-nio-8080-exec-77 |ChainDao.java:64 |com.ouyeel.obfm.fm.dao.ChainDao |  
--- The error occurred in mapper/ChainMapper.xml.  
--- The error occurred while applying a parameter map.  
--- Check the insertTx-InlineParameterMap.  
--- Check the statement (update failed).  
--- Cause: java.sql.SQLException: Transaction doesn't accepted by blockchain!
2020-12-24 00:02:56 |ERROR |http-nio-8080-exec-77 |ChainDao.java:65 |com.ouyeel.obfm.fm.dao.ChainDao |Transaction doesn't accepted by blockchain!
2020-12-24 00:02:56 |ERROR |http-nio-8080-exec-63 |ChainDao.java:64 |com.ouyeel.obfm.fm.dao.ChainDao |  
--- The error occurred in mapper/ChainMapper.xml.  
--- The error occurred while applying a parameter map.  
--- Check the insertTx-InlineParameterMap.  
--- Check the statement (update failed).  
--- Cause: java.sql.SQLException: Transaction doesn't accepted by blockchain!
2020-12-24 00:02:56 |ERROR |http-nio-8080-exec-63 |ChainDao.java:65 |com.ouyeel.obfm.fm.dao.ChainDao |Transaction doesn't accepted by blockchain!
2020-12-24 00:02:56 |ERROR |http-nio-8080-exec-85 |ChainDao.java:64 |com.ouyeel.obfm.fm.dao.ChainDao |  
--- The error occurred in mapper/ChainMapper.xml.  
--- The error occurred while applying a parameter map.  
--- Check the insertTx-InlineParameterMap.  
--- Check the statement (update failed).  
--- Cause: java.sql.SQLException: Transaction doesn't accepted by blockchain!
2020-12-24 00:02:56 |ERROR |http-nio-8080-exec-85 |ChainDao.java:65 |com.ouyeel.obfm.fm.dao.ChainDao |Transaction doesn't accepted by blockchain!
2020-12-24 00:02:56 |ERROR |http-nio-8080-exec-79 |ChainDao.java:64 |com.ouyeel.obfm.fm.dao.ChainDao |  
--- The error occurred in mapper/ChainMapper.xml.  
--- The error occurred while applying a parameter map.  
--- Check the insertTx-InlineParameterMap.  
--- Check the statement (update failed).  
--- Cause: java.sql.SQLException: Transaction doesn't accepted by blockchain!
2020-12-24 00:02:56 |ERROR |http-nio-8080-exec-79 |ChainDao.java:65 |com.ouyeel.obfm.fm.dao.ChainDao |Transaction doesn't accepted by blockchain!
2020-12-24 00:02:56 |ERROR |http-nio-8080-exec-44 |ChainDao.java:64 |com.ouyeel.obfm.fm.dao.ChainDao |  
--- The error occurred in mapper/ChainMapper.xml.  
--- The error occurred while applying a parameter map.  
--- Check the insertTx-InlineParameterMap.  
--- Check the statement (update failed).  
--- Cause: java.sql.SQLException: Transaction doesn't accepted by blockchain!
2020-12-24 00:02:56 |ERROR |http-nio-8080-exec-44 |ChainDao.java:65 |com.ouyeel.obfm.fm.dao.ChainDao |Transaction doesn't accepted by blockchain!
2020-12-24 00:02:56 |ERROR |http-nio-8080-exec-93 |ChainDao.java:64 |com.ouyeel.obfm.fm.dao.ChainDao |  
--- The error occurred in mapper/ChainMapper.xml.  
--- The error occurred while applying a parameter map.  
--- Check the insertTx-InlineParameterMap.  
--- Check the statement (update failed).  
--- Cause: java.sql.SQLException: Transaction doesn't accepted by blockchain!
2020-12-24 00:02:56 |ERROR |http-nio-8080-exec-93 |ChainDao.java:65 |com.ouyeel.obfm.fm.dao.ChainDao |Transaction doesn't accepted by blockchain!
2020-12-24 00:02:56 |ERROR |http-nio-8080-exec-76 |ChainDao.java:64 |com.ouyeel.obfm.fm.dao.ChainDao |  
--- The error occurred in mapper/ChainMapper.xml.  
--- The error occurred while applying a parameter map.  
--- Check the insertTx-InlineParameterMap.  
--- Check the statement (update failed).  
--- Cause: java.sql.SQLException: Transaction doesn't accepted by blockchain!
2020-12-24 00:02:56 |ERROR |http-nio-8080-exec-76 |ChainDao.java:65 |com.ouyeel.obfm.fm.dao.ChainDao |Transaction doesn't accepted by blockchain!
2020-12-24 00:02:56 |ERROR |http-nio-8080-exec-30 |ChainDao.java:64 |com.ouyeel.obfm.fm.dao.ChainDao |  
--- The error occurred in mapper/ChainMapper.xml.  
--- The error occurred while applying a parameter map.  
--- Check the insertTx-InlineParameterMap.  
--- Check the statement (update failed).  
--- Cause: java.sql.SQLException: Transaction doesn't accepted by blockchain!
2020-12-24 00:02:56 |ERROR |http-nio-8080-exec-30 |ChainDao.java:65 |com.ouyeel.obfm.fm.dao.ChainDao |Transaction doesn't accepted by blockchain!
2020-12-24 00:02:56 |ERROR |http-nio-8080-exec-80 |ChainDao.java:64 |com.ouyeel.obfm.fm.dao.ChainDao |  
--- The error occurred in mapper/ChainMapper.xml.  
--- The error occurred while applying a parameter map.  
--- Check the insertTx-InlineParameterMap.  
--- Check the statement (update failed).  
--- Cause: java.sql.SQLException: Transaction doesn't accepted by blockchain!
2020-12-24 00:02:56 |ERROR |http-nio-8080-exec-80 |ChainDao.java:65 |com.ouyeel.obfm.fm.dao.ChainDao |Transaction doesn't accepted by blockchain!
2020-12-24 00:02:56 |ERROR |http-nio-8080-exec-58 |ChainDao.java:64 |com.ouyeel.obfm.fm.dao.ChainDao |  
--- The error occurred in mapper/ChainMapper.xml.  
--- The error occurred while applying a parameter map.  
--- Check the insertTx-InlineParameterMap.  
--- Check the statement (update failed).  
--- Cause: java.sql.SQLException: Transaction doesn't accepted by blockchain!
2020-12-24 00:02:56 |ERROR |http-nio-8080-exec-58 |ChainDao.java:65 |com.ouyeel.obfm.fm.dao.ChainDao |Transaction doesn't accepted by blockchain!
2020-12-24 00:02:56 |ERROR |http-nio-8080-exec-86 |ChainDao.java:64 |com.ouyeel.obfm.fm.dao.ChainDao |  
--- The error occurred in mapper/ChainMapper.xml.  
--- The error occurred while applying a parameter map.  
--- Check the insertTx-InlineParameterMap.  
--- Check the statement (update failed).  
--- Cause: java.sql.SQLException: Transaction doesn't accepted by blockchain!
2020-12-24 00:02:56 |ERROR |http-nio-8080-exec-86 |ChainDao.java:65 |com.ouyeel.obfm.fm.dao.ChainDao |Transaction doesn't accepted by blockchain!
2020-12-24 00:02:56 |ERROR |http-nio-8080-exec-83 |ChainDao.java:64 |com.ouyeel.obfm.fm.dao.ChainDao |  
--- The error occurred in mapper/ChainMapper.xml.  
--- The error occurred while applying a parameter map.  
--- Check the insertTx-InlineParameterMap.  
--- Check the statement (update failed).  
--- Cause: java.sql.SQLException: Transaction doesn't accepted by blockchain!
2020-12-24 00:02:56 |ERROR |http-nio-8080-exec-83 |ChainDao.java:65 |com.ouyeel.obfm.fm.dao.ChainDao |Transaction doesn't accepted by blockchain!
2020-12-24 00:02:56 |ERROR |http-nio-8080-exec-19 |ChainDao.java:64 |com.ouyeel.obfm.fm.dao.ChainDao |  
--- The error occurred in mapper/ChainMapper.xml.  
--- The error occurred while applying a parameter map.  
--- Check the insertTx-InlineParameterMap.  
--- Check the statement (update failed).  
--- Cause: java.sql.SQLException: Transaction doesn't accepted by blockchain!
2020-12-24 00:02:56 |ERROR |http-nio-8080-exec-19 |ChainDao.java:65 |com.ouyeel.obfm.fm.dao.ChainDao |Transaction doesn't accepted by blockchain!
2020-12-24 00:02:56 |ERROR |http-nio-8080-exec-82 |ChainDao.java:64 |com.ouyeel.obfm.fm.dao.ChainDao |  
--- The error occurred in mapper/ChainMapper.xml.  
--- The error occurred while applying a parameter map.  
--- Check the insertTx-InlineParameterMap.  
--- Check the statement (update failed).  
--- Cause: java.sql.SQLException: Transaction doesn't accepted by blockchain!
2020-12-24 00:02:56 |ERROR |http-nio-8080-exec-82 |ChainDao.java:65 |com.ouyeel.obfm.fm.dao.ChainDao |Transaction doesn't accepted by blockchain!
2020-12-24 00:02:56 |ERROR |http-nio-8080-exec-77 |ChainDao.java:64 |com.ouyeel.obfm.fm.dao.ChainDao |  
--- The error occurred in mapper/ChainMapper.xml.  
--- The error occurred while applying a parameter map.  
--- Check the insertTx-InlineParameterMap.  
--- Check the statement (update failed).  
--- Cause: java.sql.SQLException: Transaction doesn't accepted by blockchain!
2020-12-24 00:02:56 |ERROR |http-nio-8080-exec-77 |ChainDao.java:65 |com.ouyeel.obfm.fm.dao.ChainDao |Transaction doesn't accepted by blockchain!
2020-12-24 00:02:56 |ERROR |http-nio-8080-exec-63 |ChainDao.java:64 |com.ouyeel.obfm.fm.dao.ChainDao |  
--- The error occurred in mapper/ChainMapper.xml.  
--- The error occurred while applying a parameter map.  
--- Check the insertTx-InlineParameterMap.  
--- Check the statement (update failed).  
--- Cause: java.sql.SQLException: Transaction doesn't accepted by blockchain!
2020-12-24 00:02:56 |ERROR |http-nio-8080-exec-63 |ChainDao.java:65 |com.ouyeel.obfm.fm.dao.ChainDao |Transaction doesn't accepted by blockchain!
2020-12-24 00:02:56 |ERROR |http-nio-8080-exec-85 |ChainDao.java:64 |com.ouyeel.obfm.fm.dao.ChainDao |  
--- The error occurred in mapper/ChainMapper.xml.  
--- The error occurred while applying a parameter map.  
--- Check the insertTx-InlineParameterMap.  
--- Check the statement (update failed).  
--- Cause: java.sql.SQLException: Transaction doesn't accepted by blockchain!
2020-12-24 00:02:56 |ERROR |http-nio-8080-exec-85 |ChainDao.java:65 |com.ouyeel.obfm.fm.dao.ChainDao |Transaction doesn't accepted by blockchain!
2020-12-24 00:02:57 |ERROR |http-nio-8080-exec-79 |ChainDao.java:64 |com.ouyeel.obfm.fm.dao.ChainDao |  
--- The error occurred in mapper/ChainMapper.xml.  
--- The error occurred while applying a parameter map.  
--- Check the insertTx-InlineParameterMap.  
--- Check the statement (update failed).  
--- Cause: java.sql.SQLException: Transaction doesn't accepted by blockchain!
2020-12-24 00:02:57 |ERROR |http-nio-8080-exec-79 |ChainDao.java:65 |com.ouyeel.obfm.fm.dao.ChainDao |Transaction doesn't accepted by blockchain!
2020-12-24 00:02:57 |ERROR |http-nio-8080-exec-44 |ChainDao.java:64 |com.ouyeel.obfm.fm.dao.ChainDao |  
--- The error occurred in mapper/ChainMapper.xml.  
--- The error occurred while applying a parameter map.  
--- Check the insertTx-InlineParameterMap.  
--- Check the statement (update failed).  
--- Cause: java.sql.SQLException: Transaction doesn't accepted by blockchain!
2020-12-24 00:02:57 |ERROR |http-nio-8080-exec-44 |ChainDao.java:65 |com.ouyeel.obfm.fm.dao.ChainDao |Transaction doesn't accepted by blockchain!
2020-12-24 00:02:57 |ERROR |http-nio-8080-exec-93 |ChainDao.java:64 |com.ouyeel.obfm.fm.dao.ChainDao |  
--- The error occurred in mapper/ChainMapper.xml.  
--- The error occurred while applying a parameter map.  
--- Check the insertTx-InlineParameterMap.  
--- Check the statement (update failed).  
--- Cause: java.sql.SQLException: Transaction doesn't accepted by blockchain!
2020-12-24 00:02:57 |ERROR |http-nio-8080-exec-93 |ChainDao.java:65 |com.ouyeel.obfm.fm.dao.ChainDao |Transaction doesn't accepted by blockchain!
2020-12-24 00:02:57 |ERROR |http-nio-8080-exec-76 |ChainDao.java:64 |com.ouyeel.obfm.fm.dao.ChainDao |  
--- The error occurred in mapper/ChainMapper.xml.  
--- The error occurred while applying a parameter map.  
--- Check the insertTx-InlineParameterMap.  
--- Check the statement (update failed).  
--- Cause: java.sql.SQLException: Transaction doesn't accepted by blockchain!
2020-12-24 00:02:57 |ERROR |http-nio-8080-exec-76 |ChainDao.java:65 |com.ouyeel.obfm.fm.dao.ChainDao |Transaction doesn't accepted by blockchain!
2020-12-24 00:02:57 |ERROR |http-nio-8080-exec-30 |ChainDao.java:64 |com.ouyeel.obfm.fm.dao.ChainDao |  
--- The error occurred in mapper/ChainMapper.xml.  
--- The error occurred while applying a parameter map.  
--- Check the insertTx-InlineParameterMap.  
--- Check the statement (update failed).  
--- Cause: java.sql.SQLException: Transaction doesn't accepted by blockchain!
2020-12-24 00:02:57 |ERROR |http-nio-8080-exec-30 |ChainDao.java:65 |com.ouyeel.obfm.fm.dao.ChainDao |Transaction doesn't accepted by blockchain!
2020-12-24 00:02:57 |ERROR |http-nio-8080-exec-80 |ChainDao.java:64 |com.ouyeel.obfm.fm.dao.ChainDao |  
--- The error occurred in mapper/ChainMapper.xml.  
--- The error occurred while applying a parameter map.  
--- Check the insertTx-InlineParameterMap.  
--- Check the statement (update failed).  
--- Cause: java.sql.SQLException: Transaction doesn't accepted by blockchain!
2020-12-24 00:02:57 |ERROR |http-nio-8080-exec-80 |ChainDao.java:65 |com.ouyeel.obfm.fm.dao.ChainDao |Transaction doesn't accepted by blockchain!
2020-12-24 00:02:57 |ERROR |http-nio-8080-exec-58 |ChainDao.java:64 |com.ouyeel.obfm.fm.dao.ChainDao |  
--- The error occurred in mapper/ChainMapper.xml.  
--- The error occurred while applying a parameter map.  
--- Check the insertTx-InlineParameterMap.  
--- Check the statement (update failed).  
--- Cause: java.sql.SQLException: Transaction doesn't accepted by blockchain!
2020-12-24 00:02:57 |ERROR |http-nio-8080-exec-58 |ChainDao.java:65 |com.ouyeel.obfm.fm.dao.ChainDao |Transaction doesn't accepted by blockchain!
2020-12-24 00:02:57 |ERROR |http-nio-8080-exec-86 |ChainDao.java:64 |com.ouyeel.obfm.fm.dao.ChainDao |  
--- The error occurred in mapper/ChainMapper.xml.  
--- The error occurred while applying a parameter map.  
--- Check the insertTx-InlineParameterMap.  
--- Check the statement (update failed).  
--- Cause: java.sql.SQLException: Transaction doesn't accepted by blockchain!
2020-12-24 00:02:57 |ERROR |http-nio-8080-exec-86 |ChainDao.java:65 |com.ouyeel.obfm.fm.dao.ChainDao |Transaction doesn't accepted by blockchain!
2020-12-24 00:02:57 |ERROR |http-nio-8080-exec-83 |ChainDao.java:64 |com.ouyeel.obfm.fm.dao.ChainDao |  
--- The error occurred in mapper/ChainMapper.xml.  
--- The error occurred while applying a parameter map.  
--- Check the insertTx-InlineParameterMap.  
--- Check the statement (update failed).  
--- Cause: java.sql.SQLException: Transaction doesn't accepted by blockchain!
2020-12-24 00:02:57 |ERROR |http-nio-8080-exec-83 |ChainDao.java:65 |com.ouyeel.obfm.fm.dao.ChainDao |Transaction doesn't accepted by blockchain!
2020-12-24 00:02:57 |ERROR |http-nio-8080-exec-19 |ChainDao.java:64 |com.ouyeel.obfm.fm.dao.ChainDao |  
--- The error occurred in mapper/ChainMapper.xml.  
--- The error occurred while applying a parameter map.  
--- Check the insertTx-InlineParameterMap.  
--- Check the statement (update failed).  
--- Cause: java.sql.SQLException: Transaction doesn't accepted by blockchain!
2020-12-24 00:02:57 |ERROR |http-nio-8080-exec-19 |ChainDao.java:65 |com.ouyeel.obfm.fm.dao.ChainDao |Transaction doesn't accepted by blockchain!
2020-12-24 00:02:57 |ERROR |http-nio-8080-exec-59 |ChainDao.java:64 |com.ouyeel.obfm.fm.dao.ChainDao |  
--- The error occurred in mapper/ChainMapper.xml.  
--- The error occurred while applying a parameter map.  
--- Check the insertTx-InlineParameterMap.  
--- Check the statement (update failed).  
--- Cause: java.sql.SQLException: Transaction doesn't accepted by blockchain!
2020-12-24 00:02:57 |ERROR |http-nio-8080-exec-59 |ChainDao.java:65 |com.ouyeel.obfm.fm.dao.ChainDao |Transaction doesn't accepted by blockchain!
2020-12-24 00:02:57 |ERROR |http-nio-8080-exec-82 |ChainDao.java:64 |com.ouyeel.obfm.fm.dao.ChainDao |  
--- The error occurred in mapper/ChainMapper.xml.  
--- The error occurred while applying a parameter map.  
--- Check the insertTx-InlineParameterMap.  
--- Check the statement (update failed).  
--- Cause: java.sql.SQLException: Transaction doesn't accepted by blockchain!
2020-12-24 00:02:57 |ERROR |http-nio-8080-exec-82 |ChainDao.java:65 |com.ouyeel.obfm.fm.dao.ChainDao |Transaction doesn't accepted by blockchain!
2020-12-24 00:02:57 |ERROR |http-nio-8080-exec-77 |ChainDao.java:64 |com.ouyeel.obfm.fm.dao.ChainDao |  
--- The error occurred in mapper/ChainMapper.xml.  
--- The error occurred while applying a parameter map.  
--- Check the insertTx-InlineParameterMap.  
--- Check the statement (update failed).  
--- Cause: java.sql.SQLException: Transaction doesn't accepted by blockchain!
2020-12-24 00:02:57 |ERROR |http-nio-8080-exec-77 |ChainDao.java:65 |com.ouyeel.obfm.fm.dao.ChainDao |Transaction doesn't accepted by blockchain!
2020-12-24 00:02:57 |ERROR |http-nio-8080-exec-63 |ChainDao.java:64 |com.ouyeel.obfm.fm.dao.ChainDao |  
--- The error occurred in mapper/ChainMapper.xml.  
--- The error occurred while applying a parameter map.  
--- Check the insertTx-InlineParameterMap.  
--- Check the statement (update failed).  
--- Cause: java.sql.SQLException: Transaction doesn't accepted by blockchain!
2020-12-24 00:02:57 |ERROR |http-nio-8080-exec-63 |ChainDao.java:65 |com.ouyeel.obfm.fm.dao.ChainDao |Transaction doesn't accepted by blockchain!
2020-12-24 00:02:57 |ERROR |http-nio-8080-exec-85 |ChainDao.java:64 |com.ouyeel.obfm.fm.dao.ChainDao |  
--- The error occurred in mapper/ChainMapper.xml.  
--- The error occurred while applying a parameter map.  
--- Check the insertTx-InlineParameterMap.  
--- Check the statement (update failed).  
--- Cause: java.sql.SQLException: Transaction doesn't accepted by blockchain!
2020-12-24 00:02:57 |ERROR |http-nio-8080-exec-85 |ChainDao.java:65 |com.ouyeel.obfm.fm.dao.ChainDao |Transaction doesn't accepted by blockchain!
2020-12-24 00:02:57 |ERROR |http-nio-8080-exec-79 |ChainDao.java:64 |com.ouyeel.obfm.fm.dao.ChainDao |  
--- The error occurred in mapper/ChainMapper.xml.  
--- The error occurred while applying a parameter map.  
--- Check the insertTx-InlineParameterMap.  
--- Check the statement (update failed).  
--- Cause: java.sql.SQLException: Transaction doesn't accepted by blockchain!
2020-12-24 00:02:57 |ERROR |http-nio-8080-exec-79 |ChainDao.java:65 |com.ouyeel.obfm.fm.dao.ChainDao |Transaction doesn't accepted by blockchain!
2020-12-24 00:02:57 |ERROR |http-nio-8080-exec-44 |ChainDao.java:64 |com.ouyeel.obfm.fm.dao.ChainDao |  
--- The error occurred in mapper/ChainMapper.xml.  
--- The error occurred while applying a parameter map.  
--- Check the insertTx-InlineParameterMap.  
--- Check the statement (update failed).  
--- Cause: java.sql.SQLException: Transaction doesn't accepted by blockchain!
2020-12-24 00:02:57 |ERROR |http-nio-8080-exec-44 |ChainDao.java:65 |com.ouyeel.obfm.fm.dao.ChainDao |Transaction doesn't accepted by blockchain!
2020-12-24 00:02:58 |ERROR |http-nio-8080-exec-93 |ChainDao.java:64 |com.ouyeel.obfm.fm.dao.ChainDao |  
--- The error occurred in mapper/ChainMapper.xml.  
--- The error occurred while applying a parameter map.  
--- Check the insertTx-InlineParameterMap.  
--- Check the statement (update failed).  
--- Cause: java.sql.SQLException: Transaction doesn't accepted by blockchain!
2020-12-24 00:02:58 |ERROR |http-nio-8080-exec-93 |ChainDao.java:65 |com.ouyeel.obfm.fm.dao.ChainDao |Transaction doesn't accepted by blockchain!
2020-12-24 00:02:58 |ERROR |http-nio-8080-exec-76 |ChainDao.java:64 |com.ouyeel.obfm.fm.dao.ChainDao |  
--- The error occurred in mapper/ChainMapper.xml.  
--- The error occurred while applying a parameter map.  
--- Check the insertTx-InlineParameterMap.  
--- Check the statement (update failed).  
--- Cause: java.sql.SQLException: Transaction doesn't accepted by blockchain!
2020-12-24 00:02:58 |ERROR |http-nio-8080-exec-76 |ChainDao.java:65 |com.ouyeel.obfm.fm.dao.ChainDao |Transaction doesn't accepted by blockchain!
2020-12-24 00:02:58 |ERROR |http-nio-8080-exec-30 |ChainDao.java:64 |com.ouyeel.obfm.fm.dao.ChainDao |  
--- The error occurred in mapper/ChainMapper.xml.  
--- The error occurred while applying a parameter map.  
--- Check the insertTx-InlineParameterMap.  
--- Check the statement (update failed).  
--- Cause: java.sql.SQLException: Transaction doesn't accepted by blockchain!
2020-12-24 00:02:58 |ERROR |http-nio-8080-exec-30 |ChainDao.java:65 |com.ouyeel.obfm.fm.dao.ChainDao |Transaction doesn't accepted by blockchain!
2020-12-24 00:02:58 |ERROR |http-nio-8080-exec-80 |ChainDao.java:64 |com.ouyeel.obfm.fm.dao.ChainDao |  
--- The error occurred in mapper/ChainMapper.xml.  
--- The error occurred while applying a parameter map.  
--- Check the insertTx-InlineParameterMap.  
--- Check the statement (update failed).  
--- Cause: java.sql.SQLException: Transaction doesn't accepted by blockchain!
2020-12-24 00:02:58 |ERROR |http-nio-8080-exec-80 |ChainDao.java:65 |com.ouyeel.obfm.fm.dao.ChainDao |Transaction doesn't accepted by blockchain!
2020-12-24 00:02:58 |ERROR |http-nio-8080-exec-58 |ChainDao.java:64 |com.ouyeel.obfm.fm.dao.ChainDao |  
--- The error occurred in mapper/ChainMapper.xml.  
--- The error occurred while applying a parameter map.  
--- Check the insertTx-InlineParameterMap.  
--- Check the statement (update failed).  
--- Cause: java.sql.SQLException: Transaction doesn't accepted by blockchain!
2020-12-24 00:02:58 |ERROR |http-nio-8080-exec-58 |ChainDao.java:65 |com.ouyeel.obfm.fm.dao.ChainDao |Transaction doesn't accepted by blockchain!
2020-12-24 00:02:58 |ERROR |http-nio-8080-exec-86 |ChainDao.java:64 |com.ouyeel.obfm.fm.dao.ChainDao |  
--- The error occurred in mapper/ChainMapper.xml.  
--- The error occurred while applying a parameter map.  
--- Check the insertTx-InlineParameterMap.  
--- Check the statement (update failed).  
--- Cause: java.sql.SQLException: Transaction doesn't accepted by blockchain!
2020-12-24 00:02:58 |ERROR |http-nio-8080-exec-86 |ChainDao.java:65 |com.ouyeel.obfm.fm.dao.ChainDao |Transaction doesn't accepted by blockchain!
2020-12-24 00:02:58 |ERROR |http-nio-8080-exec-83 |ChainDao.java:64 |com.ouyeel.obfm.fm.dao.ChainDao |  
--- The error occurred in mapper/ChainMapper.xml.  
--- The error occurred while applying a parameter map.  
--- Check the insertTx-InlineParameterMap.  
--- Check the statement (update failed).  
--- Cause: java.sql.SQLException: Transaction doesn't accepted by blockchain!
2020-12-24 00:02:58 |ERROR |http-nio-8080-exec-83 |ChainDao.java:65 |com.ouyeel.obfm.fm.dao.ChainDao |Transaction doesn't accepted by blockchain!
2020-12-24 00:02:58 |ERROR |http-nio-8080-exec-19 |ChainDao.java:64 |com.ouyeel.obfm.fm.dao.ChainDao |  
--- The error occurred in mapper/ChainMapper.xml.  
--- The error occurred while applying a parameter map.  
--- Check the insertTx-InlineParameterMap.  
--- Check the statement (update failed).  
--- Cause: java.sql.SQLException: Transaction doesn't accepted by blockchain!
2020-12-24 00:02:58 |ERROR |http-nio-8080-exec-19 |ChainDao.java:65 |com.ouyeel.obfm.fm.dao.ChainDao |Transaction doesn't accepted by blockchain!
2020-12-24 00:02:58 |ERROR |http-nio-8080-exec-59 |ChainDao.java:64 |com.ouyeel.obfm.fm.dao.ChainDao |  
--- The error occurred in mapper/ChainMapper.xml.  
--- The error occurred while applying a parameter map.  
--- Check the insertTx-InlineParameterMap.  
--- Check the statement (update failed).  
--- Cause: java.sql.SQLException: Transaction doesn't accepted by blockchain!
2020-12-24 00:02:58 |ERROR |http-nio-8080-exec-59 |ChainDao.java:65 |com.ouyeel.obfm.fm.dao.ChainDao |Transaction doesn't accepted by blockchain!
2020-12-24 00:02:58 |ERROR |http-nio-8080-exec-82 |ChainDao.java:64 |com.ouyeel.obfm.fm.dao.ChainDao |  
--- The error occurred in mapper/ChainMapper.xml.  
--- The error occurred while applying a parameter map.  
--- Check the insertTx-InlineParameterMap.  
--- Check the statement (update failed).  
--- Cause: java.sql.SQLException: Transaction doesn't accepted by blockchain!
2020-12-24 00:02:58 |ERROR |http-nio-8080-exec-82 |ChainDao.java:65 |com.ouyeel.obfm.fm.dao.ChainDao |Transaction doesn't accepted by blockchain!
2020-12-24 00:02:58 |ERROR |http-nio-8080-exec-77 |ChainDao.java:64 |com.ouyeel.obfm.fm.dao.ChainDao |  
--- The error occurred in mapper/ChainMapper.xml.  
--- The error occurred while applying a parameter map.  
--- Check the insertTx-InlineParameterMap.  
--- Check the statement (update failed).  
--- Cause: java.sql.SQLException: Transaction doesn't accepted by blockchain!
2020-12-24 00:02:58 |ERROR |http-nio-8080-exec-77 |ChainDao.java:65 |com.ouyeel.obfm.fm.dao.ChainDao |Transaction doesn't accepted by blockchain!
2020-12-24 00:02:58 |ERROR |http-nio-8080-exec-63 |ChainDao.java:64 |com.ouyeel.obfm.fm.dao.ChainDao |  
--- The error occurred in mapper/ChainMapper.xml.  
--- The error occurred while applying a parameter map.  
--- Check the insertTx-InlineParameterMap.  
--- Check the statement (update failed).  
--- Cause: java.sql.SQLException: Transaction doesn't accepted by blockchain!
2020-12-24 00:02:58 |ERROR |http-nio-8080-exec-63 |ChainDao.java:65 |com.ouyeel.obfm.fm.dao.ChainDao |Transaction doesn't accepted by blockchain!
