2020-12-16 21:18:01 |INFO  |main |StartupInfoLogger.java:50 |com.ouyeel.obfm.RpcApplication |Starting RpcApplication on L with PID 28236 (C:\z\coding\IdeaProjects\ouyeel-bc\rpc\target\classes started by z in C:\z\coding\IdeaProjects\ouyeel-bc\rpc)
2020-12-16 21:18:01 |DEBUG |main |StartupInfoLogger.java:53 |com.ouyeel.obfm.RpcApplication |Running with Spring Boot v2.1.3.RELEASE, Spring v5.1.5.RELEASE
2020-12-16 21:18:01 |INFO  |main |SpringApplication.java:675 |com.ouyeel.obfm.RpcApplication |No active profile set, falling back to default profiles: default
2020-12-16 21:18:01 |DEBUG |background-preinit |ResourceBundleMessageInterpolator.java:89 |org.hibernate.validator.messageinterpolation.ResourceBundleMessageInterpolator |Loaded expression factory via original TCCL
2020-12-16 21:18:01 |DEBUG |background-preinit |ValidatorFactoryImpl.java:578 |org.hibernate.validator.internal.engine.ValidatorFactoryImpl |HV000234: Using org.hibernate.validator.messageinterpolation.ResourceBundleMessageInterpolator as ValidatorFactory-scoped message interpolator.
2020-12-16 21:18:01 |DEBUG |background-preinit |ValidatorFactoryImpl.java:579 |org.hibernate.validator.internal.engine.ValidatorFactoryImpl |HV000234: Using org.hibernate.validator.internal.engine.resolver.TraverseAllTraversableResolver as ValidatorFactory-scoped traversable resolver.
2020-12-16 21:18:01 |DEBUG |background-preinit |ValidatorFactoryImpl.java:580 |org.hibernate.validator.internal.engine.ValidatorFactoryImpl |HV000234: Using org.hibernate.validator.internal.util.ExecutableParameterNameProvider as ValidatorFactory-scoped parameter name provider.
2020-12-16 21:18:01 |DEBUG |background-preinit |ValidatorFactoryImpl.java:581 |org.hibernate.validator.internal.engine.ValidatorFactoryImpl |HV000234: Using org.hibernate.validator.internal.engine.DefaultClockProvider as ValidatorFactory-scoped clock provider.
2020-12-16 21:18:01 |DEBUG |background-preinit |ValidatorFactoryImpl.java:582 |org.hibernate.validator.internal.engine.ValidatorFactoryImpl |HV000234: Using org.hibernate.validator.internal.engine.scripting.DefaultScriptEvaluatorFactory as ValidatorFactory-scoped script evaluator factory.
2020-12-16 21:18:02 |INFO  |main |TomcatWebServer.java:90 |org.springframework.boot.web.embedded.tomcat.TomcatWebServer |Tomcat initialized with port(s): 8080 (http)
2020-12-16 21:18:02 |INFO  |main |DirectJDKLog.java:173 |org.apache.coyote.http11.Http11NioProtocol |Initializing ProtocolHandler ["http-nio-8080"]
2020-12-16 21:18:02 |INFO  |main |DirectJDKLog.java:173 |org.apache.catalina.core.StandardService |Starting service [Tomcat]
2020-12-16 21:18:02 |INFO  |main |DirectJDKLog.java:173 |org.apache.catalina.core.StandardEngine |Starting Servlet engine: [Apache Tomcat/9.0.16]
2020-12-16 21:18:02 |INFO  |main |DirectJDKLog.java:173 |org.apache.catalina.core.AprLifecycleListener |The APR based Apache Tomcat Native library which allows optimal performance in production environments was not found on the java.library.path: [C:\z\bin\Java\jdk1.8.0_261\bin;C:\Windows\Sun\Java\bin;C:\Windows\system32;C:\Windows;C:\Windows\system32;C:\Windows;C:\Windows\System32\Wbem;C:\Windows\System32\WindowsPowerShell\v1.0\;C:\Windows\System32\OpenSSH\;C:\Program Files (x86)\NVIDIA Corporation\PhysX\Common;C:\Program Files\NVIDIA Corporation\NVIDIA NvDLISR;C:\Program Files\Microsoft VS Code\bin;C:\Program Files\Docker\Docker\resources\bin;C:\ProgramData\DockerDesktop\version-bin;C:\Program Files (x86)\dotnet\;C:\Users\z\AppData\Local\Programs\Python\Python39\Scripts\;C:\Users\z\AppData\Local\Programs\Python\Python39\;C:\Users\z\.cargo\bin;C:\Users\z\AppData\Local\Microsoft\WindowsApps;C:\z\bin\Java\jdk1.8.0_261\bin;C:\Users\z\AppData\Local\JetBrains\IntelliJ IDEA 2020.2.3\bin;;C:\Program Files\Bandizip\;C:\z\bin\mysql-5.7.31-winx64\bin;C:\Users\z\AppData\Local\hyper\app-3.0.2\resources\bin;C:\z\bin\apache-maven-3.6.3\bin;C:\users\z\appdata\local\programs\python\python37\Scripts;;.]
2020-12-16 21:18:02 |INFO  |main |DirectJDKLog.java:173 |org.apache.catalina.core.ContainerBase.[Tomcat].[localhost].[/] |Initializing Spring embedded WebApplicationContext
2020-12-16 21:18:02 |INFO  |main |ServletWebServerApplicationContext.java:296 |org.springframework.web.context.ContextLoader |Root WebApplicationContext: initialization completed in 916 ms
2020-12-16 21:18:02 |DEBUG |main |TraversableResolvers.java:60 |org.hibernate.validator.internal.engine.resolver.TraversableResolvers |Cannot find javax.persistence.Persistence on classpath. Assuming non JPA 2 environment. All properties will per default be traversable.
2020-12-16 21:18:02 |DEBUG |main |ResourceBundleMessageInterpolator.java:89 |org.hibernate.validator.messageinterpolation.ResourceBundleMessageInterpolator |Loaded expression factory via original TCCL
2020-12-16 21:18:02 |DEBUG |main |TraversableResolvers.java:60 |org.hibernate.validator.internal.engine.resolver.TraversableResolvers |Cannot find javax.persistence.Persistence on classpath. Assuming non JPA 2 environment. All properties will per default be traversable.
2020-12-16 21:18:02 |DEBUG |main |ConfigurationImpl.java:148 |org.hibernate.validator.internal.engine.ConfigurationImpl |Setting custom MessageInterpolator of type org.springframework.validation.beanvalidation.LocaleContextMessageInterpolator
2020-12-16 21:18:02 |DEBUG |main |ConfigurationImpl.java:180 |org.hibernate.validator.internal.engine.ConfigurationImpl |Setting custom ConstraintValidatorFactory of type org.springframework.validation.beanvalidation.SpringConstraintValidatorFactory
2020-12-16 21:18:02 |DEBUG |main |ConfigurationImpl.java:194 |org.hibernate.validator.internal.engine.ConfigurationImpl |Setting custom ParameterNameProvider of type org.springframework.validation.beanvalidation.LocalValidatorFactoryBean$1
2020-12-16 21:18:02 |DEBUG |main |ValidationXmlParser.java:120 |org.hibernate.validator.internal.xml.config.ValidationXmlParser |Trying to load META-INF/validation.xml for XML based Validator configuration.
2020-12-16 21:18:02 |DEBUG |main |ResourceLoaderHelper.java:53 |org.hibernate.validator.internal.xml.config.ResourceLoaderHelper |Trying to load META-INF/validation.xml via user class loader
2020-12-16 21:18:02 |DEBUG |main |ResourceLoaderHelper.java:60 |org.hibernate.validator.internal.xml.config.ResourceLoaderHelper |Trying to load META-INF/validation.xml via TCCL
2020-12-16 21:18:02 |DEBUG |main |ResourceLoaderHelper.java:66 |org.hibernate.validator.internal.xml.config.ResourceLoaderHelper |Trying to load META-INF/validation.xml via Hibernate Validator's class loader
2020-12-16 21:18:02 |DEBUG |main |ValidationXmlParser.java:127 |org.hibernate.validator.internal.xml.config.ValidationXmlParser |No META-INF/validation.xml found. Using annotation based configuration only.
2020-12-16 21:18:02 |DEBUG |main |ValidatorFactoryImpl.java:578 |org.hibernate.validator.internal.engine.ValidatorFactoryImpl |HV000234: Using org.springframework.validation.beanvalidation.LocaleContextMessageInterpolator as ValidatorFactory-scoped message interpolator.
2020-12-16 21:18:02 |DEBUG |main |ValidatorFactoryImpl.java:579 |org.hibernate.validator.internal.engine.ValidatorFactoryImpl |HV000234: Using org.hibernate.validator.internal.engine.resolver.TraverseAllTraversableResolver as ValidatorFactory-scoped traversable resolver.
2020-12-16 21:18:02 |DEBUG |main |ValidatorFactoryImpl.java:580 |org.hibernate.validator.internal.engine.ValidatorFactoryImpl |HV000234: Using org.hibernate.validator.internal.util.ExecutableParameterNameProvider as ValidatorFactory-scoped parameter name provider.
2020-12-16 21:18:02 |DEBUG |main |ValidatorFactoryImpl.java:581 |org.hibernate.validator.internal.engine.ValidatorFactoryImpl |HV000234: Using org.hibernate.validator.internal.engine.DefaultClockProvider as ValidatorFactory-scoped clock provider.
2020-12-16 21:18:02 |DEBUG |main |ValidatorFactoryImpl.java:582 |org.hibernate.validator.internal.engine.ValidatorFactoryImpl |HV000234: Using org.hibernate.validator.internal.engine.scripting.DefaultScriptEvaluatorFactory as ValidatorFactory-scoped script evaluator factory.
2020-12-16 21:18:02 |INFO  |main |ExecutorConfigurationSupport.java:171 |org.springframework.scheduling.concurrent.ThreadPoolTaskExecutor |Initializing ExecutorService 'applicationTaskExecutor'
2020-12-16 21:18:02 |INFO  |main |DirectJDKLog.java:173 |org.apache.coyote.http11.Http11NioProtocol |Starting ProtocolHandler ["http-nio-8080"]
2020-12-16 21:18:03 |ERROR |main |DirectJDKLog.java:175 |org.apache.catalina.util.LifecycleBase |Failed to start component [Connector[HTTP/1.1-8080]]
org.apache.catalina.LifecycleException: Protocol handler start failed
	at org.apache.catalina.connector.Connector.startInternal(Connector.java:1008)
	at org.apache.catalina.util.LifecycleBase.start(LifecycleBase.java:183)
	at org.apache.catalina.core.StandardService.addConnector(StandardService.java:226)
	at org.springframework.boot.web.embedded.tomcat.TomcatWebServer.addPreviouslyRemovedConnectors(TomcatWebServer.java:259)
	at org.springframework.boot.web.embedded.tomcat.TomcatWebServer.start(TomcatWebServer.java:197)
	at org.springframework.boot.web.servlet.context.ServletWebServerApplicationContext.startWebServer(ServletWebServerApplicationContext.java:311)
	at org.springframework.boot.web.servlet.context.ServletWebServerApplicationContext.finishRefresh(ServletWebServerApplicationContext.java:164)
	at org.springframework.context.support.AbstractApplicationContext.refresh(AbstractApplicationContext.java:552)
	at org.springframework.boot.web.servlet.context.ServletWebServerApplicationContext.refresh(ServletWebServerApplicationContext.java:142)
	at org.springframework.boot.SpringApplication.refresh(SpringApplication.java:775)
	at org.springframework.boot.SpringApplication.refreshContext(SpringApplication.java:397)
	at org.springframework.boot.SpringApplication.run(SpringApplication.java:316)
	at org.springframework.boot.SpringApplication.run(SpringApplication.java:1260)
	at org.springframework.boot.SpringApplication.run(SpringApplication.java:1248)
	at com.ouyeel.obfm.RpcApplication.main(RpcApplication.java:10)
Caused by: java.net.BindException: Address already in use: bind
	at sun.nio.ch.Net.bind0(Native Method)
	at sun.nio.ch.Net.bind(Net.java:444)
	at sun.nio.ch.Net.bind(Net.java:436)
	at sun.nio.ch.ServerSocketChannelImpl.bind(ServerSocketChannelImpl.java:225)
	at sun.nio.ch.ServerSocketAdaptor.bind(ServerSocketAdaptor.java:74)
	at org.apache.tomcat.util.net.NioEndpoint.initServerSocket(NioEndpoint.java:236)
	at org.apache.tomcat.util.net.NioEndpoint.bind(NioEndpoint.java:210)
	at org.apache.tomcat.util.net.AbstractEndpoint.bindWithCleanup(AbstractEndpoint.java:1085)
	at org.apache.tomcat.util.net.AbstractEndpoint.start(AbstractEndpoint.java:1171)
	at org.apache.coyote.AbstractProtocol.start(AbstractProtocol.java:568)
	at org.apache.catalina.connector.Connector.startInternal(Connector.java:1005)
	... 14 common frames omitted
2020-12-16 21:18:03 |INFO  |main |DirectJDKLog.java:173 |org.apache.coyote.http11.Http11NioProtocol |Pausing ProtocolHandler ["http-nio-8080"]
2020-12-16 21:18:03 |INFO  |main |DirectJDKLog.java:173 |org.apache.catalina.core.StandardService |Stopping service [Tomcat]
2020-12-16 21:18:03 |WARN  |main |DirectJDKLog.java:173 |org.apache.catalina.loader.WebappClassLoaderBase |The web application [ROOT] appears to have started a thread named [Abandoned connection cleanup thread] but has failed to stop it. This is very likely to create a memory leak. Stack trace of thread:
 java.lang.Object.wait(Native Method)
 java.lang.ref.ReferenceQueue.remove(ReferenceQueue.java:144)
 com.mysql.jdbc.AbandonedConnectionCleanupThread.run(AbandonedConnectionCleanupThread.java:43)
2020-12-16 21:18:03 |INFO  |main |DirectJDKLog.java:173 |org.apache.catalina.util.LifecycleBase |The stop() method was called on component [StandardServer[-1]] after stop() had already been called. The second call will be ignored.
2020-12-16 21:18:03 |INFO  |main |DirectJDKLog.java:173 |org.apache.coyote.http11.Http11NioProtocol |Stopping ProtocolHandler ["http-nio-8080"]
2020-12-16 21:18:03 |INFO  |main |DirectJDKLog.java:173 |org.apache.coyote.http11.Http11NioProtocol |Destroying ProtocolHandler ["http-nio-8080"]
2020-12-16 21:18:03 |INFO  |main |ConditionEvaluationReportLoggingListener.java:142 |org.springframework.boot.autoconfigure.logging.ConditionEvaluationReportLoggingListener |

Error starting ApplicationContext. To display the conditions report re-run your application with 'debug' enabled.
2020-12-16 21:18:03 |ERROR |main |LoggingFailureAnalysisReporter.java:42 |org.springframework.boot.diagnostics.LoggingFailureAnalysisReporter |

***************************
APPLICATION FAILED TO START
***************************

Description:

The Tomcat connector configured to listen on port 8080 failed to start. The port may already be in use or the connector may be misconfigured.

Action:

Verify the connector's configuration, identify and stop any process that's listening on port 8080, or configure this application to listen on another port.

2020-12-16 21:18:03 |INFO  |main |ExecutorConfigurationSupport.java:208 |org.springframework.scheduling.concurrent.ThreadPoolTaskExecutor |Shutting down ExecutorService 'applicationTaskExecutor'
2020-12-16 21:18:55 |INFO  |main |StartupInfoLogger.java:50 |com.ouyeel.obfm.RpcApplication |Starting RpcApplication on L with PID 19552 (C:\z\coding\IdeaProjects\ouyeel-bc\rpc\target\classes started by z in C:\z\coding\IdeaProjects\ouyeel-bc\rpc)
2020-12-16 21:18:55 |DEBUG |main |StartupInfoLogger.java:53 |com.ouyeel.obfm.RpcApplication |Running with Spring Boot v2.1.3.RELEASE, Spring v5.1.5.RELEASE
2020-12-16 21:18:55 |INFO  |main |SpringApplication.java:675 |com.ouyeel.obfm.RpcApplication |No active profile set, falling back to default profiles: default
2020-12-16 21:18:55 |DEBUG |background-preinit |ResourceBundleMessageInterpolator.java:89 |org.hibernate.validator.messageinterpolation.ResourceBundleMessageInterpolator |Loaded expression factory via original TCCL
2020-12-16 21:18:55 |DEBUG |background-preinit |ValidatorFactoryImpl.java:578 |org.hibernate.validator.internal.engine.ValidatorFactoryImpl |HV000234: Using org.hibernate.validator.messageinterpolation.ResourceBundleMessageInterpolator as ValidatorFactory-scoped message interpolator.
2020-12-16 21:18:55 |DEBUG |background-preinit |ValidatorFactoryImpl.java:579 |org.hibernate.validator.internal.engine.ValidatorFactoryImpl |HV000234: Using org.hibernate.validator.internal.engine.resolver.TraverseAllTraversableResolver as ValidatorFactory-scoped traversable resolver.
2020-12-16 21:18:55 |DEBUG |background-preinit |ValidatorFactoryImpl.java:580 |org.hibernate.validator.internal.engine.ValidatorFactoryImpl |HV000234: Using org.hibernate.validator.internal.util.ExecutableParameterNameProvider as ValidatorFactory-scoped parameter name provider.
2020-12-16 21:18:55 |DEBUG |background-preinit |ValidatorFactoryImpl.java:581 |org.hibernate.validator.internal.engine.ValidatorFactoryImpl |HV000234: Using org.hibernate.validator.internal.engine.DefaultClockProvider as ValidatorFactory-scoped clock provider.
2020-12-16 21:18:55 |DEBUG |background-preinit |ValidatorFactoryImpl.java:582 |org.hibernate.validator.internal.engine.ValidatorFactoryImpl |HV000234: Using org.hibernate.validator.internal.engine.scripting.DefaultScriptEvaluatorFactory as ValidatorFactory-scoped script evaluator factory.
2020-12-16 21:18:56 |INFO  |main |TomcatWebServer.java:90 |org.springframework.boot.web.embedded.tomcat.TomcatWebServer |Tomcat initialized with port(s): 8080 (http)
2020-12-16 21:18:56 |INFO  |main |DirectJDKLog.java:173 |org.apache.coyote.http11.Http11NioProtocol |Initializing ProtocolHandler ["http-nio-8080"]
2020-12-16 21:18:56 |INFO  |main |DirectJDKLog.java:173 |org.apache.catalina.core.StandardService |Starting service [Tomcat]
2020-12-16 21:18:56 |INFO  |main |DirectJDKLog.java:173 |org.apache.catalina.core.StandardEngine |Starting Servlet engine: [Apache Tomcat/9.0.16]
2020-12-16 21:18:56 |INFO  |main |DirectJDKLog.java:173 |org.apache.catalina.core.AprLifecycleListener |The APR based Apache Tomcat Native library which allows optimal performance in production environments was not found on the java.library.path: [C:\z\bin\Java\jdk1.8.0_261\bin;C:\Windows\Sun\Java\bin;C:\Windows\system32;C:\Windows;C:\Windows\system32;C:\Windows;C:\Windows\System32\Wbem;C:\Windows\System32\WindowsPowerShell\v1.0\;C:\Windows\System32\OpenSSH\;C:\Program Files (x86)\NVIDIA Corporation\PhysX\Common;C:\Program Files\NVIDIA Corporation\NVIDIA NvDLISR;C:\Program Files\Microsoft VS Code\bin;C:\Program Files\Docker\Docker\resources\bin;C:\ProgramData\DockerDesktop\version-bin;C:\Program Files (x86)\dotnet\;C:\Users\z\AppData\Local\Programs\Python\Python39\Scripts\;C:\Users\z\AppData\Local\Programs\Python\Python39\;C:\Users\z\.cargo\bin;C:\Users\z\AppData\Local\Microsoft\WindowsApps;C:\z\bin\Java\jdk1.8.0_261\bin;C:\Users\z\AppData\Local\JetBrains\IntelliJ IDEA 2020.2.3\bin;;C:\Program Files\Bandizip\;C:\z\bin\mysql-5.7.31-winx64\bin;C:\Users\z\AppData\Local\hyper\app-3.0.2\resources\bin;C:\z\bin\apache-maven-3.6.3\bin;C:\users\z\appdata\local\programs\python\python37\Scripts;;.]
2020-12-16 21:18:56 |INFO  |main |DirectJDKLog.java:173 |org.apache.catalina.core.ContainerBase.[Tomcat].[localhost].[/] |Initializing Spring embedded WebApplicationContext
2020-12-16 21:18:56 |INFO  |main |ServletWebServerApplicationContext.java:296 |org.springframework.web.context.ContextLoader |Root WebApplicationContext: initialization completed in 925 ms
2020-12-16 21:18:56 |DEBUG |main |TraversableResolvers.java:60 |org.hibernate.validator.internal.engine.resolver.TraversableResolvers |Cannot find javax.persistence.Persistence on classpath. Assuming non JPA 2 environment. All properties will per default be traversable.
2020-12-16 21:18:56 |DEBUG |main |ResourceBundleMessageInterpolator.java:89 |org.hibernate.validator.messageinterpolation.ResourceBundleMessageInterpolator |Loaded expression factory via original TCCL
2020-12-16 21:18:56 |DEBUG |main |TraversableResolvers.java:60 |org.hibernate.validator.internal.engine.resolver.TraversableResolvers |Cannot find javax.persistence.Persistence on classpath. Assuming non JPA 2 environment. All properties will per default be traversable.
2020-12-16 21:18:56 |DEBUG |main |ConfigurationImpl.java:148 |org.hibernate.validator.internal.engine.ConfigurationImpl |Setting custom MessageInterpolator of type org.springframework.validation.beanvalidation.LocaleContextMessageInterpolator
2020-12-16 21:18:56 |DEBUG |main |ConfigurationImpl.java:180 |org.hibernate.validator.internal.engine.ConfigurationImpl |Setting custom ConstraintValidatorFactory of type org.springframework.validation.beanvalidation.SpringConstraintValidatorFactory
2020-12-16 21:18:56 |DEBUG |main |ConfigurationImpl.java:194 |org.hibernate.validator.internal.engine.ConfigurationImpl |Setting custom ParameterNameProvider of type org.springframework.validation.beanvalidation.LocalValidatorFactoryBean$1
2020-12-16 21:18:56 |DEBUG |main |ValidationXmlParser.java:120 |org.hibernate.validator.internal.xml.config.ValidationXmlParser |Trying to load META-INF/validation.xml for XML based Validator configuration.
2020-12-16 21:18:56 |DEBUG |main |ResourceLoaderHelper.java:53 |org.hibernate.validator.internal.xml.config.ResourceLoaderHelper |Trying to load META-INF/validation.xml via user class loader
2020-12-16 21:18:56 |DEBUG |main |ResourceLoaderHelper.java:60 |org.hibernate.validator.internal.xml.config.ResourceLoaderHelper |Trying to load META-INF/validation.xml via TCCL
2020-12-16 21:18:56 |DEBUG |main |ResourceLoaderHelper.java:66 |org.hibernate.validator.internal.xml.config.ResourceLoaderHelper |Trying to load META-INF/validation.xml via Hibernate Validator's class loader
2020-12-16 21:18:56 |DEBUG |main |ValidationXmlParser.java:127 |org.hibernate.validator.internal.xml.config.ValidationXmlParser |No META-INF/validation.xml found. Using annotation based configuration only.
2020-12-16 21:18:56 |DEBUG |main |ValidatorFactoryImpl.java:578 |org.hibernate.validator.internal.engine.ValidatorFactoryImpl |HV000234: Using org.springframework.validation.beanvalidation.LocaleContextMessageInterpolator as ValidatorFactory-scoped message interpolator.
2020-12-16 21:18:56 |DEBUG |main |ValidatorFactoryImpl.java:579 |org.hibernate.validator.internal.engine.ValidatorFactoryImpl |HV000234: Using org.hibernate.validator.internal.engine.resolver.TraverseAllTraversableResolver as ValidatorFactory-scoped traversable resolver.
2020-12-16 21:18:56 |DEBUG |main |ValidatorFactoryImpl.java:580 |org.hibernate.validator.internal.engine.ValidatorFactoryImpl |HV000234: Using org.hibernate.validator.internal.util.ExecutableParameterNameProvider as ValidatorFactory-scoped parameter name provider.
2020-12-16 21:18:56 |DEBUG |main |ValidatorFactoryImpl.java:581 |org.hibernate.validator.internal.engine.ValidatorFactoryImpl |HV000234: Using org.hibernate.validator.internal.engine.DefaultClockProvider as ValidatorFactory-scoped clock provider.
2020-12-16 21:18:56 |DEBUG |main |ValidatorFactoryImpl.java:582 |org.hibernate.validator.internal.engine.ValidatorFactoryImpl |HV000234: Using org.hibernate.validator.internal.engine.scripting.DefaultScriptEvaluatorFactory as ValidatorFactory-scoped script evaluator factory.
2020-12-16 21:18:56 |INFO  |main |ExecutorConfigurationSupport.java:171 |org.springframework.scheduling.concurrent.ThreadPoolTaskExecutor |Initializing ExecutorService 'applicationTaskExecutor'
2020-12-16 21:18:56 |INFO  |main |DirectJDKLog.java:173 |org.apache.coyote.http11.Http11NioProtocol |Starting ProtocolHandler ["http-nio-8080"]
2020-12-16 21:18:56 |INFO  |main |TomcatWebServer.java:204 |org.springframework.boot.web.embedded.tomcat.TomcatWebServer |Tomcat started on port(s): 8080 (http) with context path ''
2020-12-16 21:18:56 |INFO  |main |StartupInfoLogger.java:59 |com.ouyeel.obfm.RpcApplication |Started RpcApplication in 1.664 seconds (JVM running for 2.558)
2020-12-16 22:18:36 |INFO  |main |StartupInfoLogger.java:50 |com.ouyeel.obfm.RpcApplication |Starting RpcApplication on L with PID 24772 (C:\z\coding\IdeaProjects\ouyeel-bc\rpc\target\classes started by z in C:\z\coding\IdeaProjects\ouyeel-bc\rpc)
2020-12-16 22:18:36 |DEBUG |main |StartupInfoLogger.java:53 |com.ouyeel.obfm.RpcApplication |Running with Spring Boot v2.1.3.RELEASE, Spring v5.1.5.RELEASE
2020-12-16 22:18:36 |INFO  |main |SpringApplication.java:675 |com.ouyeel.obfm.RpcApplication |No active profile set, falling back to default profiles: default
2020-12-16 22:18:36 |DEBUG |background-preinit |ResourceBundleMessageInterpolator.java:89 |org.hibernate.validator.messageinterpolation.ResourceBundleMessageInterpolator |Loaded expression factory via original TCCL
2020-12-16 22:18:36 |DEBUG |background-preinit |ValidatorFactoryImpl.java:578 |org.hibernate.validator.internal.engine.ValidatorFactoryImpl |HV000234: Using org.hibernate.validator.messageinterpolation.ResourceBundleMessageInterpolator as ValidatorFactory-scoped message interpolator.
2020-12-16 22:18:36 |DEBUG |background-preinit |ValidatorFactoryImpl.java:579 |org.hibernate.validator.internal.engine.ValidatorFactoryImpl |HV000234: Using org.hibernate.validator.internal.engine.resolver.TraverseAllTraversableResolver as ValidatorFactory-scoped traversable resolver.
2020-12-16 22:18:36 |DEBUG |background-preinit |ValidatorFactoryImpl.java:580 |org.hibernate.validator.internal.engine.ValidatorFactoryImpl |HV000234: Using org.hibernate.validator.internal.util.ExecutableParameterNameProvider as ValidatorFactory-scoped parameter name provider.
2020-12-16 22:18:36 |DEBUG |background-preinit |ValidatorFactoryImpl.java:581 |org.hibernate.validator.internal.engine.ValidatorFactoryImpl |HV000234: Using org.hibernate.validator.internal.engine.DefaultClockProvider as ValidatorFactory-scoped clock provider.
2020-12-16 22:18:36 |DEBUG |background-preinit |ValidatorFactoryImpl.java:582 |org.hibernate.validator.internal.engine.ValidatorFactoryImpl |HV000234: Using org.hibernate.validator.internal.engine.scripting.DefaultScriptEvaluatorFactory as ValidatorFactory-scoped script evaluator factory.
2020-12-16 22:18:37 |INFO  |main |TomcatWebServer.java:90 |org.springframework.boot.web.embedded.tomcat.TomcatWebServer |Tomcat initialized with port(s): 8080 (http)
2020-12-16 22:18:37 |INFO  |main |DirectJDKLog.java:173 |org.apache.coyote.http11.Http11NioProtocol |Initializing ProtocolHandler ["http-nio-8080"]
2020-12-16 22:18:37 |INFO  |main |DirectJDKLog.java:173 |org.apache.catalina.core.StandardService |Starting service [Tomcat]
2020-12-16 22:18:37 |INFO  |main |DirectJDKLog.java:173 |org.apache.catalina.core.StandardEngine |Starting Servlet engine: [Apache Tomcat/9.0.16]
2020-12-16 22:18:37 |INFO  |main |DirectJDKLog.java:173 |org.apache.catalina.core.AprLifecycleListener |The APR based Apache Tomcat Native library which allows optimal performance in production environments was not found on the java.library.path: [C:\z\bin\Java\jdk1.8.0_261\bin;C:\Windows\Sun\Java\bin;C:\Windows\system32;C:\Windows;C:\Windows\system32;C:\Windows;C:\Windows\System32\Wbem;C:\Windows\System32\WindowsPowerShell\v1.0\;C:\Windows\System32\OpenSSH\;C:\Program Files (x86)\NVIDIA Corporation\PhysX\Common;C:\Program Files\NVIDIA Corporation\NVIDIA NvDLISR;C:\Program Files\Microsoft VS Code\bin;C:\Program Files\Docker\Docker\resources\bin;C:\ProgramData\DockerDesktop\version-bin;C:\Program Files (x86)\dotnet\;C:\Users\z\AppData\Local\Programs\Python\Python39\Scripts\;C:\Users\z\AppData\Local\Programs\Python\Python39\;C:\Users\z\.cargo\bin;C:\Users\z\AppData\Local\Microsoft\WindowsApps;C:\z\bin\Java\jdk1.8.0_261\bin;C:\Users\z\AppData\Local\JetBrains\IntelliJ IDEA 2020.2.3\bin;;C:\Program Files\Bandizip\;C:\z\bin\mysql-5.7.31-winx64\bin;C:\Users\z\AppData\Local\hyper\app-3.0.2\resources\bin;C:\z\bin\apache-maven-3.6.3\bin;C:\users\z\appdata\local\programs\python\python37\Scripts;;.]
2020-12-16 22:18:37 |INFO  |main |DirectJDKLog.java:173 |org.apache.catalina.core.ContainerBase.[Tomcat].[localhost].[/] |Initializing Spring embedded WebApplicationContext
2020-12-16 22:18:37 |INFO  |main |ServletWebServerApplicationContext.java:296 |org.springframework.web.context.ContextLoader |Root WebApplicationContext: initialization completed in 976 ms
2020-12-16 22:18:37 |DEBUG |main |TraversableResolvers.java:60 |org.hibernate.validator.internal.engine.resolver.TraversableResolvers |Cannot find javax.persistence.Persistence on classpath. Assuming non JPA 2 environment. All properties will per default be traversable.
2020-12-16 22:18:37 |DEBUG |main |ResourceBundleMessageInterpolator.java:89 |org.hibernate.validator.messageinterpolation.ResourceBundleMessageInterpolator |Loaded expression factory via original TCCL
2020-12-16 22:18:37 |DEBUG |main |TraversableResolvers.java:60 |org.hibernate.validator.internal.engine.resolver.TraversableResolvers |Cannot find javax.persistence.Persistence on classpath. Assuming non JPA 2 environment. All properties will per default be traversable.
2020-12-16 22:18:37 |DEBUG |main |ConfigurationImpl.java:148 |org.hibernate.validator.internal.engine.ConfigurationImpl |Setting custom MessageInterpolator of type org.springframework.validation.beanvalidation.LocaleContextMessageInterpolator
2020-12-16 22:18:37 |DEBUG |main |ConfigurationImpl.java:180 |org.hibernate.validator.internal.engine.ConfigurationImpl |Setting custom ConstraintValidatorFactory of type org.springframework.validation.beanvalidation.SpringConstraintValidatorFactory
2020-12-16 22:18:37 |DEBUG |main |ConfigurationImpl.java:194 |org.hibernate.validator.internal.engine.ConfigurationImpl |Setting custom ParameterNameProvider of type org.springframework.validation.beanvalidation.LocalValidatorFactoryBean$1
2020-12-16 22:18:37 |DEBUG |main |ValidationXmlParser.java:120 |org.hibernate.validator.internal.xml.config.ValidationXmlParser |Trying to load META-INF/validation.xml for XML based Validator configuration.
2020-12-16 22:18:37 |DEBUG |main |ResourceLoaderHelper.java:53 |org.hibernate.validator.internal.xml.config.ResourceLoaderHelper |Trying to load META-INF/validation.xml via user class loader
2020-12-16 22:18:37 |DEBUG |main |ResourceLoaderHelper.java:60 |org.hibernate.validator.internal.xml.config.ResourceLoaderHelper |Trying to load META-INF/validation.xml via TCCL
2020-12-16 22:18:37 |DEBUG |main |ResourceLoaderHelper.java:66 |org.hibernate.validator.internal.xml.config.ResourceLoaderHelper |Trying to load META-INF/validation.xml via Hibernate Validator's class loader
2020-12-16 22:18:37 |DEBUG |main |ValidationXmlParser.java:127 |org.hibernate.validator.internal.xml.config.ValidationXmlParser |No META-INF/validation.xml found. Using annotation based configuration only.
2020-12-16 22:18:37 |DEBUG |main |ValidatorFactoryImpl.java:578 |org.hibernate.validator.internal.engine.ValidatorFactoryImpl |HV000234: Using org.springframework.validation.beanvalidation.LocaleContextMessageInterpolator as ValidatorFactory-scoped message interpolator.
2020-12-16 22:18:37 |DEBUG |main |ValidatorFactoryImpl.java:579 |org.hibernate.validator.internal.engine.ValidatorFactoryImpl |HV000234: Using org.hibernate.validator.internal.engine.resolver.TraverseAllTraversableResolver as ValidatorFactory-scoped traversable resolver.
2020-12-16 22:18:37 |DEBUG |main |ValidatorFactoryImpl.java:580 |org.hibernate.validator.internal.engine.ValidatorFactoryImpl |HV000234: Using org.hibernate.validator.internal.util.ExecutableParameterNameProvider as ValidatorFactory-scoped parameter name provider.
2020-12-16 22:18:37 |DEBUG |main |ValidatorFactoryImpl.java:581 |org.hibernate.validator.internal.engine.ValidatorFactoryImpl |HV000234: Using org.hibernate.validator.internal.engine.DefaultClockProvider as ValidatorFactory-scoped clock provider.
2020-12-16 22:18:37 |DEBUG |main |ValidatorFactoryImpl.java:582 |org.hibernate.validator.internal.engine.ValidatorFactoryImpl |HV000234: Using org.hibernate.validator.internal.engine.scripting.DefaultScriptEvaluatorFactory as ValidatorFactory-scoped script evaluator factory.
2020-12-16 22:18:37 |INFO  |main |ExecutorConfigurationSupport.java:171 |org.springframework.scheduling.concurrent.ThreadPoolTaskExecutor |Initializing ExecutorService 'applicationTaskExecutor'
2020-12-16 22:18:37 |INFO  |main |DirectJDKLog.java:173 |org.apache.coyote.http11.Http11NioProtocol |Starting ProtocolHandler ["http-nio-8080"]
2020-12-16 22:18:37 |INFO  |main |TomcatWebServer.java:204 |org.springframework.boot.web.embedded.tomcat.TomcatWebServer |Tomcat started on port(s): 8080 (http) with context path ''
2020-12-16 22:18:37 |INFO  |main |StartupInfoLogger.java:59 |com.ouyeel.obfm.RpcApplication |Started RpcApplication in 1.711 seconds (JVM running for 2.648)
